#
# There is insufficient memory for the Java Runtime Environment to continue.
# Native memory allocation (malloc) failed to allocate 2433744 bytes. Error detail: Chunk::new
# Possible reasons:
#   The system is out of physical RAM or swap space
#   This process is running with CompressedOops enabled, and the Java Heap may be blocking the growth of the native heap
# Possible solutions:
#   Reduce memory load on the system
#   Increase physical memory or swap space
#   Check if swap backing store is full
#   Decrease Java heap size (-Xmx/-Xms)
#   Decrease number of Java threads
#   Decrease Java thread stack sizes (-Xss)
#   Set larger code cache with -XX:ReservedCodeCacheSize=
#   JVM is running with Unscaled Compressed Oops mode in which the Java heap is
#     placed in the first 4GB address space. The Java Heap base address is the
#     maximum limit for the native heap growth. Please use -XX:HeapBaseMinAddress
#     to set the Java Heap base and to place the Java Heap above 4GB virtual address.
# This output file may be truncated or incomplete.
#
#  Out of Memory Error (arena.cpp:168), pid=21992, tid=3696
#
# JRE version: OpenJDK Runtime Environment Temurin-21.0.6+7 (21.0.6+7) (build 21.0.6+7-LTS)
# Java VM: OpenJDK 64-Bit Server VM Temurin-21.0.6+7 (21.0.6+7-LTS, mixed mode, sharing, tiered, compressed oops, compressed class ptrs, parallel gc, windows-amd64)
# No core dump will be written. Minidumps are not enabled by default on client versions of Windows
#

---------------  S U M M A R Y ------------

Command Line: --add-modules=ALL-SYSTEM --add-opens=java.base/java.util=ALL-UNNAMED --add-opens=java.base/java.lang=ALL-UNNAMED --add-opens=java.base/sun.nio.fs=ALL-UNNAMED -Declipse.application=org.eclipse.jdt.ls.core.id1 -Dosgi.bundles.defaultStartLevel=4 -Declipse.product=org.eclipse.jdt.ls.core.product -Djava.import.generatesMetadataFilesAtProjectRoot=false -DDetectVMInstallationsJob.disabled=true -Dfile.encoding=utf8 -XX:+UseParallelGC -XX:GCTimeRatio=4 -XX:AdaptiveSizePolicyWeight=90 -Dsun.zip.disableMemoryMapping=true -Xmx1G -Xms100m -Xlog:disable -javaagent:c:\Users\Aditya\.cursor\extensions\redhat.java-1.40.0-win32-x64\lombok\lombok-1.18.36.jar c:\Users\Aditya\.cursor\extensions\redhat.java-1.40.0-win32-x64\server\plugins\org.eclipse.equinox.launcher_1.6.1000.v20250131-0606.jar -configuration c:\Users\Aditya\AppData\Roaming\Cursor\User\globalStorage\redhat.java\1.40.0\config_ss_win -data c:\Users\Aditya\AppData\Roaming\Cursor\User\workspaceStorage\75144affba70cc5b32179d372713c5c2\redhat.java\ss_ws --pipe=\\.\pipe\lsp-0e5af067110eeb32ef0abcaa6291edd3-sock

Host: AMD Ryzen 3 7320U with Radeon Graphics         , 8 cores, 5G,  Windows 11 , 64 bit Build 26100 (10.0.26100.3037)
Time: Sat Mar  8 19:19:58 2025 India Standard Time elapsed time: 31.425333 seconds (0d 0h 0m 31s)

---------------  T H R E A D  ---------------

Current thread (0x000001ca33e44890):  JavaThread "C2 CompilerThread0" daemon [_thread_in_native, id=3696, stack(0x00000029ee300000,0x00000029ee400000) (1024K)]


Current CompileTask:
C2:31426 5611       4       lombok.core.AST::buildWithField (21 bytes)

Stack: [0x00000029ee300000,0x00000029ee400000]
Native frames: (J=compiled Java code, j=interpreted, Vv=VM code, C=native code)
V  [jvm.dll+0x6cdee9]
V  [jvm.dll+0x8a83d1]
V  [jvm.dll+0x8aa8fe]
V  [jvm.dll+0x8aafe3]
V  [jvm.dll+0x27f706]
V  [jvm.dll+0xc500d]
V  [jvm.dll+0xc5543]
V  [jvm.dll+0x3b678c]
V  [jvm.dll+0x1e0009]
V  [jvm.dll+0x247b42]
V  [jvm.dll+0x246fcf]
V  [jvm.dll+0x1c75ee]
V  [jvm.dll+0x25685a]
V  [jvm.dll+0x254dfa]
V  [jvm.dll+0x3f0256]
V  [jvm.dll+0x851f8b]
V  [jvm.dll+0x6cc5ed]
C  [ucrtbase.dll+0x37b0]
C  [KERNEL32.DLL+0x2e8d7]
C  [ntdll.dll+0xbbf2c]


---------------  P R O C E S S  ---------------

Threads class SMR info:
_java_thread_list=0x000001ca7c56f340, length=32, elements={
0x000001ca1fa8d4b0, 0x000001ca33e38400, 0x000001ca33e396f0, 0x000001ca33e3ba40,
0x000001ca33e40660, 0x000001ca33e430c0, 0x000001ca33e43b10, 0x000001ca33e44890,
0x000001ca768cc3e0, 0x000001ca1faf2300, 0x000001ca76bbf750, 0x000001ca76a01380,
0x000001ca76c68210, 0x000001ca76c68870, 0x000001ca7b6d8830, 0x000001ca7b31eeb0,
0x000001ca7b6bc8c0, 0x000001ca76c30ed0, 0x000001ca7bc0a010, 0x000001ca7b7a4c20,
0x000001ca7b7a31e0, 0x000001ca7b7a5fd0, 0x000001ca7b7a52b0, 0x000001ca7b7a5940,
0x000001ca7b7a3870, 0x000001ca7b7a3f00, 0x000001ca7b7a4590, 0x000001ca7c196070,
0x000001ca7c1987d0, 0x000001ca7c197420, 0x000001ca7c197ab0, 0x000001ca7c198e60
}

Java Threads: ( => current thread )
  0x000001ca1fa8d4b0 JavaThread "main"                              [_thread_blocked, id=2844, stack(0x00000029ed900000,0x00000029eda00000) (1024K)]
  0x000001ca33e38400 JavaThread "Reference Handler"          daemon [_thread_blocked, id=3108, stack(0x00000029edd00000,0x00000029ede00000) (1024K)]
  0x000001ca33e396f0 JavaThread "Finalizer"                  daemon [_thread_blocked, id=22452, stack(0x00000029ede00000,0x00000029edf00000) (1024K)]
  0x000001ca33e3ba40 JavaThread "Signal Dispatcher"          daemon [_thread_blocked, id=13404, stack(0x00000029edf00000,0x00000029ee000000) (1024K)]
  0x000001ca33e40660 JavaThread "Attach Listener"            daemon [_thread_blocked, id=18280, stack(0x00000029ee000000,0x00000029ee100000) (1024K)]
  0x000001ca33e430c0 JavaThread "Service Thread"             daemon [_thread_blocked, id=9196, stack(0x00000029ee100000,0x00000029ee200000) (1024K)]
  0x000001ca33e43b10 JavaThread "Monitor Deflation Thread"   daemon [_thread_blocked, id=20864, stack(0x00000029ee200000,0x00000029ee300000) (1024K)]
=>0x000001ca33e44890 JavaThread "C2 CompilerThread0"         daemon [_thread_in_native, id=3696, stack(0x00000029ee300000,0x00000029ee400000) (1024K)]
  0x000001ca768cc3e0 JavaThread "C1 CompilerThread0"         daemon [_thread_blocked, id=19372, stack(0x00000029ee400000,0x00000029ee500000) (1024K)]
  0x000001ca1faf2300 JavaThread "Common-Cleaner"             daemon [_thread_blocked, id=12628, stack(0x00000029ee500000,0x00000029ee600000) (1024K)]
  0x000001ca76bbf750 JavaThread "Notification Thread"        daemon [_thread_blocked, id=9060, stack(0x00000029ee600000,0x00000029ee700000) (1024K)]
  0x000001ca76a01380 JavaThread "Active Thread: Equinox Container: 9da54883-0851-4614-8dbc-cddfd82e4c4b"        [_thread_blocked, id=15128, stack(0x00000029eed00000,0x00000029eee00000) (1024K)]
  0x000001ca76c68210 JavaThread "Framework Event Dispatcher: Equinox Container: 9da54883-0851-4614-8dbc-cddfd82e4c4b" daemon [_thread_blocked, id=24528, stack(0x00000029eee00000,0x00000029eef00000) (1024K)]
  0x000001ca76c68870 JavaThread "Start Level: Equinox Container: 9da54883-0851-4614-8dbc-cddfd82e4c4b" daemon [_thread_blocked, id=9364, stack(0x00000029eef00000,0x00000029ef000000) (1024K)]
  0x000001ca7b6d8830 JavaThread "SCR Component Actor"        daemon [_thread_blocked, id=18736, stack(0x00000029ef000000,0x00000029ef100000) (1024K)]
  0x000001ca7b31eeb0 JavaThread "Worker-JM"                         [_thread_blocked, id=12780, stack(0x00000029ef300000,0x00000029ef400000) (1024K)]
  0x000001ca7b6bc8c0 JavaThread "JNA Cleaner"                daemon [_thread_blocked, id=20148, stack(0x00000029ef200000,0x00000029ef300000) (1024K)]
  0x000001ca76c30ed0 JavaThread "Worker-0: Publish Diagnostics"        [_thread_in_vm, id=24356, stack(0x00000029ef400000,0x00000029ef500000) (1024K)]
  0x000001ca7bc0a010 JavaThread "Worker-1"                          [_thread_blocked, id=24444, stack(0x00000029ef500000,0x00000029ef600000) (1024K)]
  0x000001ca7b7a4c20 JavaThread "Thread-3"                   daemon [_thread_in_native, id=7144, stack(0x00000029efa00000,0x00000029efb00000) (1024K)]
  0x000001ca7b7a31e0 JavaThread "Thread-4"                   daemon [_thread_in_native, id=10264, stack(0x00000029efb00000,0x00000029efc00000) (1024K)]
  0x000001ca7b7a5fd0 JavaThread "Thread-5"                   daemon [_thread_in_native, id=8028, stack(0x00000029efc00000,0x00000029efd00000) (1024K)]
  0x000001ca7b7a52b0 JavaThread "Thread-6"                   daemon [_thread_in_native, id=24224, stack(0x00000029efd00000,0x00000029efe00000) (1024K)]
  0x000001ca7b7a5940 JavaThread "Thread-7"                   daemon [_thread_in_native, id=13380, stack(0x00000029efe00000,0x00000029eff00000) (1024K)]
  0x000001ca7b7a3870 JavaThread "Thread-8"                   daemon [_thread_in_native, id=13668, stack(0x00000029eff00000,0x00000029f0000000) (1024K)]
  0x000001ca7b7a3f00 JavaThread "Thread-9"                   daemon [_thread_in_native, id=12496, stack(0x00000029f0000000,0x00000029f0100000) (1024K)]
  0x000001ca7b7a4590 JavaThread "Thread-10"                  daemon [_thread_in_native, id=15556, stack(0x00000029f0100000,0x00000029f0200000) (1024K)]
  0x000001ca7c196070 JavaThread "Thread-11"                  daemon [_thread_in_native, id=23712, stack(0x00000029f0200000,0x00000029f0300000) (1024K)]
  0x000001ca7c1987d0 JavaThread "pool-2-thread-1"                   [_thread_blocked, id=20460, stack(0x00000029f0300000,0x00000029f0400000) (1024K)]
  0x000001ca7c197420 JavaThread "WorkspaceEventsHandler"            [_thread_blocked, id=13428, stack(0x00000029f0400000,0x00000029f0500000) (1024K)]
  0x000001ca7c197ab0 JavaThread "pool-1-thread-1"                   [_thread_blocked, id=20124, stack(0x00000029f0500000,0x00000029f0600000) (1024K)]
  0x000001ca7c198e60 JavaThread "Worker-2"                          [_thread_blocked, id=4168, stack(0x00000029f0600000,0x00000029f0700000) (1024K)]
Total: 32

Other Threads:
  0x000001ca1fb25a10 VMThread "VM Thread"                           [id=20556, stack(0x00000029edc00000,0x00000029edd00000) (1024K)]
  0x000001ca33d4ca00 WatcherThread "VM Periodic Task Thread"        [id=18452, stack(0x00000029edb00000,0x00000029edc00000) (1024K)]
  0x000001ca1faa4820 WorkerThread "GC Thread#0"                     [id=3680, stack(0x00000029eda00000,0x00000029edb00000) (1024K)]
  0x000001ca7b5e4020 WorkerThread "GC Thread#1"                     [id=22604, stack(0x00000029ee700000,0x00000029ee800000) (1024K)]
  0x000001ca7b5e43c0 WorkerThread "GC Thread#2"                     [id=19564, stack(0x00000029ee800000,0x00000029ee900000) (1024K)]
  0x000001ca76c8e260 WorkerThread "GC Thread#3"                     [id=12432, stack(0x00000029ee900000,0x00000029eea00000) (1024K)]
  0x000001ca76c8e600 WorkerThread "GC Thread#4"                     [id=13560, stack(0x00000029eea00000,0x00000029eeb00000) (1024K)]
  0x000001ca7b3cab60 WorkerThread "GC Thread#5"                     [id=6084, stack(0x00000029eeb00000,0x00000029eec00000) (1024K)]
  0x000001ca7b3caf00 WorkerThread "GC Thread#6"                     [id=22952, stack(0x00000029eec00000,0x00000029eed00000) (1024K)]
  0x000001ca7b3b3370 WorkerThread "GC Thread#7"                     [id=24208, stack(0x00000029ef100000,0x00000029ef200000) (1024K)]
Total: 10

Threads with active compile tasks:
C2 CompilerThread0  31496 5611       4       lombok.core.AST::buildWithField (21 bytes)
Total: 1

VM state: not at safepoint (normal execution)

VM Mutex/Monitor currently owned by a thread: None

Heap address: 0x00000000c0000000, size: 1024 MB, Compressed Oops mode: 32-bit

CDS archive(s) mapped at: [0x000001ca34000000-0x000001ca34ba0000-0x000001ca34ba0000), size 12189696, SharedBaseAddress: 0x000001ca34000000, ArchiveRelocationMode: 1.
Compressed class space mapped at: 0x000001ca35000000-0x000001ca75000000, reserved size: 1073741824
Narrow klass base: 0x000001ca34000000, Narrow klass shift: 0, Narrow klass range: 0x100000000

GC Precious Log:
 CardTable entry size: 512
 CPUs: 8 total, 8 available
 Memory: 5965M
 Large Page Support: Disabled
 NUMA Support: Disabled
 Compressed Oops: Enabled (32-bit)
 Alignments: Space 512K, Generation 512K, Heap 2M
 Heap Min Capacity: 100M
 Heap Initial Capacity: 100M
 Heap Max Capacity: 1G
 Pre-touch: Disabled
 Parallel Workers: 8

Heap:
 PSYoungGen      total 23040K, used 10521K [0x00000000eab00000, 0x00000000ec680000, 0x0000000100000000)
  eden space 22016K, 44% used [0x00000000eab00000,0x00000000eb494480,0x00000000ec080000)
  from space 1024K, 71% used [0x00000000ec480000,0x00000000ec538000,0x00000000ec580000)
  to   space 1024K, 0% used [0x00000000ec580000,0x00000000ec580000,0x00000000ec680000)
 ParOldGen       total 68608K, used 46417K [0x00000000c0000000, 0x00000000c4300000, 0x00000000eab00000)
  object space 68608K, 67% used [0x00000000c0000000,0x00000000c2d546f0,0x00000000c4300000)
 Metaspace       used 39254K, committed 40256K, reserved 1114112K
  class space    used 3848K, committed 4288K, reserved 1048576K

Card table byte_map: [0x000001ca1f420000,0x000001ca1f630000] _byte_map_base: 0x000001ca1ee20000

Marking Bits: (ParMarkBitMap*) 0x00007ffe02e13260
 Begin Bits: [0x000001ca31c70000, 0x000001ca32c70000)
 End Bits:   [0x000001ca32c70000, 0x000001ca33c70000)

Polling page: 0x000001ca1d8e0000

Metaspace:

Usage:
  Non-class:     34.58 MB used.
      Class:      3.76 MB used.
       Both:     38.34 MB used.

Virtual space:
  Non-class space:       64.00 MB reserved,      35.12 MB ( 55%) committed,  1 nodes.
      Class space:        1.00 GB reserved,       4.19 MB ( <1%) committed,  1 nodes.
             Both:        1.06 GB reserved,      39.31 MB (  4%) committed. 

Chunk freelists:
   Non-Class:  12.78 MB
       Class:  11.83 MB
        Both:  24.61 MB

MaxMetaspaceSize: unlimited
CompressedClassSpaceSize: 1.00 GB
Initial GC threshold: 21.00 MB
Current GC threshold: 58.38 MB
CDS: on
 - commit_granule_bytes: 65536.
 - commit_granule_words: 8192.
 - virtual_space_node_default_size: 8388608.
 - enlarge_chunks_in_place: 1.
 - use_allocation_guard: 0.


Internal statistics:

num_allocs_failed_limit: 6.
num_arena_births: 794.
num_arena_deaths: 14.
num_vsnodes_births: 2.
num_vsnodes_deaths: 0.
num_space_committed: 629.
num_space_uncommitted: 0.
num_chunks_returned_to_freelist: 20.
num_chunks_taken_from_freelist: 2433.
num_chunk_merges: 12.
num_chunk_splits: 1587.
num_chunks_enlarged: 967.
num_inconsistent_stats: 0.

CodeHeap 'non-profiled nmethods': size=120000Kb used=2862Kb max_used=2862Kb free=117137Kb
 bounds [0x000001ca2a740000, 0x000001ca2aa10000, 0x000001ca31c70000]
CodeHeap 'profiled nmethods': size=120000Kb used=11237Kb max_used=11237Kb free=108762Kb
 bounds [0x000001ca22c70000, 0x000001ca23770000, 0x000001ca2a1a0000]
CodeHeap 'non-nmethods': size=5760Kb used=1384Kb max_used=1427Kb free=4376Kb
 bounds [0x000001ca2a1a0000, 0x000001ca2a410000, 0x000001ca2a740000]
 total_blobs=5974 nmethods=5288 adapters=592
 compilation: enabled
              stopped_count=0, restarted_count=0
 full_count=0

Compilation events (20 events):
Event: 30.368 Thread 0x000001ca768cc3e0 5679       3       org.eclipse.jdt.internal.core.PackageFragment::equals (56 bytes)
Event: 30.369 Thread 0x000001ca768cc3e0 nmethod 5679 0x000001ca23758a10 code [0x000001ca23758c00, 0x000001ca237592a0]
Event: 30.369 Thread 0x000001ca768cc3e0 5685 %     3       jdk.internal.util.ArraysSupport::hashCode @ 8 (33 bytes)
Event: 30.369 Thread 0x000001ca768cc3e0 nmethod 5685% 0x000001ca23759410 code [0x000001ca237595c0, 0x000001ca23759820]
Event: 30.369 Thread 0x000001ca768cc3e0 5682       3       org.eclipse.jdt.internal.core.JavaProject$ModuleLookup::addTransitive (71 bytes)
Event: 30.370 Thread 0x000001ca768cc3e0 nmethod 5682 0x000001ca23759990 code [0x000001ca23759ba0, 0x000001ca2375a188]
Event: 30.370 Thread 0x000001ca768cc3e0 5684       3       org.eclipse.jdt.internal.compiler.classfmt.ModuleInfo$ModuleReferenceInfo::hashCode (8 bytes)
Event: 30.370 Thread 0x000001ca768cc3e0 nmethod 5684 0x000001ca2375a490 code [0x000001ca2375a640, 0x000001ca2375a7d8]
Event: 30.370 Thread 0x000001ca768cc3e0 5683   !   3       org.eclipse.jdt.internal.core.JavaProject$ModuleLookup::getModule (102 bytes)
Event: 30.372 Thread 0x000001ca768cc3e0 nmethod 5683 0x000001ca2375a890 code [0x000001ca2375ab20, 0x000001ca2375b7f8]
Event: 30.372 Thread 0x000001ca768cc3e0 5686       3       java.util.Arrays::hashCode (59 bytes)
Event: 30.372 Thread 0x000001ca768cc3e0 nmethod 5686 0x000001ca2375bc90 code [0x000001ca2375be60, 0x000001ca2375c0e8]
Event: 30.372 Thread 0x000001ca768cc3e0 5687       3       org.eclipse.jdt.internal.core.JrtPackageFragmentRoot::equals (69 bytes)
Event: 30.373 Thread 0x000001ca768cc3e0 nmethod 5687 0x000001ca2375c210 code [0x000001ca2375c420, 0x000001ca2375c9c0]
Event: 30.373 Thread 0x000001ca768cc3e0 5680       3       org.eclipse.jdt.internal.compiler.classfmt.ClassFileStruct::<init> (20 bytes)
Event: 30.373 Thread 0x000001ca768cc3e0 nmethod 5680 0x000001ca2375cb90 code [0x000001ca2375cd40, 0x000001ca2375cee0]
Event: 30.373 Thread 0x000001ca768cc3e0 5677       3       org.eclipse.jdt.internal.core.ModularClassFile::<init> (8 bytes)
Event: 30.374 Thread 0x000001ca768cc3e0 nmethod 5677 0x000001ca2375cf90 code [0x000001ca2375d160, 0x000001ca2375d598]
Event: 30.374 Thread 0x000001ca768cc3e0 5681       1       org.eclipse.jdt.internal.compiler.classfmt.ModuleInfo::requires (5 bytes)
Event: 30.374 Thread 0x000001ca768cc3e0 nmethod 5681 0x000001ca2aa0ae90 code [0x000001ca2aa0b020, 0x000001ca2aa0b0e8]

GC Heap History (20 events):
Event: 23.337 GC heap before
{Heap before GC invocations=20 (full 1):
 PSYoungGen      total 24576K, used 24320K [0x00000000eab00000, 0x00000000ecb80000, 0x0000000100000000)
  eden space 22016K, 100% used [0x00000000eab00000,0x00000000ec080000,0x00000000ec080000)
  from space 2560K, 90% used [0x00000000ec900000,0x00000000ecb40010,0x00000000ecb80000)
  to   space 2560K, 0% used [0x00000000ec680000,0x00000000ec680000,0x00000000ec900000)
 ParOldGen       total 68608K, used 37385K [0x00000000c0000000, 0x00000000c4300000, 0x00000000eab00000)
  object space 68608K, 54% used [0x00000000c0000000,0x00000000c24826c8,0x00000000c4300000)
 Metaspace       used 31638K, committed 32576K, reserved 1114112K
  class space    used 3102K, committed 3520K, reserved 1048576K
}
Event: 23.343 GC heap after
{Heap after GC invocations=20 (full 1):
 PSYoungGen      total 24576K, used 2052K [0x00000000eab00000, 0x00000000ec980000, 0x0000000100000000)
  eden space 22016K, 0% used [0x00000000eab00000,0x00000000eab00000,0x00000000ec080000)
  from space 2560K, 80% used [0x00000000ec680000,0x00000000ec881000,0x00000000ec900000)
  to   space 512K, 0% used [0x00000000ec900000,0x00000000ec900000,0x00000000ec980000)
 ParOldGen       total 68608K, used 39568K [0x00000000c0000000, 0x00000000c4300000, 0x00000000eab00000)
  object space 68608K, 57% used [0x00000000c0000000,0x00000000c26a4088,0x00000000c4300000)
 Metaspace       used 31638K, committed 32576K, reserved 1114112K
  class space    used 3102K, committed 3520K, reserved 1048576K
}
Event: 23.476 GC heap before
{Heap before GC invocations=21 (full 1):
 PSYoungGen      total 24576K, used 24068K [0x00000000eab00000, 0x00000000ec980000, 0x0000000100000000)
  eden space 22016K, 100% used [0x00000000eab00000,0x00000000ec080000,0x00000000ec080000)
  from space 2560K, 80% used [0x00000000ec680000,0x00000000ec881000,0x00000000ec900000)
  to   space 512K, 0% used [0x00000000ec900000,0x00000000ec900000,0x00000000ec980000)
 ParOldGen       total 68608K, used 39568K [0x00000000c0000000, 0x00000000c4300000, 0x00000000eab00000)
  object space 68608K, 57% used [0x00000000c0000000,0x00000000c26a4088,0x00000000c4300000)
 Metaspace       used 31659K, committed 32576K, reserved 1114112K
  class space    used 3102K, committed 3520K, reserved 1048576K
}
Event: 23.481 GC heap after
{Heap after GC invocations=21 (full 1):
 PSYoungGen      total 22528K, used 512K [0x00000000eab00000, 0x00000000ec980000, 0x0000000100000000)
  eden space 22016K, 0% used [0x00000000eab00000,0x00000000eab00000,0x00000000ec080000)
  from space 512K, 100% used [0x00000000ec900000,0x00000000ec980000,0x00000000ec980000)
  to   space 4608K, 0% used [0x00000000ec080000,0x00000000ec080000,0x00000000ec500000)
 ParOldGen       total 68608K, used 43037K [0x00000000c0000000, 0x00000000c4300000, 0x00000000eab00000)
  object space 68608K, 62% used [0x00000000c0000000,0x00000000c2a076c0,0x00000000c4300000)
 Metaspace       used 31659K, committed 32576K, reserved 1114112K
  class space    used 3102K, committed 3520K, reserved 1048576K
}
Event: 23.754 GC heap before
{Heap before GC invocations=22 (full 1):
 PSYoungGen      total 22528K, used 22528K [0x00000000eab00000, 0x00000000ec980000, 0x0000000100000000)
  eden space 22016K, 100% used [0x00000000eab00000,0x00000000ec080000,0x00000000ec080000)
  from space 512K, 100% used [0x00000000ec900000,0x00000000ec980000,0x00000000ec980000)
  to   space 4608K, 0% used [0x00000000ec080000,0x00000000ec080000,0x00000000ec500000)
 ParOldGen       total 68608K, used 43037K [0x00000000c0000000, 0x00000000c4300000, 0x00000000eab00000)
  object space 68608K, 62% used [0x00000000c0000000,0x00000000c2a076c0,0x00000000c4300000)
 Metaspace       used 31715K, committed 32640K, reserved 1114112K
  class space    used 3104K, committed 3520K, reserved 1048576K
}
Event: 23.761 GC heap after
{Heap after GC invocations=22 (full 1):
 PSYoungGen      total 26624K, used 1880K [0x00000000eab00000, 0x00000000ec980000, 0x0000000100000000)
  eden space 22016K, 0% used [0x00000000eab00000,0x00000000eab00000,0x00000000ec080000)
  from space 4608K, 40% used [0x00000000ec080000,0x00000000ec256200,0x00000000ec500000)
  to   space 3072K, 0% used [0x00000000ec680000,0x00000000ec680000,0x00000000ec980000)
 ParOldGen       total 68608K, used 43573K [0x00000000c0000000, 0x00000000c4300000, 0x00000000eab00000)
  object space 68608K, 63% used [0x00000000c0000000,0x00000000c2a8d6c0,0x00000000c4300000)
 Metaspace       used 31715K, committed 32640K, reserved 1114112K
  class space    used 3104K, committed 3520K, reserved 1048576K
}
Event: 24.476 GC heap before
{Heap before GC invocations=23 (full 1):
 PSYoungGen      total 26624K, used 23896K [0x00000000eab00000, 0x00000000ec980000, 0x0000000100000000)
  eden space 22016K, 100% used [0x00000000eab00000,0x00000000ec080000,0x00000000ec080000)
  from space 4608K, 40% used [0x00000000ec080000,0x00000000ec256200,0x00000000ec500000)
  to   space 3072K, 0% used [0x00000000ec680000,0x00000000ec680000,0x00000000ec980000)
 ParOldGen       total 68608K, used 43573K [0x00000000c0000000, 0x00000000c4300000, 0x00000000eab00000)
  object space 68608K, 63% used [0x00000000c0000000,0x00000000c2a8d6c0,0x00000000c4300000)
 Metaspace       used 33764K, committed 34688K, reserved 1114112K
  class space    used 3356K, committed 3776K, reserved 1048576K
}
Event: 24.480 GC heap after
{Heap after GC invocations=23 (full 1):
 PSYoungGen      total 23552K, used 1349K [0x00000000eab00000, 0x00000000ec800000, 0x0000000100000000)
  eden space 22016K, 0% used [0x00000000eab00000,0x00000000eab00000,0x00000000ec080000)
  from space 1536K, 87% used [0x00000000ec680000,0x00000000ec7d1558,0x00000000ec800000)
  to   space 2048K, 0% used [0x00000000ec400000,0x00000000ec400000,0x00000000ec600000)
 ParOldGen       total 68608K, used 45374K [0x00000000c0000000, 0x00000000c4300000, 0x00000000eab00000)
  object space 68608K, 66% used [0x00000000c0000000,0x00000000c2c4f8c0,0x00000000c4300000)
 Metaspace       used 33764K, committed 34688K, reserved 1114112K
  class space    used 3356K, committed 3776K, reserved 1048576K
}
Event: 24.652 GC heap before
{Heap before GC invocations=24 (full 1):
 PSYoungGen      total 23552K, used 23332K [0x00000000eab00000, 0x00000000ec800000, 0x0000000100000000)
  eden space 22016K, 99% used [0x00000000eab00000,0x00000000ec077af0,0x00000000ec080000)
  from space 1536K, 87% used [0x00000000ec680000,0x00000000ec7d1558,0x00000000ec800000)
  to   space 2048K, 0% used [0x00000000ec400000,0x00000000ec400000,0x00000000ec600000)
 ParOldGen       total 68608K, used 45374K [0x00000000c0000000, 0x00000000c4300000, 0x00000000eab00000)
  object space 68608K, 66% used [0x00000000c0000000,0x00000000c2c4f8c0,0x00000000c4300000)
 Metaspace       used 33802K, committed 34688K, reserved 1114112K
  class space    used 3356K, committed 3776K, reserved 1048576K
}
Event: 24.655 GC heap after
{Heap after GC invocations=24 (full 1):
 PSYoungGen      total 24064K, used 670K [0x00000000eab00000, 0x00000000ec700000, 0x0000000100000000)
  eden space 22016K, 0% used [0x00000000eab00000,0x00000000eab00000,0x00000000ec080000)
  from space 2048K, 32% used [0x00000000ec400000,0x00000000ec4a7898,0x00000000ec600000)
  to   space 1024K, 0% used [0x00000000ec600000,0x00000000ec600000,0x00000000ec700000)
 ParOldGen       total 68608K, used 46647K [0x00000000c0000000, 0x00000000c4300000, 0x00000000eab00000)
  object space 68608K, 67% used [0x00000000c0000000,0x00000000c2d8ddd8,0x00000000c4300000)
 Metaspace       used 33802K, committed 34688K, reserved 1114112K
  class space    used 3356K, committed 3776K, reserved 1048576K
}
Event: 25.314 GC heap before
{Heap before GC invocations=25 (full 1):
 PSYoungGen      total 24064K, used 18043K [0x00000000eab00000, 0x00000000ec700000, 0x0000000100000000)
  eden space 22016K, 78% used [0x00000000eab00000,0x00000000ebbf7598,0x00000000ec080000)
  from space 2048K, 32% used [0x00000000ec400000,0x00000000ec4a7898,0x00000000ec600000)
  to   space 1024K, 0% used [0x00000000ec600000,0x00000000ec600000,0x00000000ec700000)
 ParOldGen       total 68608K, used 46647K [0x00000000c0000000, 0x00000000c4300000, 0x00000000eab00000)
  object space 68608K, 67% used [0x00000000c0000000,0x00000000c2d8ddd8,0x00000000c4300000)
 Metaspace       used 34947K, committed 35840K, reserved 1114112K
  class space    used 3466K, committed 3904K, reserved 1048576K
}
Event: 25.316 GC heap after
{Heap after GC invocations=25 (full 1):
 PSYoungGen      total 22528K, used 352K [0x00000000eab00000, 0x00000000ec680000, 0x0000000100000000)
  eden space 22016K, 0% used [0x00000000eab00000,0x00000000eab00000,0x00000000ec080000)
  from space 512K, 68% used [0x00000000ec600000,0x00000000ec658010,0x00000000ec680000)
  to   space 1024K, 0% used [0x00000000ec480000,0x00000000ec480000,0x00000000ec580000)
 ParOldGen       total 68608K, used 46671K [0x00000000c0000000, 0x00000000c4300000, 0x00000000eab00000)
  object space 68608K, 68% used [0x00000000c0000000,0x00000000c2d93dd8,0x00000000c4300000)
 Metaspace       used 34947K, committed 35840K, reserved 1114112K
  class space    used 3466K, committed 3904K, reserved 1048576K
}
Event: 25.316 GC heap before
{Heap before GC invocations=26 (full 2):
 PSYoungGen      total 22528K, used 352K [0x00000000eab00000, 0x00000000ec680000, 0x0000000100000000)
  eden space 22016K, 0% used [0x00000000eab00000,0x00000000eab00000,0x00000000ec080000)
  from space 512K, 68% used [0x00000000ec600000,0x00000000ec658010,0x00000000ec680000)
  to   space 1024K, 0% used [0x00000000ec480000,0x00000000ec480000,0x00000000ec580000)
 ParOldGen       total 68608K, used 46671K [0x00000000c0000000, 0x00000000c4300000, 0x00000000eab00000)
  object space 68608K, 68% used [0x00000000c0000000,0x00000000c2d93dd8,0x00000000c4300000)
 Metaspace       used 34947K, committed 35840K, reserved 1114112K
  class space    used 3466K, committed 3904K, reserved 1048576K
}
Event: 25.396 GC heap after
{Heap after GC invocations=26 (full 2):
 PSYoungGen      total 22528K, used 0K [0x00000000eab00000, 0x00000000ec680000, 0x0000000100000000)
  eden space 22016K, 0% used [0x00000000eab00000,0x00000000eab00000,0x00000000ec080000)
  from space 512K, 0% used [0x00000000ec600000,0x00000000ec600000,0x00000000ec680000)
  to   space 1024K, 0% used [0x00000000ec480000,0x00000000ec480000,0x00000000ec580000)
 ParOldGen       total 68608K, used 45576K [0x00000000c0000000, 0x00000000c4300000, 0x00000000eab00000)
  object space 68608K, 66% used [0x00000000c0000000,0x00000000c2c82250,0x00000000c4300000)
 Metaspace       used 34947K, committed 35840K, reserved 1114112K
  class space    used 3466K, committed 3904K, reserved 1048576K
}
Event: 26.596 GC heap before
{Heap before GC invocations=27 (full 2):
 PSYoungGen      total 22528K, used 22016K [0x00000000eab00000, 0x00000000ec680000, 0x0000000100000000)
  eden space 22016K, 100% used [0x00000000eab00000,0x00000000ec080000,0x00000000ec080000)
  from space 512K, 0% used [0x00000000ec600000,0x00000000ec600000,0x00000000ec680000)
  to   space 1024K, 0% used [0x00000000ec480000,0x00000000ec480000,0x00000000ec580000)
 ParOldGen       total 68608K, used 45576K [0x00000000c0000000, 0x00000000c4300000, 0x00000000eab00000)
  object space 68608K, 66% used [0x00000000c0000000,0x00000000c2c82250,0x00000000c4300000)
 Metaspace       used 35818K, committed 36736K, reserved 1114112K
  class space    used 3578K, committed 3968K, reserved 1048576K
}
Event: 26.597 GC heap after
{Heap after GC invocations=27 (full 2):
 PSYoungGen      total 23040K, used 448K [0x00000000eab00000, 0x00000000ec680000, 0x0000000100000000)
  eden space 22016K, 0% used [0x00000000eab00000,0x00000000eab00000,0x00000000ec080000)
  from space 1024K, 43% used [0x00000000ec480000,0x00000000ec4f0010,0x00000000ec580000)
  to   space 512K, 0% used [0x00000000ec600000,0x00000000ec600000,0x00000000ec680000)
 ParOldGen       total 68608K, used 45584K [0x00000000c0000000, 0x00000000c4300000, 0x00000000eab00000)
  object space 68608K, 66% used [0x00000000c0000000,0x00000000c2c84250,0x00000000c4300000)
 Metaspace       used 35818K, committed 36736K, reserved 1114112K
  class space    used 3578K, committed 3968K, reserved 1048576K
}
Event: 28.311 GC heap before
{Heap before GC invocations=28 (full 2):
 PSYoungGen      total 23040K, used 22464K [0x00000000eab00000, 0x00000000ec680000, 0x0000000100000000)
  eden space 22016K, 100% used [0x00000000eab00000,0x00000000ec080000,0x00000000ec080000)
  from space 1024K, 43% used [0x00000000ec480000,0x00000000ec4f0010,0x00000000ec580000)
  to   space 512K, 0% used [0x00000000ec600000,0x00000000ec600000,0x00000000ec680000)
 ParOldGen       total 68608K, used 45584K [0x00000000c0000000, 0x00000000c4300000, 0x00000000eab00000)
  object space 68608K, 66% used [0x00000000c0000000,0x00000000c2c84250,0x00000000c4300000)
 Metaspace       used 38056K, committed 39040K, reserved 1114112K
  class space    used 3741K, committed 4160K, reserved 1048576K
}
Event: 28.318 GC heap after
{Heap after GC invocations=28 (full 2):
 PSYoungGen      total 22528K, used 512K [0x00000000eab00000, 0x00000000ec680000, 0x0000000100000000)
  eden space 22016K, 0% used [0x00000000eab00000,0x00000000eab00000,0x00000000ec080000)
  from space 512K, 100% used [0x00000000ec600000,0x00000000ec680000,0x00000000ec680000)
  to   space 1024K, 0% used [0x00000000ec480000,0x00000000ec480000,0x00000000ec580000)
 ParOldGen       total 68608K, used 45949K [0x00000000c0000000, 0x00000000c4300000, 0x00000000eab00000)
  object space 68608K, 66% used [0x00000000c0000000,0x00000000c2cdf4d0,0x00000000c4300000)
 Metaspace       used 38056K, committed 39040K, reserved 1114112K
  class space    used 3741K, committed 4160K, reserved 1048576K
}
Event: 29.440 GC heap before
{Heap before GC invocations=29 (full 2):
 PSYoungGen      total 22528K, used 22528K [0x00000000eab00000, 0x00000000ec680000, 0x0000000100000000)
  eden space 22016K, 100% used [0x00000000eab00000,0x00000000ec080000,0x00000000ec080000)
  from space 512K, 100% used [0x00000000ec600000,0x00000000ec680000,0x00000000ec680000)
  to   space 1024K, 0% used [0x00000000ec480000,0x00000000ec480000,0x00000000ec580000)
 ParOldGen       total 68608K, used 45949K [0x00000000c0000000, 0x00000000c4300000, 0x00000000eab00000)
  object space 68608K, 66% used [0x00000000c0000000,0x00000000c2cdf4d0,0x00000000c4300000)
 Metaspace       used 38575K, committed 39552K, reserved 1114112K
  class space    used 3787K, committed 4224K, reserved 1048576K
}
Event: 29.442 GC heap after
{Heap after GC invocations=29 (full 2):
 PSYoungGen      total 23040K, used 736K [0x00000000eab00000, 0x00000000ec680000, 0x0000000100000000)
  eden space 22016K, 0% used [0x00000000eab00000,0x00000000eab00000,0x00000000ec080000)
  from space 1024K, 71% used [0x00000000ec480000,0x00000000ec538000,0x00000000ec580000)
  to   space 1024K, 0% used [0x00000000ec580000,0x00000000ec580000,0x00000000ec680000)
 ParOldGen       total 68608K, used 46417K [0x00000000c0000000, 0x00000000c4300000, 0x00000000eab00000)
  object space 68608K, 67% used [0x00000000c0000000,0x00000000c2d546f0,0x00000000c4300000)
 Metaspace       used 38575K, committed 39552K, reserved 1114112K
  class space    used 3787K, committed 4224K, reserved 1048576K
}

Dll operation events (10 events):
Event: 0.077 Loaded shared library c:\Users\Aditya\.cursor\extensions\redhat.java-1.40.0-win32-x64\jre\21.0.6-win32-x86_64\bin\java.dll
Event: 0.613 Loaded shared library c:\Users\Aditya\.cursor\extensions\redhat.java-1.40.0-win32-x64\jre\21.0.6-win32-x86_64\bin\zip.dll
Event: 0.702 Loaded shared library C:\Users\Aditya\.cursor\extensions\redhat.java-1.40.0-win32-x64\jre\21.0.6-win32-x86_64\bin\instrument.dll
Event: 0.751 Loaded shared library C:\Users\Aditya\.cursor\extensions\redhat.java-1.40.0-win32-x64\jre\21.0.6-win32-x86_64\bin\net.dll
Event: 0.823 Loaded shared library C:\Users\Aditya\.cursor\extensions\redhat.java-1.40.0-win32-x64\jre\21.0.6-win32-x86_64\bin\nio.dll
Event: 0.834 Loaded shared library C:\Users\Aditya\.cursor\extensions\redhat.java-1.40.0-win32-x64\jre\21.0.6-win32-x86_64\bin\zip.dll
Event: 0.952 Loaded shared library C:\Users\Aditya\.cursor\extensions\redhat.java-1.40.0-win32-x64\jre\21.0.6-win32-x86_64\bin\jimage.dll
Event: 1.378 Loaded shared library c:\Users\Aditya\.cursor\extensions\redhat.java-1.40.0-win32-x64\jre\21.0.6-win32-x86_64\bin\verify.dll
Event: 7.692 Loaded shared library C:\Users\Aditya\AppData\Roaming\Cursor\User\globalStorage\redhat.java\1.40.0\config_ss_win\org.eclipse.equinox.launcher\org.eclipse.equinox.launcher.win32.win32.x86_64_1.2.1200.v20250212-0927\eclipse_11909.dll
Event: 17.164 Loaded shared library C:\Users\Aditya\AppData\Local\Temp\jna-1956490294\jna15581649096072062643.dll

Deoptimization events (20 events):
Event: 30.372 Thread 0x000001ca76c30ed0 Uncommon trap: trap_request=0xffffff45 fr.pc=0x000001ca2aa09148 relative=0x0000000000000a48
Event: 30.372 Thread 0x000001ca76c30ed0 Uncommon trap: reason=unstable_if action=reinterpret pc=0x000001ca2aa09148 method=org.eclipse.core.internal.dtree.DeltaDataTree.lookup(Lorg/eclipse/core/runtime/IPath;)Lorg/eclipse/core/internal/dtree/DataTreeLookup; @ 136 c2
Event: 30.372 Thread 0x000001ca76c30ed0 DEOPT PACKING pc=0x000001ca2aa09148 sp=0x00000029ef4fe990
Event: 30.372 Thread 0x000001ca76c30ed0 DEOPT UNPACKING pc=0x000001ca2a1f3aa2 sp=0x00000029ef4fe8e8 mode 2
Event: 30.414 Thread 0x000001ca76c30ed0 Uncommon trap: trap_request=0xffffffde fr.pc=0x000001ca2a9c4cac relative=0x000000000000018c
Event: 30.414 Thread 0x000001ca76c30ed0 Uncommon trap: reason=class_check action=maybe_recompile pc=0x000001ca2a9c4cac method=org.eclipse.jdt.internal.compiler.parser.Parser.consumeRule(I)V @ 4097 c2
Event: 30.414 Thread 0x000001ca76c30ed0 DEOPT PACKING pc=0x000001ca2a9c4cac sp=0x00000029ef4fea80
Event: 30.414 Thread 0x000001ca76c30ed0 DEOPT UNPACKING pc=0x000001ca2a1f3aa2 sp=0x00000029ef4fea00 mode 2
Event: 30.414 Thread 0x000001ca76c30ed0 Uncommon trap: trap_request=0xffffffde fr.pc=0x000001ca2a9c4cac relative=0x000000000000018c
Event: 30.414 Thread 0x000001ca76c30ed0 Uncommon trap: reason=class_check action=maybe_recompile pc=0x000001ca2a9c4cac method=org.eclipse.jdt.internal.compiler.parser.Parser.consumeRule(I)V @ 4097 c2
Event: 30.414 Thread 0x000001ca76c30ed0 DEOPT PACKING pc=0x000001ca2a9c4cac sp=0x00000029ef4fea80
Event: 30.414 Thread 0x000001ca76c30ed0 DEOPT UNPACKING pc=0x000001ca2a1f3aa2 sp=0x00000029ef4fea00 mode 2
Event: 30.414 Thread 0x000001ca76c30ed0 Uncommon trap: trap_request=0xffffffde fr.pc=0x000001ca2a9c4cac relative=0x000000000000018c
Event: 30.414 Thread 0x000001ca76c30ed0 Uncommon trap: reason=class_check action=maybe_recompile pc=0x000001ca2a9c4cac method=org.eclipse.jdt.internal.compiler.parser.Parser.consumeRule(I)V @ 4097 c2
Event: 30.414 Thread 0x000001ca76c30ed0 DEOPT PACKING pc=0x000001ca2a9c4cac sp=0x00000029ef4fea80
Event: 30.414 Thread 0x000001ca76c30ed0 DEOPT UNPACKING pc=0x000001ca2a1f3aa2 sp=0x00000029ef4fea00 mode 2
Event: 30.414 Thread 0x000001ca76c30ed0 Uncommon trap: trap_request=0xffffffde fr.pc=0x000001ca2a9c4cac relative=0x000000000000018c
Event: 30.414 Thread 0x000001ca76c30ed0 Uncommon trap: reason=class_check action=maybe_recompile pc=0x000001ca2a9c4cac method=org.eclipse.jdt.internal.compiler.parser.Parser.consumeRule(I)V @ 4097 c2
Event: 30.414 Thread 0x000001ca76c30ed0 DEOPT PACKING pc=0x000001ca2a9c4cac sp=0x00000029ef4fea80
Event: 30.414 Thread 0x000001ca76c30ed0 DEOPT UNPACKING pc=0x000001ca2a1f3aa2 sp=0x00000029ef4fea00 mode 2

Classes loaded (20 events):
Event: 27.610 Loading class java/util/stream/ReferencePipeline$4
Event: 27.612 Loading class java/util/stream/IntPipeline$StatelessOp
Event: 27.613 Loading class java/util/stream/IntPipeline
Event: 27.614 Loading class java/util/stream/IntStream
Event: 27.616 Loading class java/util/stream/IntStream done
Event: 27.616 Loading class java/util/stream/IntPipeline done
Event: 27.616 Loading class java/util/stream/IntPipeline$StatelessOp done
Event: 27.616 Loading class java/util/stream/ReferencePipeline$4 done
Event: 27.617 Loading class java/util/stream/Nodes$IntFixedNodeBuilder
Event: 27.619 Loading class java/util/stream/Node$Builder$OfInt
Event: 27.619 Loading class java/util/stream/Sink$OfInt
Event: 27.621 Loading class java/util/stream/Sink$OfInt done
Event: 27.621 Loading class java/util/stream/Node$Builder$OfInt done
Event: 27.621 Loading class java/util/stream/Nodes$IntArrayNode
Event: 27.622 Loading class java/util/stream/Nodes$IntArrayNode done
Event: 27.622 Loading class java/util/stream/Nodes$IntFixedNodeBuilder done
Event: 27.622 Loading class java/util/stream/ReferencePipeline$4$1
Event: 27.623 Loading class java/util/stream/ReferencePipeline$4$1 done
Event: 28.275 Loading class java/util/regex/Pattern$Pos
Event: 28.276 Loading class java/util/regex/Pattern$Pos done

Classes unloaded (7 events):
Event: 19.011 Thread 0x000001ca1fb25a10 Unloading class 0x000001ca35185400 'java/lang/invoke/LambdaForm$MH+0x000001ca35185400'
Event: 19.011 Thread 0x000001ca1fb25a10 Unloading class 0x000001ca35185000 'java/lang/invoke/LambdaForm$MH+0x000001ca35185000'
Event: 19.011 Thread 0x000001ca1fb25a10 Unloading class 0x000001ca35184c00 'java/lang/invoke/LambdaForm$MH+0x000001ca35184c00'
Event: 19.011 Thread 0x000001ca1fb25a10 Unloading class 0x000001ca35184800 'java/lang/invoke/LambdaForm$MH+0x000001ca35184800'
Event: 19.011 Thread 0x000001ca1fb25a10 Unloading class 0x000001ca35184400 'java/lang/invoke/LambdaForm$BMH+0x000001ca35184400'
Event: 19.011 Thread 0x000001ca1fb25a10 Unloading class 0x000001ca35184000 'java/lang/invoke/LambdaForm$DMH+0x000001ca35184000'
Event: 19.011 Thread 0x000001ca1fb25a10 Unloading class 0x000001ca35182c00 'java/lang/invoke/LambdaForm$DMH+0x000001ca35182c00'

Classes redefined (0 events):
No events

Internal exceptions (20 events):
Event: 21.824 Thread 0x000001ca7c197ab0 Exception <a 'java/lang/NoSuchMethodError'{0x00000000eb15afa0}: 'java.lang.Object java.lang.invoke.DirectMethodHandle$Holder.invokeInterface(java.lang.Object, java.lang.Object, java.lang.Object)'> (0x00000000eb15afa0) 
thrown [s\src\hotspot\share\interpreter\linkResolver.cpp, line 773]
Event: 21.851 Thread 0x000001ca7c197ab0 Exception <a 'java/io/FileNotFoundException'{0x00000000eb1e64c0}> (0x00000000eb1e64c0) 
thrown [s\src\hotspot\share\prims\jni.cpp, line 520]
Event: 21.917 Thread 0x000001ca7c197ab0 Exception <a 'sun/nio/fs/WindowsException'{0x00000000eb363740}> (0x00000000eb363740) 
thrown [s\src\hotspot\share\prims\jni.cpp, line 520]
Event: 22.049 Thread 0x000001ca7c197ab0 Exception <a 'java/lang/IncompatibleClassChangeError'{0x00000000eb6078c0}: Found class java.lang.Object, but interface was expected> (0x00000000eb6078c0) 
thrown [s\src\hotspot\share\interpreter\linkResolver.cpp, line 840]
Event: 22.418 Thread 0x000001ca7c197ab0 Exception <a 'java/lang/NoSuchMethodError'{0x00000000eba98ff0}: 'java.lang.Object java.lang.invoke.DelegatingMethodHandle$Holder.reinvoke_L(java.lang.Object, int, long, java.lang.Object, java.lang.Object, int, java.lang.Object)'> (0x00000000eba98ff0) 
thrown [s\src\hotspot\share\interpreter\linkResolver.cpp, line 773]
Event: 22.605 Thread 0x000001ca7c197ab0 Exception <a 'java/lang/NoSuchMethodError'{0x00000000ec049bc0}: 'java.lang.Object java.lang.invoke.DirectMethodHandle$Holder.invokeStaticInit(java.lang.Object, java.lang.Object, java.lang.Object, java.lang.Object, java.lang.Object, java.lang.Object, java.lang.Object)'> (0x00000000ec049bc0) 
thrown [s\src\hotspot\share\interpreter\linkResolver.cpp, line 773]
Event: 22.606 Thread 0x000001ca7c197ab0 Exception <a 'java/lang/NoSuchMethodError'{0x00000000ec04eb68}: 'java.lang.Object java.lang.invoke.Invokers$Holder.invoke_MT(java.lang.Object, java.lang.Object, java.lang.Object, java.lang.Object, java.lang.Object, java.lang.Object, java.lang.Object, java.lang.Object, java.lang.Object, java.lang.Object)'> (0x00000000ec04eb68) 
thrown [s\src\hotspot\share\interpreter\linkResolver.cpp, line 773]
Event: 22.619 Thread 0x000001ca7c197ab0 Exception <a 'java/lang/NoSuchMethodError'{0x00000000eab0ed70}: 'int java.lang.invoke.DirectMethodHandle$Holder.invokeVirtual(java.lang.Object, java.lang.Object, java.lang.Object)'> (0x00000000eab0ed70) 
thrown [s\src\hotspot\share\interpreter\linkResolver.cpp, line 773]
Event: 22.620 Thread 0x000001ca7c197ab0 Exception <a 'java/lang/NoSuchMethodError'{0x00000000eab13118}: 'int java.lang.invoke.DirectMethodHandle$Holder.invokeStaticInit(java.lang.Object, int, int)'> (0x00000000eab13118) 
thrown [s\src\hotspot\share\interpreter\linkResolver.cpp, line 773]
Event: 22.621 Thread 0x000001ca7c197ab0 Exception <a 'java/lang/NoSuchMethodError'{0x00000000eab1a8c0}: 'int java.lang.invoke.DirectMethodHandle$Holder.invokeStaticInit(java.lang.Object, long, long)'> (0x00000000eab1a8c0) 
thrown [s\src\hotspot\share\interpreter\linkResolver.cpp, line 773]
Event: 22.622 Thread 0x000001ca7c197ab0 Exception <a 'java/lang/NoSuchMethodError'{0x00000000eab21608}: 'int java.lang.invoke.DirectMethodHandle$Holder.invokeStaticInit(java.lang.Object, float, float)'> (0x00000000eab21608) 
thrown [s\src\hotspot\share\interpreter\linkResolver.cpp, line 773]
Event: 22.623 Thread 0x000001ca7c197ab0 Exception <a 'java/lang/NoSuchMethodError'{0x00000000eab29340}: 'int java.lang.invoke.DirectMethodHandle$Holder.invokeStaticInit(java.lang.Object, double, double)'> (0x00000000eab29340) 
thrown [s\src\hotspot\share\interpreter\linkResolver.cpp, line 773]
Event: 22.624 Thread 0x000001ca7c197ab0 Exception <a 'java/lang/NoSuchMethodError'{0x00000000eab2db90}: 'int java.lang.invoke.DirectMethodHandle$Holder.invokeStatic(java.lang.Object, long)'> (0x00000000eab2db90) 
thrown [s\src\hotspot\share\interpreter\linkResolver.cpp, line 773]
Event: 22.629 Thread 0x000001ca7c197ab0 Exception <a 'java/lang/NoSuchMethodError'{0x00000000eab4ca58}: 'int java.lang.invoke.Invokers$Holder.linkToTargetMethod(java.lang.Object, java.lang.Object)'> (0x00000000eab4ca58) 
thrown [s\src\hotspot\share\interpreter\linkResolver.cpp, line 773]
Event: 23.826 Thread 0x000001ca7c197ab0 Implicit null exception at 0x000001ca2a8e3e5a to 0x000001ca2a8e3e71
Event: 28.324 Thread 0x000001ca7c198e60 Exception <a 'java/lang/NoSuchMethodError'{0x00000000eab86478}: 'java.lang.Object java.lang.invoke.DirectMethodHandle$Holder.invokeSpecial(java.lang.Object, java.lang.Object, int, long)'> (0x00000000eab86478) 
thrown [s\src\hotspot\share\interpreter\linkResolver.cpp, line 773]
Event: 28.354 Thread 0x000001ca7c197ab0 Exception <a 'java/lang/NoSuchMethodError'{0x00000000eac121f8}: 'java.lang.Object java.lang.invoke.DirectMethodHandle$Holder.invokeStatic(java.lang.Object, java.lang.Object, int, int)'> (0x00000000eac121f8) 
thrown [s\src\hotspot\share\interpreter\linkResolver.cpp, line 773]
Event: 28.354 Thread 0x000001ca7c197ab0 Exception <a 'java/lang/NoSuchMethodError'{0x00000000eac165f8}: 'java.lang.Object java.lang.invoke.DirectMethodHandle$Holder.invokeSpecial(java.lang.Object, java.lang.Object, java.lang.Object, int, int)'> (0x00000000eac165f8) 
thrown [s\src\hotspot\share\interpreter\linkResolver.cpp, line 773]
Event: 28.356 Thread 0x000001ca7c197ab0 Implicit null exception at 0x000001ca2a807826 to 0x000001ca2a807af4
Event: 28.835 Thread 0x000001ca7c197ab0 Implicit null exception at 0x000001ca2a9aaea3 to 0x000001ca2a9ab20c

ZGC Phase Switch (0 events):
No events

VM Operations (20 events):
Event: 25.314 Executing VM operation: CollectForMetadataAllocation (Metadata GC Threshold)
Event: 25.396 Executing VM operation: CollectForMetadataAllocation (Metadata GC Threshold) done
Event: 26.397 Executing VM operation: Cleanup
Event: 26.397 Executing VM operation: Cleanup done
Event: 26.596 Executing VM operation: ParallelGCFailedAllocation (Allocation Failure)
Event: 26.598 Executing VM operation: ParallelGCFailedAllocation (Allocation Failure) done
Event: 26.853 Executing VM operation: HandshakeAllThreads (Deoptimize)
Event: 26.870 Executing VM operation: HandshakeAllThreads (Deoptimize) done
Event: 27.877 Executing VM operation: Cleanup
Event: 27.877 Executing VM operation: Cleanup done
Event: 28.279 Executing VM operation: HandshakeAllThreads (Deoptimize)
Event: 28.279 Executing VM operation: HandshakeAllThreads (Deoptimize) done
Event: 28.310 Executing VM operation: ParallelGCFailedAllocation (Allocation Failure)
Event: 28.318 Executing VM operation: ParallelGCFailedAllocation (Allocation Failure) done
Event: 28.842 Executing VM operation: ICBufferFull
Event: 28.842 Executing VM operation: ICBufferFull done
Event: 29.440 Executing VM operation: ParallelGCFailedAllocation (Allocation Failure)
Event: 29.442 Executing VM operation: ParallelGCFailedAllocation (Allocation Failure) done
Event: 30.454 Executing VM operation: Cleanup
Event: 30.454 Executing VM operation: Cleanup done

Memory protections (0 events):
No events

Nmethod flushes (20 events):
Event: 25.354 Thread 0x000001ca1fb25a10 flushing  nmethod 0x000001ca230df010
Event: 25.354 Thread 0x000001ca1fb25a10 flushing  nmethod 0x000001ca230df390
Event: 25.354 Thread 0x000001ca1fb25a10 flushing  nmethod 0x000001ca230dfb10
Event: 25.354 Thread 0x000001ca1fb25a10 flushing  nmethod 0x000001ca23102510
Event: 25.354 Thread 0x000001ca1fb25a10 flushing  nmethod 0x000001ca23102810
Event: 25.354 Thread 0x000001ca1fb25a10 flushing  nmethod 0x000001ca23105110
Event: 25.354 Thread 0x000001ca1fb25a10 flushing  nmethod 0x000001ca23105490
Event: 25.354 Thread 0x000001ca1fb25a10 flushing  nmethod 0x000001ca2312ca90
Event: 25.354 Thread 0x000001ca1fb25a10 flushing  nmethod 0x000001ca2312d210
Event: 25.354 Thread 0x000001ca1fb25a10 flushing  nmethod 0x000001ca2312dc10
Event: 25.354 Thread 0x000001ca1fb25a10 flushing  nmethod 0x000001ca23132790
Event: 25.354 Thread 0x000001ca1fb25a10 flushing  nmethod 0x000001ca2313f510
Event: 25.354 Thread 0x000001ca1fb25a10 flushing  nmethod 0x000001ca2313fd90
Event: 25.354 Thread 0x000001ca1fb25a10 flushing  nmethod 0x000001ca23142710
Event: 25.354 Thread 0x000001ca1fb25a10 flushing  nmethod 0x000001ca2314b010
Event: 25.354 Thread 0x000001ca1fb25a10 flushing  nmethod 0x000001ca2314f210
Event: 25.354 Thread 0x000001ca1fb25a10 flushing  nmethod 0x000001ca23151c10
Event: 25.354 Thread 0x000001ca1fb25a10 flushing  nmethod 0x000001ca23154610
Event: 25.354 Thread 0x000001ca1fb25a10 flushing  nmethod 0x000001ca23155610
Event: 25.354 Thread 0x000001ca1fb25a10 flushing  nmethod 0x000001ca2315e810

Events (20 events):
Event: 17.304 Thread 0x000001ca76c68870 Thread added: 0x000001ca7b6bc8c0
Event: 17.428 Thread 0x000001ca76c68870 Thread added: 0x000001ca76c30ed0
Event: 17.579 Thread 0x000001ca76c68870 Thread added: 0x000001ca7bc0a010
Event: 17.580 Thread 0x000001ca76c68870 Thread added: 0x000001ca7b7a6660
Event: 19.951 Thread 0x000001ca76c68870 Thread added: 0x000001ca7b7a31e0
Event: 20.143 Thread 0x000001ca7b7a31e0 Thread exited: 0x000001ca7b7a31e0
Event: 20.779 Thread 0x000001ca1fa8d4b0 Thread added: 0x000001ca7b7a4c20
Event: 20.781 Thread 0x000001ca1fa8d4b0 Thread added: 0x000001ca7b7a31e0
Event: 20.783 Thread 0x000001ca1fa8d4b0 Thread added: 0x000001ca7b7a5fd0
Event: 20.784 Thread 0x000001ca1fa8d4b0 Thread added: 0x000001ca7b7a52b0
Event: 20.784 Thread 0x000001ca1fa8d4b0 Thread added: 0x000001ca7b7a5940
Event: 20.785 Thread 0x000001ca1fa8d4b0 Thread added: 0x000001ca7b7a3870
Event: 20.785 Thread 0x000001ca1fa8d4b0 Thread added: 0x000001ca7b7a3f00
Event: 20.786 Thread 0x000001ca1fa8d4b0 Thread added: 0x000001ca7b7a4590
Event: 20.787 Thread 0x000001ca1fa8d4b0 Thread added: 0x000001ca7c196070
Event: 20.852 Thread 0x000001ca1fa8d4b0 Thread added: 0x000001ca7c1987d0
Event: 21.484 Thread 0x000001ca1fa8d4b0 Thread added: 0x000001ca7c197420
Event: 21.484 Thread 0x000001ca1fa8d4b0 Thread added: 0x000001ca7c197ab0
Event: 21.492 Thread 0x000001ca76c30ed0 Thread added: 0x000001ca7c198e60
Event: 22.632 Thread 0x000001ca7b7a6660 Thread exited: 0x000001ca7b7a6660


Dynamic libraries:
0x00007ff76b220000 - 0x00007ff76b22e000 	c:\Users\Aditya\.cursor\extensions\redhat.java-1.40.0-win32-x64\jre\21.0.6-win32-x86_64\bin\java.exe
0x00007ffe77440000 - 0x00007ffe776a3000 	C:\WINDOWS\SYSTEM32\ntdll.dll
0x00007ffe76470000 - 0x00007ffe76537000 	C:\WINDOWS\System32\KERNEL32.DLL
0x00007ffe74b50000 - 0x00007ffe74f17000 	C:\WINDOWS\System32\KERNELBASE.dll
0x00007ffe6fec0000 - 0x00007ffe6ff5c000 	C:\WINDOWS\SYSTEM32\apphelp.dll
0x00007ffe75130000 - 0x00007ffe7527c000 	C:\WINDOWS\System32\ucrtbase.dll
0x00007ffe6a4e0000 - 0x00007ffe6a4fe000 	c:\Users\Aditya\.cursor\extensions\redhat.java-1.40.0-win32-x64\jre\21.0.6-win32-x86_64\bin\VCRUNTIME140.dll
0x00007ffe6ac40000 - 0x00007ffe6ac58000 	c:\Users\Aditya\.cursor\extensions\redhat.java-1.40.0-win32-x64\jre\21.0.6-win32-x86_64\bin\jli.dll
0x00007ffe76650000 - 0x00007ffe76819000 	C:\WINDOWS\System32\USER32.dll
0x00007ffe74a60000 - 0x00007ffe74a87000 	C:\WINDOWS\System32\win32u.dll
0x00007ffe75dc0000 - 0x00007ffe75dea000 	C:\WINDOWS\System32\GDI32.dll
0x00007ffe74890000 - 0x00007ffe749bb000 	C:\WINDOWS\System32\gdi32full.dll
0x00007ffe5a150000 - 0x00007ffe5a3e0000 	C:\WINDOWS\WinSxS\amd64_microsoft.windows.common-controls_6595b64144ccf1df_6.0.26100.3037_none_3e09262ce333c378\COMCTL32.dll
0x00007ffe747e0000 - 0x00007ffe74883000 	C:\WINDOWS\System32\msvcp_win.dll
0x00007ffe769c0000 - 0x00007ffe76a69000 	C:\WINDOWS\System32\msvcrt.dll
0x00007ffe76ec0000 - 0x00007ffe76eef000 	C:\WINDOWS\System32\IMM32.DLL
0x00007ffe6b710000 - 0x00007ffe6b71c000 	c:\Users\Aditya\.cursor\extensions\redhat.java-1.40.0-win32-x64\jre\21.0.6-win32-x86_64\bin\vcruntime140_1.dll
0x00007ffe64890000 - 0x00007ffe6491d000 	c:\Users\Aditya\.cursor\extensions\redhat.java-1.40.0-win32-x64\jre\21.0.6-win32-x86_64\bin\msvcp140.dll
0x00007ffe02160000 - 0x00007ffe02ef0000 	c:\Users\Aditya\.cursor\extensions\redhat.java-1.40.0-win32-x64\jre\21.0.6-win32-x86_64\bin\server\jvm.dll
0x00007ffe76fe0000 - 0x00007ffe77094000 	C:\WINDOWS\System32\ADVAPI32.dll
0x00007ffe75a70000 - 0x00007ffe75b16000 	C:\WINDOWS\System32\sechost.dll
0x00007ffe75e40000 - 0x00007ffe75f56000 	C:\WINDOWS\System32\RPCRT4.dll
0x00007ffe76aa0000 - 0x00007ffe76b14000 	C:\WINDOWS\System32\WS2_32.dll
0x00007ffe745c0000 - 0x00007ffe7460e000 	C:\WINDOWS\SYSTEM32\POWRPROF.dll
0x00007ffe5d300000 - 0x00007ffe5d336000 	C:\WINDOWS\SYSTEM32\WINMM.dll
0x00007ffe59e80000 - 0x00007ffe59e8b000 	C:\WINDOWS\SYSTEM32\VERSION.dll
0x00007ffe74490000 - 0x00007ffe744a4000 	C:\WINDOWS\SYSTEM32\UMPDC.dll
0x00007ffe735d0000 - 0x00007ffe735ea000 	C:\WINDOWS\SYSTEM32\kernel.appcore.dll
0x00007ffe6b430000 - 0x00007ffe6b43a000 	c:\Users\Aditya\.cursor\extensions\redhat.java-1.40.0-win32-x64\jre\21.0.6-win32-x86_64\bin\jimage.dll
0x00007ffe6ca70000 - 0x00007ffe6ccb1000 	C:\WINDOWS\SYSTEM32\DBGHELP.DLL
0x00007ffe76b20000 - 0x00007ffe76e9e000 	C:\WINDOWS\System32\combase.dll
0x00007ffe75280000 - 0x00007ffe75356000 	C:\WINDOWS\System32\OLEAUT32.dll
0x00007ffe565d0000 - 0x00007ffe56609000 	C:\WINDOWS\SYSTEM32\dbgcore.DLL
0x00007ffe749c0000 - 0x00007ffe74a59000 	C:\WINDOWS\System32\bcryptPrimitives.dll
0x00007ffe6b2c0000 - 0x00007ffe6b2cf000 	c:\Users\Aditya\.cursor\extensions\redhat.java-1.40.0-win32-x64\jre\21.0.6-win32-x86_64\bin\instrument.dll
0x00007ffe6b0e0000 - 0x00007ffe6b0ff000 	c:\Users\Aditya\.cursor\extensions\redhat.java-1.40.0-win32-x64\jre\21.0.6-win32-x86_64\bin\java.dll
0x00007ffe75360000 - 0x00007ffe75a64000 	C:\WINDOWS\System32\SHELL32.dll
0x00007ffe724a0000 - 0x00007ffe72cd7000 	C:\WINDOWS\SYSTEM32\windows.storage.dll
0x00007ffe77300000 - 0x00007ffe773e9000 	C:\WINDOWS\System32\SHCORE.dll
0x00007ffe76f00000 - 0x00007ffe76f5d000 	C:\WINDOWS\System32\shlwapi.dll
0x00007ffe746f0000 - 0x00007ffe7471e000 	C:\WINDOWS\SYSTEM32\profapi.dll
0x00007ffe6a590000 - 0x00007ffe6a5a8000 	c:\Users\Aditya\.cursor\extensions\redhat.java-1.40.0-win32-x64\jre\21.0.6-win32-x86_64\bin\zip.dll
0x00007ffe6a950000 - 0x00007ffe6a960000 	C:\Users\Aditya\.cursor\extensions\redhat.java-1.40.0-win32-x64\jre\21.0.6-win32-x86_64\bin\net.dll
0x00007ffe70350000 - 0x00007ffe7046e000 	C:\WINDOWS\SYSTEM32\WINHTTP.dll
0x00007ffe73ac0000 - 0x00007ffe73b2a000 	C:\WINDOWS\system32\mswsock.dll
0x00007ffe54b30000 - 0x00007ffe54b46000 	C:\Users\Aditya\.cursor\extensions\redhat.java-1.40.0-win32-x64\jre\21.0.6-win32-x86_64\bin\nio.dll
0x00007ffe6a580000 - 0x00007ffe6a590000 	c:\Users\Aditya\.cursor\extensions\redhat.java-1.40.0-win32-x64\jre\21.0.6-win32-x86_64\bin\verify.dll
0x00007ffe673d0000 - 0x00007ffe67415000 	C:\Users\Aditya\AppData\Roaming\Cursor\User\globalStorage\redhat.java\1.40.0\config_ss_win\org.eclipse.equinox.launcher\org.eclipse.equinox.launcher.win32.win32.x86_64_1.2.1200.v20250212-0927\eclipse_11909.dll
0x00007ffe76820000 - 0x00007ffe769b5000 	C:\WINDOWS\System32\ole32.dll
0x00007ffe73e70000 - 0x00007ffe73e8c000 	C:\WINDOWS\SYSTEM32\CRYPTSP.dll
0x00007ffe73530000 - 0x00007ffe73568000 	C:\WINDOWS\system32\rsaenh.dll
0x00007ffe73b60000 - 0x00007ffe73b8b000 	C:\WINDOWS\SYSTEM32\USERENV.dll
0x00007ffe74000000 - 0x00007ffe74026000 	C:\WINDOWS\SYSTEM32\bcrypt.dll
0x00007ffe73cf0000 - 0x00007ffe73cfc000 	C:\WINDOWS\SYSTEM32\CRYPTBASE.dll
0x00007ffe72ff0000 - 0x00007ffe73022000 	C:\WINDOWS\SYSTEM32\IPHLPAPI.DLL
0x00007ffe75b20000 - 0x00007ffe75b2a000 	C:\WINDOWS\System32\NSI.dll
0x00007ffe6a5b0000 - 0x00007ffe6a5f9000 	C:\Users\Aditya\AppData\Local\Temp\jna-1956490294\jna15581649096072062643.dll
0x00007ffe773f0000 - 0x00007ffe773f8000 	C:\WINDOWS\System32\PSAPI.DLL
0x00007ffe70ad0000 - 0x00007ffe70aef000 	C:\WINDOWS\SYSTEM32\dhcpcsvc6.DLL
0x00007ffe708b0000 - 0x00007ffe708d5000 	C:\WINDOWS\SYSTEM32\dhcpcsvc.DLL

dbghelp: loaded successfully - version: 4.0.5 - missing functions: none
symbol engine: initialized successfully - sym options: 0x614 - pdb path: .;c:\Users\Aditya\.cursor\extensions\redhat.java-1.40.0-win32-x64\jre\21.0.6-win32-x86_64\bin;C:\WINDOWS\SYSTEM32;C:\WINDOWS\WinSxS\amd64_microsoft.windows.common-controls_6595b64144ccf1df_6.0.26100.3037_none_3e09262ce333c378;c:\Users\Aditya\.cursor\extensions\redhat.java-1.40.0-win32-x64\jre\21.0.6-win32-x86_64\bin\server;C:\Users\Aditya\AppData\Roaming\Cursor\User\globalStorage\redhat.java\1.40.0\config_ss_win\org.eclipse.equinox.launcher\org.eclipse.equinox.launcher.win32.win32.x86_64_1.2.1200.v20250212-0927;C:\Users\Aditya\AppData\Local\Temp\jna-1956490294

VM Arguments:
jvm_args: --add-modules=ALL-SYSTEM --add-opens=java.base/java.util=ALL-UNNAMED --add-opens=java.base/java.lang=ALL-UNNAMED --add-opens=java.base/sun.nio.fs=ALL-UNNAMED -Declipse.application=org.eclipse.jdt.ls.core.id1 -Dosgi.bundles.defaultStartLevel=4 -Declipse.product=org.eclipse.jdt.ls.core.product -Djava.import.generatesMetadataFilesAtProjectRoot=false -DDetectVMInstallationsJob.disabled=true -Dfile.encoding=utf8 -XX:+UseParallelGC -XX:GCTimeRatio=4 -XX:AdaptiveSizePolicyWeight=90 -Dsun.zip.disableMemoryMapping=true -Xmx1G -Xms100m -Xlog:disable -javaagent:c:\Users\Aditya\.cursor\extensions\redhat.java-1.40.0-win32-x64\lombok\lombok-1.18.36.jar 
java_command: c:\Users\Aditya\.cursor\extensions\redhat.java-1.40.0-win32-x64\server\plugins\org.eclipse.equinox.launcher_1.6.1000.v20250131-0606.jar -configuration c:\Users\Aditya\AppData\Roaming\Cursor\User\globalStorage\redhat.java\1.40.0\config_ss_win -data c:\Users\Aditya\AppData\Roaming\Cursor\User\workspaceStorage\75144affba70cc5b32179d372713c5c2\redhat.java\ss_ws --pipe=\\.\pipe\lsp-0e5af067110eeb32ef0abcaa6291edd3-sock
java_class_path (initial): c:\Users\Aditya\.cursor\extensions\redhat.java-1.40.0-win32-x64\server\plugins\org.eclipse.equinox.launcher_1.6.1000.v20250131-0606.jar
Launcher Type: SUN_STANDARD

[Global flags]
    uintx AdaptiveSizePolicyWeight                 = 90                                        {product} {command line}
     intx CICompilerCount                          = 4                                         {product} {ergonomic}
    uintx GCTimeRatio                              = 4                                         {product} {command line}
   size_t InitialHeapSize                          = 104857600                                 {product} {command line}
   size_t MaxHeapSize                              = 1073741824                                {product} {command line}
   size_t MaxNewSize                               = 357564416                                 {product} {ergonomic}
   size_t MinHeapDeltaBytes                        = 524288                                    {product} {ergonomic}
   size_t MinHeapSize                              = 104857600                                 {product} {command line}
   size_t NewSize                                  = 34603008                                  {product} {ergonomic}
    uintx NonNMethodCodeHeapSize                   = 5839372                                {pd product} {ergonomic}
    uintx NonProfiledCodeHeapSize                  = 122909434                              {pd product} {ergonomic}
   size_t OldSize                                  = 70254592                                  {product} {ergonomic}
    uintx ProfiledCodeHeapSize                     = 122909434                              {pd product} {ergonomic}
    uintx ReservedCodeCacheSize                    = 251658240                              {pd product} {ergonomic}
     bool SegmentedCodeCache                       = true                                      {product} {ergonomic}
   size_t SoftMaxHeapSize                          = 1073741824                             {manageable} {ergonomic}
     bool UseCompressedOops                        = true                           {product lp64_product} {ergonomic}
     bool UseLargePagesIndividualAllocation        = false                                  {pd product} {ergonomic}
     bool UseParallelGC                            = true                                      {product} {command line}

Logging:
Log output configuration:
 #0: stdout all=off uptime,level,tags foldmultilines=false
 #1: stderr all=off uptime,level,tags foldmultilines=false

Environment Variables:
PATH=C:\Program Files\Python313\Scripts\;C:\Program Files\Python313\;C:\Python312\Scripts\;C:\Python312\;C:\Program Files\Common Files\Oracle\Java\javapath;C:\WINDOWS\system32;C:\WINDOWS;C:\WINDOWS\System32\Wbem;C:\WINDOWS\System32\WindowsPowerShell\v1.0\;C:\WINDOWS\System32\OpenSSH\;C:\Program Files\Java\jdk-21\bin;C:\Program Files\nodejs\;C:\ProgramData\chocolatey\bin\;C:\Program Files\dotnet\;C:\buildtool\apache-maven-3.9.9\bin;C:\Program Files\Git\cmd;C:\Users\Aditya\AppData\Local\Programs\Python\Python310\Scripts\;C:\Users\Aditya\AppData\Local\Programs\Python\Python310\;C:\Users\Aditya\AppData\Local\Programs\Python\Python313\Scripts\;C:\Users\Aditya\AppData\Local\Programs\Python\Python313\;C:\Program Files\MySQL\MySQL Shell 8.0\bin\;C:\Users\Aditya\AppData\Local\Microsoft\WindowsApps;C:\Users\Aditya\AppData\Local\Programs\Microsoft VS Code\bin;C:\Program Files\JetBrains\IntelliJ IDEA Community Edition 2024.1.4\bin;;C:\Users\Aditya\AppData\Local\Microsoft\WinGet\Packages\Schniz.fnm_Microsoft.Winget.Source_8wekyb3d8bbwe;C:\Users\Aditya\AppData\Roaming\npm;C:\Users\Aditya\.dotnet\tools;C:\Users\Aditya\AppData\Local\GitHubDesktop\bin;D:\cursor\resources\app\bin
USERNAME=Aditya
OS=Windows_NT
PROCESSOR_IDENTIFIER=AMD64 Family 23 Model 160 Stepping 0, AuthenticAMD
TMP=C:\Users\Aditya\AppData\Local\Temp
TEMP=C:\Users\Aditya\AppData\Local\Temp




Periodic native trim disabled

---------------  S Y S T E M  ---------------

OS:
 Windows 11 , 64 bit Build 26100 (10.0.26100.3037)
OS uptime: 13 days 5:42 hours
Hyper-V role detected

CPU: total 8 (initial active 8) (8 cores per cpu, 2 threads per core) family 23 model 160 stepping 0 microcode 0x8a00006, cx8, cmov, fxsr, ht, mmx, 3dnowpref, sse, sse2, sse3, ssse3, sse4a, sse4.1, sse4.2, popcnt, lzcnt, tsc, tscinvbit, avx, avx2, aes, clmul, bmi1, bmi2, adx, sha, fma, vzeroupper, clflush, clflushopt, hv, rdtscp, rdpid, f16c
Processor Information for the first 8 processors :
  Max Mhz: 2401, Current Mhz: 2401, Mhz Limit: 2401

Memory: 4k page, system-wide physical 5965M (15M free)
TotalPageFile size 24397M (AvailPageFile size 4M)
current process WorkingSet (physical memory assigned to process): 77M, peak: 192M
current process commit charge ("private bytes"): 287M, peak: 289M

vm_info: OpenJDK 64-Bit Server VM (21.0.6+7-LTS) for windows-amd64 JRE (21.0.6+7-LTS), built on 2025-01-21T00:00:00Z by "admin" with MS VC++ 17.7 (VS2022)

END.
