#
# There is insufficient memory for the Java Runtime Environment to continue.
# Native memory allocation (malloc) failed to allocate 1432832 bytes. Error detail: Chunk::new
# Possible reasons:
#   The system is out of physical RAM or swap space
#   This process is running with CompressedOops enabled, and the Java Heap may be blocking the growth of the native heap
# Possible solutions:
#   Reduce memory load on the system
#   Increase physical memory or swap space
#   Check if swap backing store is full
#   Decrease Java heap size (-Xmx/-Xms)
#   Decrease number of Java threads
#   Decrease Java thread stack sizes (-Xss)
#   Set larger code cache with -XX:ReservedCodeCacheSize=
#   JVM is running with Unscaled Compressed Oops mode in which the Java heap is
#     placed in the first 4GB address space. The Java Heap base address is the
#     maximum limit for the native heap growth. Please use -XX:HeapBaseMinAddress
#     to set the Java Heap base and to place the Java Heap above 4GB virtual address.
# This output file may be truncated or incomplete.
#
#  Out of Memory Error (arena.cpp:168), pid=7376, tid=12236
#
# JRE version: OpenJDK Runtime Environment Temurin-21.0.6+7 (21.0.6+7) (build 21.0.6+7-LTS)
# Java VM: OpenJDK 64-Bit Server VM Temurin-21.0.6+7 (21.0.6+7-LTS, mixed mode, sharing, tiered, compressed oops, compressed class ptrs, parallel gc, windows-amd64)
# No core dump will be written. Minidumps are not enabled by default on client versions of Windows
#

---------------  S U M M A R Y ------------

Command Line: --add-modules=ALL-SYSTEM --add-opens=java.base/java.util=ALL-UNNAMED --add-opens=java.base/java.lang=ALL-UNNAMED --add-opens=java.base/sun.nio.fs=ALL-UNNAMED -Declipse.application=org.eclipse.jdt.ls.core.id1 -Dosgi.bundles.defaultStartLevel=4 -Declipse.product=org.eclipse.jdt.ls.core.product -Djava.import.generatesMetadataFilesAtProjectRoot=false -DDetectVMInstallationsJob.disabled=true -Dfile.encoding=utf8 -XX:+UseParallelGC -XX:GCTimeRatio=4 -XX:AdaptiveSizePolicyWeight=90 -Dsun.zip.disableMemoryMapping=true -Xmx1G -Xms100m -Xlog:disable -javaagent:c:\Users\Aditya\.cursor\extensions\redhat.java-1.40.0-win32-x64\lombok\lombok-1.18.36.jar c:\Users\Aditya\.cursor\extensions\redhat.java-1.40.0-win32-x64\server\plugins\org.eclipse.equinox.launcher_1.6.1000.v20250131-0606.jar -configuration c:\Users\Aditya\AppData\Roaming\Cursor\User\globalStorage\redhat.java\1.40.0\config_ss_win -data c:\Users\Aditya\AppData\Roaming\Cursor\User\workspaceStorage\75144affba70cc5b32179d372713c5c2\redhat.java\ss_ws --pipe=\\.\pipe\lsp-4240adb1da5b6024cb355e5e1db8a5b2-sock

Host: AMD Ryzen 3 7320U with Radeon Graphics         , 8 cores, 5G,  Windows 11 , 64 bit Build 26100 (10.0.26100.3037)
Time: Sat Mar  8 21:05:53 2025 India Standard Time elapsed time: 9.394050 seconds (0d 0h 0m 9s)

---------------  T H R E A D  ---------------

Current thread (0x000001ea601cb0b0):  JavaThread "C2 CompilerThread0" daemon [_thread_in_native, id=12236, stack(0x000000289b600000,0x000000289b700000) (1024K)]


Current CompileTask:
C2:9394 2352       4       org.eclipse.core.internal.dtree.DataTreeReader::readNode (248 bytes)

Stack: [0x000000289b600000,0x000000289b700000]
Native frames: (J=compiled Java code, j=interpreted, Vv=VM code, C=native code)
V  [jvm.dll+0x6cdee9]
V  [jvm.dll+0x8a83d1]
V  [jvm.dll+0x8aa8fe]
V  [jvm.dll+0x8aafe3]
V  [jvm.dll+0x27f706]
V  [jvm.dll+0xc500d]
V  [jvm.dll+0xc5543]
V  [jvm.dll+0x3b678c]
V  [jvm.dll+0x1dfe13]
V  [jvm.dll+0x247b42]
V  [jvm.dll+0x246fcf]
V  [jvm.dll+0x1c75ee]
V  [jvm.dll+0x25685a]
V  [jvm.dll+0x254dfa]
V  [jvm.dll+0x3f0256]
V  [jvm.dll+0x851f8b]
V  [jvm.dll+0x6cc5ed]
C  [ucrtbase.dll+0x37b0]
C  [KERNEL32.DLL+0x2e8d7]
C  [ntdll.dll+0xbbf2c]


---------------  P R O C E S S  ---------------

Threads class SMR info:
_java_thread_list=0x000001ea666d9310, length=17, elements={
0x000001ea0acec920, 0x000001ea601bfa50, 0x000001ea601c1f80, 0x000001ea601c3fe0,
0x000001ea601c4c30, 0x000001ea601c5780, 0x000001ea601ca330, 0x000001ea601cb0b0,
0x000001ea61a88510, 0x000001ea61b56230, 0x000001ea61d72c80, 0x000001ea6637d990,
0x000001ea665945c0, 0x000001ea66541110, 0x000001ea66782900, 0x000001ea667ca330,
0x000001ea666a7fd0
}

Java Threads: ( => current thread )
  0x000001ea0acec920 JavaThread "main"                              [_thread_blocked, id=18844, stack(0x000000289ac00000,0x000000289ad00000) (1024K)]
  0x000001ea601bfa50 JavaThread "Reference Handler"          daemon [_thread_blocked, id=6124, stack(0x000000289b000000,0x000000289b100000) (1024K)]
  0x000001ea601c1f80 JavaThread "Finalizer"                  daemon [_thread_blocked, id=21572, stack(0x000000289b100000,0x000000289b200000) (1024K)]
  0x000001ea601c3fe0 JavaThread "Signal Dispatcher"          daemon [_thread_blocked, id=5108, stack(0x000000289b200000,0x000000289b300000) (1024K)]
  0x000001ea601c4c30 JavaThread "Attach Listener"            daemon [_thread_blocked, id=5800, stack(0x000000289b300000,0x000000289b400000) (1024K)]
  0x000001ea601c5780 JavaThread "Service Thread"             daemon [_thread_blocked, id=6900, stack(0x000000289b400000,0x000000289b500000) (1024K)]
  0x000001ea601ca330 JavaThread "Monitor Deflation Thread"   daemon [_thread_blocked, id=9156, stack(0x000000289b500000,0x000000289b600000) (1024K)]
=>0x000001ea601cb0b0 JavaThread "C2 CompilerThread0"         daemon [_thread_in_native, id=12236, stack(0x000000289b600000,0x000000289b700000) (1024K)]
  0x000001ea61a88510 JavaThread "C1 CompilerThread0"         daemon [_thread_blocked, id=15064, stack(0x000000289b700000,0x000000289b800000) (1024K)]
  0x000001ea61b56230 JavaThread "Common-Cleaner"             daemon [_thread_blocked, id=6520, stack(0x000000289b800000,0x000000289b900000) (1024K)]
  0x000001ea61d72c80 JavaThread "Notification Thread"        daemon [_thread_blocked, id=19632, stack(0x000000289b900000,0x000000289ba00000) (1024K)]
  0x000001ea6637d990 JavaThread "Active Thread: Equinox Container: 63d6d81e-b8e1-4dda-9cc7-cf4b0c59bddc"        [_thread_blocked, id=14524, stack(0x000000289c000000,0x000000289c100000) (1024K)]
  0x000001ea665945c0 JavaThread "Framework Event Dispatcher: Equinox Container: 63d6d81e-b8e1-4dda-9cc7-cf4b0c59bddc" daemon [_thread_blocked, id=23328, stack(0x000000289c100000,0x000000289c200000) (1024K)]
  0x000001ea66541110 JavaThread "Start Level: Equinox Container: 63d6d81e-b8e1-4dda-9cc7-cf4b0c59bddc" daemon [_thread_blocked, id=23780, stack(0x000000289c200000,0x000000289c300000) (1024K)]
  0x000001ea66782900 JavaThread "SCR Component Actor"        daemon [_thread_blocked, id=24516, stack(0x000000289c300000,0x000000289c400000) (1024K)]
  0x000001ea667ca330 JavaThread "SCR Component Registry"     daemon [_thread_blocked, id=4560, stack(0x000000289c500000,0x000000289c600000) (1024K)]
  0x000001ea666a7fd0 JavaThread "Worker-JM"                         [_thread_blocked, id=23504, stack(0x000000289c600000,0x000000289c700000) (1024K)]
Total: 17

Other Threads:
  0x000001ea601a34a0 VMThread "VM Thread"                           [id=13276, stack(0x000000289af00000,0x000000289b000000) (1024K)]
  0x000001ea600dca00 WatcherThread "VM Periodic Task Thread"        [id=23436, stack(0x000000289ae00000,0x000000289af00000) (1024K)]
  0x000001ea0ad0ab20 WorkerThread "GC Thread#0"                     [id=2600, stack(0x000000289ad00000,0x000000289ae00000) (1024K)]
  0x000001ea664ead90 WorkerThread "GC Thread#1"                     [id=17500, stack(0x000000289ba00000,0x000000289bb00000) (1024K)]
  0x000001ea6609cee0 WorkerThread "GC Thread#2"                     [id=11636, stack(0x000000289bb00000,0x000000289bc00000) (1024K)]
  0x000001ea66240d50 WorkerThread "GC Thread#3"                     [id=23456, stack(0x000000289bc00000,0x000000289bd00000) (1024K)]
  0x000001ea662581b0 WorkerThread "GC Thread#4"                     [id=9812, stack(0x000000289bd00000,0x000000289be00000) (1024K)]
  0x000001ea66258550 WorkerThread "GC Thread#5"                     [id=16240, stack(0x000000289be00000,0x000000289bf00000) (1024K)]
  0x000001ea662588f0 WorkerThread "GC Thread#6"                     [id=21860, stack(0x000000289bf00000,0x000000289c000000) (1024K)]
  0x000001ea66559560 WorkerThread "GC Thread#7"                     [id=3908, stack(0x000000289c400000,0x000000289c500000) (1024K)]
Total: 10

Threads with active compile tasks:
C2 CompilerThread0  9425 2352       4       org.eclipse.core.internal.dtree.DataTreeReader::readNode (248 bytes)
Total: 1

VM state: at safepoint (normal execution)

VM Mutex/Monitor currently owned by a thread:  ([mutex/lock_event])
[0x00007ffdc969e380] Threads_lock - owner thread: 0x000001ea601a34a0
[0x00007ffdc969e480] Heap_lock - owner thread: 0x000001ea66541110

Heap address: 0x00000000c0000000, size: 1024 MB, Compressed Oops mode: 32-bit

CDS archive(s) mapped at: [0x000001ea1f000000-0x000001ea1fba0000-0x000001ea1fba0000), size 12189696, SharedBaseAddress: 0x000001ea1f000000, ArchiveRelocationMode: 1.
Compressed class space mapped at: 0x000001ea20000000-0x000001ea60000000, reserved size: 1073741824
Narrow klass base: 0x000001ea1f000000, Narrow klass shift: 0, Narrow klass range: 0x100000000

GC Precious Log:
 CardTable entry size: 512
 CPUs: 8 total, 8 available
 Memory: 5965M
 Large Page Support: Disabled
 NUMA Support: Disabled
 Compressed Oops: Enabled (32-bit)
 Alignments: Space 512K, Generation 512K, Heap 2M
 Heap Min Capacity: 100M
 Heap Initial Capacity: 100M
 Heap Max Capacity: 1G
 Pre-touch: Disabled
 Parallel Workers: 8

Heap:
 PSYoungGen      total 29696K, used 29670K [0x00000000eab00000, 0x00000000ecc00000, 0x0000000100000000)
  eden space 25600K, 100% used [0x00000000eab00000,0x00000000ec400000,0x00000000ec400000)
  from space 4096K, 99% used [0x00000000ec400000,0x00000000ec7f9a80,0x00000000ec800000)
  to   space 4096K, 99% used [0x00000000ec800000,0x00000000ecbfda70,0x00000000ecc00000)
 ParOldGen       total 68608K, used 14391K [0x00000000c0000000, 0x00000000c4300000, 0x00000000eab00000)
  object space 68608K, 20% used [0x00000000c0000000,0x00000000c0e13c78,0x00000000c4300000)
 Metaspace       used 13725K, committed 14272K, reserved 1114112K
  class space    used 1377K, committed 1600K, reserved 1048576K

Card table byte_map: [0x000001ea0a690000,0x000001ea0a8a0000] _byte_map_base: 0x000001ea0a090000

Marking Bits: (ParMarkBitMap*) 0x00007ffdc96a3260
 Begin Bits: [0x000001ea1cee0000, 0x000001ea1dee0000)
 End Bits:   [0x000001ea1dee0000, 0x000001ea1eee0000)

Polling page: 0x000001ea08ae0000

Metaspace:

Usage:
  Non-class:     12.06 MB used.
      Class:      1.35 MB used.
       Both:     13.40 MB used.

Virtual space:
  Non-class space:       64.00 MB reserved,      12.38 MB ( 19%) committed,  1 nodes.
      Class space:        1.00 GB reserved,       1.56 MB ( <1%) committed,  1 nodes.
             Both:        1.06 GB reserved,      13.94 MB (  1%) committed. 

Chunk freelists:
   Non-Class:  3.47 MB
       Class:  14.41 MB
        Both:  17.88 MB

MaxMetaspaceSize: unlimited
CompressedClassSpaceSize: 1.00 GB
Initial GC threshold: 21.00 MB
Current GC threshold: 21.00 MB
CDS: on
 - commit_granule_bytes: 65536.
 - commit_granule_words: 8192.
 - virtual_space_node_default_size: 8388608.
 - enlarge_chunks_in_place: 1.
 - use_allocation_guard: 0.


Internal statistics:

num_allocs_failed_limit: 0.
num_arena_births: 406.
num_arena_deaths: 0.
num_vsnodes_births: 2.
num_vsnodes_deaths: 0.
num_space_committed: 223.
num_space_uncommitted: 0.
num_chunks_returned_to_freelist: 0.
num_chunks_taken_from_freelist: 883.
num_chunk_merges: 0.
num_chunk_splits: 575.
num_chunks_enlarged: 355.
num_inconsistent_stats: 0.

CodeHeap 'non-profiled nmethods': size=120000Kb used=941Kb max_used=941Kb free=119058Kb
 bounds [0x000001ea159b0000, 0x000001ea15c20000, 0x000001ea1cee0000]
CodeHeap 'profiled nmethods': size=120000Kb used=4521Kb max_used=4521Kb free=115478Kb
 bounds [0x000001ea0dee0000, 0x000001ea0e350000, 0x000001ea15410000]
CodeHeap 'non-nmethods': size=5760Kb used=1254Kb max_used=1271Kb free=4505Kb
 bounds [0x000001ea15410000, 0x000001ea15680000, 0x000001ea159b0000]
 total_blobs=2868 nmethods=2343 adapters=431
 compilation: enabled
              stopped_count=0, restarted_count=0
 full_count=0

Compilation events (20 events):
Event: 7.011 Thread 0x000001ea61a88510 2320       3       java.util.concurrent.atomic.AtomicLong::getAndIncrement (12 bytes)
Event: 7.011 Thread 0x000001ea61a88510 nmethod 2320 0x000001ea0e346f10 code [0x000001ea0e3470a0, 0x000001ea0e3471c0]
Event: 7.011 Thread 0x000001ea61a88510 2327       3       org.eclipse.core.internal.resources.Workspace::newElement (98 bytes)
Event: 7.012 Thread 0x000001ea61a88510 nmethod 2327 0x000001ea0e347290 code [0x000001ea0e3474e0, 0x000001ea0e348080]
Event: 7.012 Thread 0x000001ea61a88510 2328       3       org.eclipse.core.internal.resources.ResourceInfo::<init> (12 bytes)
Event: 7.013 Thread 0x000001ea61a88510 nmethod 2328 0x000001ea0e348490 code [0x000001ea0e348640, 0x000001ea0e3487c8]
Event: 7.013 Thread 0x000001ea61a88510 2329       3       org.eclipse.core.internal.resources.Workspace::nextNodeId (8 bytes)
Event: 7.013 Thread 0x000001ea61a88510 nmethod 2329 0x000001ea0e348890 code [0x000001ea0e348a40, 0x000001ea0e348b80]
Event: 8.012 Thread 0x000001ea61a88510 2339       3       org.eclipse.core.internal.resources.ResourceInfo::readFrom (49 bytes)
Event: 8.013 Thread 0x000001ea61a88510 nmethod 2339 0x000001ea0e348c90 code [0x000001ea0e348e80, 0x000001ea0e349308]
Event: 8.055 Thread 0x000001ea601cb0b0 nmethod 2297 0x000001ea15a96090 code [0x000001ea15a96ee0, 0x000001ea15a98b88]
Event: 8.056 Thread 0x000001ea601cb0b0 2352       4       org.eclipse.core.internal.dtree.DataTreeReader::readNode (248 bytes)
Event: 8.058 Thread 0x000001ea61a88510 2358       3       java.io.BufferedInputStream::getBufIfOpen (61 bytes)
Event: 8.058 Thread 0x000001ea61a88510 nmethod 2358 0x000001ea0e349410 code [0x000001ea0e3495e0, 0x000001ea0e349968]
Event: 9.134 Thread 0x000001ea61a88510 2361       2       jdk.internal.misc.Unsafe::putReferenceOpaque (9 bytes)
Event: 9.134 Thread 0x000001ea61a88510 nmethod 2361 0x000001ea0e349a90 code [0x000001ea0e349c20, 0x000001ea0e349d48]
Event: 9.184 Thread 0x000001ea61a88510 2362       2       java.util.concurrent.locks.LockSupport::setBlocker (12 bytes)
Event: 9.184 Thread 0x000001ea61a88510 nmethod 2362 0x000001ea0e349e10 code [0x000001ea0e349fc0, 0x000001ea0e34a0e0]
Event: 9.387 Thread 0x000001ea61a88510 2364       2       java.util.concurrent.TimeUnit::toNanos (45 bytes)
Event: 9.387 Thread 0x000001ea61a88510 nmethod 2364 0x000001ea0e34a190 code [0x000001ea0e34a340, 0x000001ea0e34a518]

GC Heap History (6 events):
Event: 2.548 GC heap before
{Heap before GC invocations=1 (full 0):
 PSYoungGen      total 29696K, used 25600K [0x00000000eab00000, 0x00000000ecc00000, 0x0000000100000000)
  eden space 25600K, 100% used [0x00000000eab00000,0x00000000ec400000,0x00000000ec400000)
  from space 4096K, 0% used [0x00000000ec800000,0x00000000ec800000,0x00000000ecc00000)
  to   space 4096K, 0% used [0x00000000ec400000,0x00000000ec400000,0x00000000ec800000)
 ParOldGen       total 68608K, used 0K [0x00000000c0000000, 0x00000000c4300000, 0x00000000eab00000)
  object space 68608K, 0% used [0x00000000c0000000,0x00000000c0000000,0x00000000c4300000)
 Metaspace       used 4343K, committed 4544K, reserved 1114112K
  class space    used 436K, committed 512K, reserved 1048576K
}
Event: 2.563 GC heap after
{Heap after GC invocations=1 (full 0):
 PSYoungGen      total 29696K, used 3173K [0x00000000eab00000, 0x00000000ecc00000, 0x0000000100000000)
  eden space 25600K, 0% used [0x00000000eab00000,0x00000000eab00000,0x00000000ec400000)
  from space 4096K, 77% used [0x00000000ec400000,0x00000000ec7197f0,0x00000000ec800000)
  to   space 4096K, 0% used [0x00000000ec800000,0x00000000ec800000,0x00000000ecc00000)
 ParOldGen       total 68608K, used 0K [0x00000000c0000000, 0x00000000c4300000, 0x00000000eab00000)
  object space 68608K, 0% used [0x00000000c0000000,0x00000000c0000000,0x00000000c4300000)
 Metaspace       used 4343K, committed 4544K, reserved 1114112K
  class space    used 436K, committed 512K, reserved 1048576K
}
Event: 4.672 GC heap before
{Heap before GC invocations=2 (full 0):
 PSYoungGen      total 29696K, used 28773K [0x00000000eab00000, 0x00000000ecc00000, 0x0000000100000000)
  eden space 25600K, 100% used [0x00000000eab00000,0x00000000ec400000,0x00000000ec400000)
  from space 4096K, 77% used [0x00000000ec400000,0x00000000ec7197f0,0x00000000ec800000)
  to   space 4096K, 0% used [0x00000000ec800000,0x00000000ec800000,0x00000000ecc00000)
 ParOldGen       total 68608K, used 0K [0x00000000c0000000, 0x00000000c4300000, 0x00000000eab00000)
  object space 68608K, 0% used [0x00000000c0000000,0x00000000c0000000,0x00000000c4300000)
 Metaspace       used 8186K, committed 8512K, reserved 1114112K
  class space    used 808K, committed 960K, reserved 1048576K
}
Event: 4.679 GC heap after
{Heap after GC invocations=2 (full 0):
 PSYoungGen      total 29696K, used 4085K [0x00000000eab00000, 0x00000000ecc00000, 0x0000000100000000)
  eden space 25600K, 0% used [0x00000000eab00000,0x00000000eab00000,0x00000000ec400000)
  from space 4096K, 99% used [0x00000000ec800000,0x00000000ecbfd7e0,0x00000000ecc00000)
  to   space 4096K, 0% used [0x00000000ec400000,0x00000000ec400000,0x00000000ec800000)
 ParOldGen       total 68608K, used 822K [0x00000000c0000000, 0x00000000c4300000, 0x00000000eab00000)
  object space 68608K, 1% used [0x00000000c0000000,0x00000000c00cd820,0x00000000c4300000)
 Metaspace       used 8186K, committed 8512K, reserved 1114112K
  class space    used 808K, committed 960K, reserved 1048576K
}
Event: 6.568 GC heap before
{Heap before GC invocations=3 (full 0):
 PSYoungGen      total 29696K, used 29685K [0x00000000eab00000, 0x00000000ecc00000, 0x0000000100000000)
  eden space 25600K, 100% used [0x00000000eab00000,0x00000000ec400000,0x00000000ec400000)
  from space 4096K, 99% used [0x00000000ec800000,0x00000000ecbfd7e0,0x00000000ecc00000)
  to   space 4096K, 0% used [0x00000000ec400000,0x00000000ec400000,0x00000000ec800000)
 ParOldGen       total 68608K, used 822K [0x00000000c0000000, 0x00000000c4300000, 0x00000000eab00000)
  object space 68608K, 1% used [0x00000000c0000000,0x00000000c00cd820,0x00000000c4300000)
 Metaspace       used 12935K, committed 13440K, reserved 1114112K
  class space    used 1298K, committed 1472K, reserved 1048576K
}
Event: 6.573 GC heap after
{Heap after GC invocations=3 (full 0):
 PSYoungGen      total 29696K, used 4070K [0x00000000eab00000, 0x00000000ecc00000, 0x0000000100000000)
  eden space 25600K, 0% used [0x00000000eab00000,0x00000000eab00000,0x00000000ec400000)
  from space 4096K, 99% used [0x00000000ec400000,0x00000000ec7f9a80,0x00000000ec800000)
  to   space 4096K, 0% used [0x00000000ec800000,0x00000000ec800000,0x00000000ecc00000)
 ParOldGen       total 68608K, used 2747K [0x00000000c0000000, 0x00000000c4300000, 0x00000000eab00000)
  object space 68608K, 4% used [0x00000000c0000000,0x00000000c02aec38,0x00000000c4300000)
 Metaspace       used 12935K, committed 13440K, reserved 1114112K
  class space    used 1298K, committed 1472K, reserved 1048576K
}

Dll operation events (9 events):
Event: 0.023 Loaded shared library c:\Users\Aditya\.cursor\extensions\redhat.java-1.40.0-win32-x64\jre\21.0.6-win32-x86_64\bin\java.dll
Event: 0.357 Loaded shared library c:\Users\Aditya\.cursor\extensions\redhat.java-1.40.0-win32-x64\jre\21.0.6-win32-x86_64\bin\zip.dll
Event: 0.462 Loaded shared library C:\Users\Aditya\.cursor\extensions\redhat.java-1.40.0-win32-x64\jre\21.0.6-win32-x86_64\bin\instrument.dll
Event: 0.520 Loaded shared library C:\Users\Aditya\.cursor\extensions\redhat.java-1.40.0-win32-x64\jre\21.0.6-win32-x86_64\bin\net.dll
Event: 0.525 Loaded shared library C:\Users\Aditya\.cursor\extensions\redhat.java-1.40.0-win32-x64\jre\21.0.6-win32-x86_64\bin\nio.dll
Event: 0.534 Loaded shared library C:\Users\Aditya\.cursor\extensions\redhat.java-1.40.0-win32-x64\jre\21.0.6-win32-x86_64\bin\zip.dll
Event: 0.607 Loaded shared library C:\Users\Aditya\.cursor\extensions\redhat.java-1.40.0-win32-x64\jre\21.0.6-win32-x86_64\bin\jimage.dll
Event: 1.002 Loaded shared library c:\Users\Aditya\.cursor\extensions\redhat.java-1.40.0-win32-x64\jre\21.0.6-win32-x86_64\bin\verify.dll
Event: 4.458 Loaded shared library C:\Users\Aditya\AppData\Roaming\Cursor\User\globalStorage\redhat.java\1.40.0\config_ss_win\org.eclipse.equinox.launcher\org.eclipse.equinox.launcher.win32.win32.x86_64_1.2.1200.v20250212-0927\eclipse_11909.dll

Deoptimization events (20 events):
Event: 5.349 Thread 0x000001ea66541110 Uncommon trap: trap_request=0xffffffc6 fr.pc=0x000001ea15a6f9e4 relative=0x0000000000001364
Event: 5.349 Thread 0x000001ea66541110 Uncommon trap: reason=bimorphic_or_optimized_type_check action=maybe_recompile pc=0x000001ea15a6f9e4 method=java.io.DataInputStream.readFully([BII)V @ 30 c2
Event: 5.349 Thread 0x000001ea66541110 DEOPT PACKING pc=0x000001ea15a6f9e4 sp=0x000000289c2fb8d0
Event: 5.349 Thread 0x000001ea66541110 DEOPT UNPACKING pc=0x000001ea15463aa2 sp=0x000000289c2fb8b8 mode 2
Event: 5.795 Thread 0x000001ea66541110 Uncommon trap: trap_request=0xffffff45 fr.pc=0x000001ea15a087f8 relative=0x00000000000019b8
Event: 5.795 Thread 0x000001ea66541110 Uncommon trap: reason=unstable_if action=reinterpret pc=0x000001ea15a087f8 method=java.util.jar.Manifest$FastInputStream.readLine([BII)I @ 106 c2
Event: 5.795 Thread 0x000001ea66541110 DEOPT PACKING pc=0x000001ea15a087f8 sp=0x000000289c2fe230
Event: 5.795 Thread 0x000001ea66541110 DEOPT UNPACKING pc=0x000001ea15463aa2 sp=0x000000289c2fe110 mode 2
Event: 5.796 Thread 0x000001ea66541110 Uncommon trap: trap_request=0xffffff45 fr.pc=0x000001ea15a04648 relative=0x0000000000000468
Event: 5.796 Thread 0x000001ea66541110 Uncommon trap: reason=unstable_if action=reinterpret pc=0x000001ea15a04648 method=java.util.jar.Manifest$FastInputStream.readLine([BII)I @ 106 c2
Event: 5.796 Thread 0x000001ea66541110 DEOPT PACKING pc=0x000001ea15a04648 sp=0x000000289c2fe1d0
Event: 5.796 Thread 0x000001ea66541110 DEOPT UNPACKING pc=0x000001ea15463aa2 sp=0x000000289c2fe108 mode 2
Event: 5.796 Thread 0x000001ea66541110 Uncommon trap: trap_request=0xffffff45 fr.pc=0x000001ea159f6fe4 relative=0x0000000000000484
Event: 5.796 Thread 0x000001ea66541110 Uncommon trap: reason=unstable_if action=reinterpret pc=0x000001ea159f6fe4 method=java.util.jar.Manifest$FastInputStream.readLine([BII)I @ 106 c2
Event: 5.796 Thread 0x000001ea66541110 DEOPT PACKING pc=0x000001ea159f6fe4 sp=0x000000289c2fe160
Event: 5.796 Thread 0x000001ea66541110 DEOPT UNPACKING pc=0x000001ea15463aa2 sp=0x000000289c2fe110 mode 2
Event: 6.598 Thread 0x000001ea66541110 Uncommon trap: trap_request=0xffffff45 fr.pc=0x000001ea15a8b938 relative=0x0000000000001118
Event: 6.598 Thread 0x000001ea66541110 Uncommon trap: reason=unstable_if action=reinterpret pc=0x000001ea15a8b938 method=java.util.Properties.loadConvert([CIILjava/lang/StringBuilder;)Ljava/lang/String; @ 491 c2
Event: 6.598 Thread 0x000001ea66541110 DEOPT PACKING pc=0x000001ea15a8b938 sp=0x000000289c2f7ad0
Event: 6.598 Thread 0x000001ea66541110 DEOPT UNPACKING pc=0x000001ea15463aa2 sp=0x000000289c2f7ac0 mode 2

Classes loaded (20 events):
Event: 6.586 Loading class java/lang/IllegalCallerException
Event: 6.587 Loading class java/lang/IllegalCallerException done
Event: 6.600 Loading class java/lang/invoke/DirectMethodHandle$1
Event: 6.601 Loading class java/lang/invoke/DirectMethodHandle$1 done
Event: 6.713 Loading class java/util/stream/SortedOps
Event: 6.739 Loading class java/util/stream/SortedOps done
Event: 6.739 Loading class java/util/stream/SortedOps$OfRef
Event: 6.739 Loading class java/util/stream/ReferencePipeline$StatefulOp
Event: 6.741 Loading class java/util/stream/ReferencePipeline$StatefulOp done
Event: 6.741 Loading class java/util/stream/SortedOps$OfRef done
Event: 6.741 Loading class java/util/stream/SortedOps$RefSortingSink
Event: 6.741 Loading class java/util/stream/SortedOps$AbstractRefSortingSink
Event: 6.741 Loading class java/util/stream/SortedOps$AbstractRefSortingSink done
Event: 6.741 Loading class java/util/stream/SortedOps$RefSortingSink done
Event: 6.806 Loading class java/util/zip/ZipOutputStream
Event: 6.807 Loading class java/util/zip/DeflaterOutputStream
Event: 6.807 Loading class java/util/zip/DeflaterOutputStream done
Event: 6.807 Loading class java/util/zip/ZipOutputStream done
Event: 6.814 Loading class java/util/concurrent/ExecutionException
Event: 6.814 Loading class java/util/concurrent/ExecutionException done

Classes unloaded (0 events):
No events

Classes redefined (0 events):
No events

Internal exceptions (20 events):
Event: 2.726 Thread 0x000001ea0acec920 Exception <a 'java/lang/NoSuchMethodError'{0x00000000ead45728}: 'void java.lang.invoke.DirectMethodHandle$Holder.invokeStatic(java.lang.Object, java.lang.Object)'> (0x00000000ead45728) 
thrown [s\src\hotspot\share\interpreter\linkResolver.cpp, line 773]
Event: 2.726 Thread 0x000001ea0acec920 Exception <a 'java/lang/NoSuchMethodError'{0x00000000ead48ad0}: 'void java.lang.invoke.DirectMethodHandle$Holder.invokeStaticInit(java.lang.Object, java.lang.Object)'> (0x00000000ead48ad0) 
thrown [s\src\hotspot\share\interpreter\linkResolver.cpp, line 773]
Event: 2.729 Thread 0x000001ea0acec920 Exception <a 'java/lang/NoSuchMethodError'{0x00000000ead4fad0}: 'int java.lang.invoke.DirectMethodHandle$Holder.invokeStaticInit(java.lang.Object, java.lang.Object)'> (0x00000000ead4fad0) 
thrown [s\src\hotspot\share\interpreter\linkResolver.cpp, line 773]
Event: 2.843 Thread 0x000001ea0acec920 Exception <a 'java/lang/NoSuchMethodError'{0x00000000eae8edf0}: 'void java.lang.invoke.DirectMethodHandle$Holder.invokeSpecial(java.lang.Object, java.lang.Object, java.lang.Object)'> (0x00000000eae8edf0) 
thrown [s\src\hotspot\share\interpreter\linkResolver.cpp, line 773]
Event: 3.439 Thread 0x000001ea0acec920 Exception <a 'java/lang/NoSuchMethodError'{0x00000000eb74a3f8}: 'int java.lang.invoke.DirectMethodHandle$Holder.invokeVirtual(java.lang.Object, java.lang.Object)'> (0x00000000eb74a3f8) 
thrown [s\src\hotspot\share\interpreter\linkResolver.cpp, line 773]
Event: 3.920 Thread 0x000001ea0acec920 Exception <a 'java/lang/NoSuchMethodError'{0x00000000ebaaca88}: 'java.lang.Object java.lang.invoke.DirectMethodHandle$Holder.newInvokeSpecial(java.lang.Object, int, java.lang.Object)'> (0x00000000ebaaca88) 
thrown [s\src\hotspot\share\interpreter\linkResolver.cpp, line 773]
Event: 3.996 Thread 0x000001ea0acec920 Exception <a 'java/lang/NoSuchMethodError'{0x00000000ebc43f70}: 'java.lang.Object java.lang.invoke.DirectMethodHandle$Holder.newInvokeSpecial(java.lang.Object, java.lang.Object, java.lang.Object, java.lang.Object, int, java.lang.Object)'> (0x00000000ebc43f70) 
thrown [s\src\hotspot\share\interpreter\linkResolver.cpp, line 773]
Event: 4.441 Thread 0x000001ea0acec920 Exception <a 'java/lang/UnsatisfiedLinkError'{0x00000000ec09fea8}: 'void org.eclipse.equinox.launcher.JNIBridge._update_splash()'> (0x00000000ec09fea8) 
thrown [s\src\hotspot\share\prims\nativeLookup.cpp, line 415]
Event: 4.734 Thread 0x000001ea66541110 Exception <a 'java/lang/NullPointerException'{0x00000000eac45968}> (0x00000000eac45968) 
thrown [s\src\hotspot\share\interpreter\linkResolver.cpp, line 1372]
Event: 4.735 Thread 0x000001ea66541110 Exception <a 'java/lang/NullPointerException'{0x00000000eac45c48}> (0x00000000eac45c48) 
thrown [s\src\hotspot\share\interpreter\linkResolver.cpp, line 1372]
Event: 5.333 Thread 0x000001ea66541110 Exception <a 'java/io/FileNotFoundException'{0x00000000eb71b7d0}> (0x00000000eb71b7d0) 
thrown [s\src\hotspot\share\prims\jni.cpp, line 520]
Event: 5.750 Thread 0x000001ea66541110 Exception <a 'java/lang/NoSuchMethodError'{0x00000000eb9eb9b8}: 'java.lang.Object java.lang.invoke.Invokers$Holder.linkToTargetMethod(java.lang.Object, long, java.lang.Object)'> (0x00000000eb9eb9b8) 
thrown [s\src\hotspot\share\interpreter\linkResolver.cpp, line 773]
Event: 5.947 Thread 0x000001ea66541110 Exception <a 'java/lang/NoSuchMethodError'{0x00000000ebd82c10}: 'void java.lang.invoke.DirectMethodHandle$Holder.invokeInterface(java.lang.Object, java.lang.Object, java.lang.Object)'> (0x00000000ebd82c10) 
thrown [s\src\hotspot\share\interpreter\linkResolver.cpp, line 773]
Event: 6.128 Thread 0x000001ea66541110 Exception <a 'java/lang/NoSuchMethodError'{0x00000000ebf84368}: 'void java.lang.invoke.Invokers$Holder.invokeExact_MT(java.lang.Object, java.lang.Object, java.lang.Object)'> (0x00000000ebf84368) 
thrown [s\src\hotspot\share\interpreter\linkResolver.cpp, line 773]
Event: 6.428 Thread 0x000001ea66541110 Exception <a 'java/lang/NoSuchMethodError'{0x00000000ec2456c0}: 'java.lang.Object java.lang.invoke.DirectMethodHandle$Holder.invokeVirtual(java.lang.Object, java.lang.Object, java.lang.Object)'> (0x00000000ec2456c0) 
thrown [s\src\hotspot\share\interpreter\linkResolver.cpp, line 773]
Event: 6.434 Thread 0x000001ea66541110 Exception <a 'java/lang/NoSuchMethodError'{0x00000000ec25d2a8}: 'java.lang.Object java.lang.invoke.DelegatingMethodHandle$Holder.reinvoke_L(java.lang.Object, java.lang.Object, java.lang.Object, java.lang.Object, int, int)'> (0x00000000ec25d2a8) 
thrown [s\src\hotspot\share\interpreter\linkResolver.cpp, line 773]
Event: 6.438 Thread 0x000001ea66541110 Exception <a 'java/lang/NoSuchMethodError'{0x00000000ec279678}: 'java.lang.Object java.lang.invoke.DirectMethodHandle$Holder.newInvokeSpecial(java.lang.Object, java.lang.Object, java.lang.Object, java.lang.Object, java.lang.Object, java.lang.Object)'> (0x00000000ec279678) 
thrown [s\src\hotspot\share\interpreter\linkResolver.cpp, line 773]
Event: 6.445 Thread 0x000001ea66541110 Exception <a 'java/lang/NoSuchMethodError'{0x00000000ec2a55c0}: 'void java.lang.invoke.Invokers$Holder.invokeExact_MT(java.lang.Object, java.lang.Object, java.lang.Object, java.lang.Object)'> (0x00000000ec2a55c0) 
thrown [s\src\hotspot\share\interpreter\linkResolver.cpp, line 773]
Event: 6.660 Thread 0x000001ea66541110 Exception <a 'java/io/FileNotFoundException'{0x00000000eac60ac8}> (0x00000000eac60ac8) 
thrown [s\src\hotspot\share\prims\jni.cpp, line 520]
Event: 6.676 Thread 0x000001ea66541110 Exception <a 'java/io/FileNotFoundException'{0x00000000eac675a8}> (0x00000000eac675a8) 
thrown [s\src\hotspot\share\prims\jni.cpp, line 520]

ZGC Phase Switch (0 events):
No events

VM Operations (20 events):
Event: 3.689 Executing VM operation: HandshakeAllThreads (Deoptimize)
Event: 3.689 Executing VM operation: HandshakeAllThreads (Deoptimize) done
Event: 3.708 Executing VM operation: HandshakeAllThreads (Deoptimize)
Event: 3.708 Executing VM operation: HandshakeAllThreads (Deoptimize) done
Event: 3.989 Executing VM operation: HandshakeAllThreads (Deoptimize)
Event: 3.989 Executing VM operation: HandshakeAllThreads (Deoptimize) done
Event: 4.672 Executing VM operation: ParallelGCFailedAllocation (Allocation Failure)
Event: 4.679 Executing VM operation: ParallelGCFailedAllocation (Allocation Failure) done
Event: 4.723 Executing VM operation: HandshakeAllThreads (Deoptimize)
Event: 4.723 Executing VM operation: HandshakeAllThreads (Deoptimize) done
Event: 4.981 Executing VM operation: HandshakeAllThreads (Deoptimize)
Event: 4.981 Executing VM operation: HandshakeAllThreads (Deoptimize) done
Event: 5.872 Executing VM operation: HandshakeAllThreads (Deoptimize)
Event: 5.872 Executing VM operation: HandshakeAllThreads (Deoptimize) done
Event: 5.872 Executing VM operation: Cleanup
Event: 5.872 Executing VM operation: Cleanup done
Event: 6.568 Executing VM operation: ParallelGCFailedAllocation (Allocation Failure)
Event: 6.573 Executing VM operation: ParallelGCFailedAllocation (Allocation Failure) done
Event: 7.573 Executing VM operation: Cleanup
Event: 7.573 Executing VM operation: Cleanup done

Memory protections (0 events):
No events

Nmethod flushes (0 events):
No events

Events (19 events):
Event: 0.054 Thread 0x000001ea0acec920 Thread added: 0x000001ea0acec920
Event: 0.093 Thread 0x000001ea0acec920 Thread added: 0x000001ea601bfa50
Event: 0.094 Thread 0x000001ea0acec920 Thread added: 0x000001ea601c1f80
Event: 0.095 Thread 0x000001ea0acec920 Thread added: 0x000001ea601c3fe0
Event: 0.096 Thread 0x000001ea0acec920 Thread added: 0x000001ea601c4c30
Event: 0.096 Thread 0x000001ea0acec920 Thread added: 0x000001ea601c5780
Event: 0.096 Thread 0x000001ea0acec920 Thread added: 0x000001ea601ca330
Event: 0.101 Thread 0x000001ea0acec920 Thread added: 0x000001ea601cb0b0
Event: 0.104 Thread 0x000001ea0acec920 Thread added: 0x000001ea61a88510
Event: 0.209 Thread 0x000001ea0acec920 Thread added: 0x000001ea61b56230
Event: 1.325 Thread 0x000001ea0acec920 Thread added: 0x000001ea61d72c80
Event: 3.655 Thread 0x000001ea0acec920 Thread added: 0x000001ea6637d990
Event: 4.375 Thread 0x000001ea0acec920 Thread added: 0x000001ea665945c0
Event: 4.408 Thread 0x000001ea0acec920 Thread added: 0x000001ea66541110
Event: 4.556 Thread 0x000001ea66541110 Thread added: 0x000001ea66782900
Event: 4.950 Thread 0x000001ea66541110 Thread added: 0x000001ea667ca330
Event: 5.193 Thread 0x000001ea61a88510 Thread added: 0x000001ea66636fa0
Event: 5.343 Thread 0x000001ea66636fa0 Thread exited: 0x000001ea66636fa0
Event: 5.980 Thread 0x000001ea66541110 Thread added: 0x000001ea666a7fd0


Dynamic libraries:
0x00007ff723390000 - 0x00007ff72339e000 	c:\Users\Aditya\.cursor\extensions\redhat.java-1.40.0-win32-x64\jre\21.0.6-win32-x86_64\bin\java.exe
0x00007ffe77440000 - 0x00007ffe776a3000 	C:\WINDOWS\SYSTEM32\ntdll.dll
0x00007ffe76470000 - 0x00007ffe76537000 	C:\WINDOWS\System32\KERNEL32.DLL
0x00007ffe74b50000 - 0x00007ffe74f17000 	C:\WINDOWS\System32\KERNELBASE.dll
0x00007ffe75130000 - 0x00007ffe7527c000 	C:\WINDOWS\System32\ucrtbase.dll
0x00007ffe6a500000 - 0x00007ffe6a518000 	c:\Users\Aditya\.cursor\extensions\redhat.java-1.40.0-win32-x64\jre\21.0.6-win32-x86_64\bin\jli.dll
0x00007ffe76650000 - 0x00007ffe76819000 	C:\WINDOWS\System32\USER32.dll
0x00007ffe74a60000 - 0x00007ffe74a87000 	C:\WINDOWS\System32\win32u.dll
0x00007ffe75dc0000 - 0x00007ffe75dea000 	C:\WINDOWS\System32\GDI32.dll
0x00007ffe74890000 - 0x00007ffe749bb000 	C:\WINDOWS\System32\gdi32full.dll
0x00007ffe747e0000 - 0x00007ffe74883000 	C:\WINDOWS\System32\msvcp_win.dll
0x00007ffe6a520000 - 0x00007ffe6a53e000 	c:\Users\Aditya\.cursor\extensions\redhat.java-1.40.0-win32-x64\jre\21.0.6-win32-x86_64\bin\VCRUNTIME140.dll
0x00007ffe5a150000 - 0x00007ffe5a3e0000 	C:\WINDOWS\WinSxS\amd64_microsoft.windows.common-controls_6595b64144ccf1df_6.0.26100.3037_none_3e09262ce333c378\COMCTL32.dll
0x00007ffe769c0000 - 0x00007ffe76a69000 	C:\WINDOWS\System32\msvcrt.dll
0x00007ffe76ec0000 - 0x00007ffe76eef000 	C:\WINDOWS\System32\IMM32.DLL
0x00007ffe6b930000 - 0x00007ffe6b93c000 	c:\Users\Aditya\.cursor\extensions\redhat.java-1.40.0-win32-x64\jre\21.0.6-win32-x86_64\bin\vcruntime140_1.dll
0x00007ffe40f20000 - 0x00007ffe40fad000 	c:\Users\Aditya\.cursor\extensions\redhat.java-1.40.0-win32-x64\jre\21.0.6-win32-x86_64\bin\msvcp140.dll
0x00007ffdc89f0000 - 0x00007ffdc9780000 	c:\Users\Aditya\.cursor\extensions\redhat.java-1.40.0-win32-x64\jre\21.0.6-win32-x86_64\bin\server\jvm.dll
0x00007ffe76fe0000 - 0x00007ffe77094000 	C:\WINDOWS\System32\ADVAPI32.dll
0x00007ffe75a70000 - 0x00007ffe75b16000 	C:\WINDOWS\System32\sechost.dll
0x00007ffe75e40000 - 0x00007ffe75f56000 	C:\WINDOWS\System32\RPCRT4.dll
0x00007ffe76aa0000 - 0x00007ffe76b14000 	C:\WINDOWS\System32\WS2_32.dll
0x00007ffe59e80000 - 0x00007ffe59e8b000 	C:\WINDOWS\SYSTEM32\VERSION.dll
0x00007ffe745c0000 - 0x00007ffe7460e000 	C:\WINDOWS\SYSTEM32\POWRPROF.dll
0x00007ffe5d300000 - 0x00007ffe5d336000 	C:\WINDOWS\SYSTEM32\WINMM.dll
0x00007ffe74490000 - 0x00007ffe744a4000 	C:\WINDOWS\SYSTEM32\UMPDC.dll
0x00007ffe735d0000 - 0x00007ffe735ea000 	C:\WINDOWS\SYSTEM32\kernel.appcore.dll
0x00007ffe6b7b0000 - 0x00007ffe6b7ba000 	c:\Users\Aditya\.cursor\extensions\redhat.java-1.40.0-win32-x64\jre\21.0.6-win32-x86_64\bin\jimage.dll
0x00007ffe6ca70000 - 0x00007ffe6ccb1000 	C:\WINDOWS\SYSTEM32\DBGHELP.DLL
0x00007ffe76b20000 - 0x00007ffe76e9e000 	C:\WINDOWS\System32\combase.dll
0x00007ffe75280000 - 0x00007ffe75356000 	C:\WINDOWS\System32\OLEAUT32.dll
0x00007ffe565d0000 - 0x00007ffe56609000 	C:\WINDOWS\SYSTEM32\dbgcore.DLL
0x00007ffe749c0000 - 0x00007ffe74a59000 	C:\WINDOWS\System32\bcryptPrimitives.dll
0x00007ffe6b430000 - 0x00007ffe6b43f000 	c:\Users\Aditya\.cursor\extensions\redhat.java-1.40.0-win32-x64\jre\21.0.6-win32-x86_64\bin\instrument.dll
0x00007ffe67380000 - 0x00007ffe6739f000 	c:\Users\Aditya\.cursor\extensions\redhat.java-1.40.0-win32-x64\jre\21.0.6-win32-x86_64\bin\java.dll
0x00007ffe75360000 - 0x00007ffe75a64000 	C:\WINDOWS\System32\SHELL32.dll
0x00007ffe724a0000 - 0x00007ffe72cd7000 	C:\WINDOWS\SYSTEM32\windows.storage.dll
0x00007ffe77300000 - 0x00007ffe773e9000 	C:\WINDOWS\System32\SHCORE.dll
0x00007ffe76f00000 - 0x00007ffe76f5d000 	C:\WINDOWS\System32\shlwapi.dll
0x00007ffe746f0000 - 0x00007ffe7471e000 	C:\WINDOWS\SYSTEM32\profapi.dll
0x00007ffe64870000 - 0x00007ffe64888000 	c:\Users\Aditya\.cursor\extensions\redhat.java-1.40.0-win32-x64\jre\21.0.6-win32-x86_64\bin\zip.dll
0x00007ffe6ac60000 - 0x00007ffe6ac70000 	C:\Users\Aditya\.cursor\extensions\redhat.java-1.40.0-win32-x64\jre\21.0.6-win32-x86_64\bin\net.dll
0x00007ffe70350000 - 0x00007ffe7046e000 	C:\WINDOWS\SYSTEM32\WINHTTP.dll
0x00007ffe73ac0000 - 0x00007ffe73b2a000 	C:\WINDOWS\system32\mswsock.dll
0x00007ffe5d4b0000 - 0x00007ffe5d4c6000 	C:\Users\Aditya\.cursor\extensions\redhat.java-1.40.0-win32-x64\jre\21.0.6-win32-x86_64\bin\nio.dll
0x00007ffe6a950000 - 0x00007ffe6a960000 	c:\Users\Aditya\.cursor\extensions\redhat.java-1.40.0-win32-x64\jre\21.0.6-win32-x86_64\bin\verify.dll
0x00007ffe43670000 - 0x00007ffe436b5000 	C:\Users\Aditya\AppData\Roaming\Cursor\User\globalStorage\redhat.java\1.40.0\config_ss_win\org.eclipse.equinox.launcher\org.eclipse.equinox.launcher.win32.win32.x86_64_1.2.1200.v20250212-0927\eclipse_11909.dll
0x00007ffe76820000 - 0x00007ffe769b5000 	C:\WINDOWS\System32\ole32.dll

dbghelp: loaded successfully - version: 4.0.5 - missing functions: none
symbol engine: initialized successfully - sym options: 0x614 - pdb path: .;c:\Users\Aditya\.cursor\extensions\redhat.java-1.40.0-win32-x64\jre\21.0.6-win32-x86_64\bin;C:\WINDOWS\SYSTEM32;C:\WINDOWS\WinSxS\amd64_microsoft.windows.common-controls_6595b64144ccf1df_6.0.26100.3037_none_3e09262ce333c378;c:\Users\Aditya\.cursor\extensions\redhat.java-1.40.0-win32-x64\jre\21.0.6-win32-x86_64\bin\server;C:\Users\Aditya\AppData\Roaming\Cursor\User\globalStorage\redhat.java\1.40.0\config_ss_win\org.eclipse.equinox.launcher\org.eclipse.equinox.launcher.win32.win32.x86_64_1.2.1200.v20250212-0927

VM Arguments:
jvm_args: --add-modules=ALL-SYSTEM --add-opens=java.base/java.util=ALL-UNNAMED --add-opens=java.base/java.lang=ALL-UNNAMED --add-opens=java.base/sun.nio.fs=ALL-UNNAMED -Declipse.application=org.eclipse.jdt.ls.core.id1 -Dosgi.bundles.defaultStartLevel=4 -Declipse.product=org.eclipse.jdt.ls.core.product -Djava.import.generatesMetadataFilesAtProjectRoot=false -DDetectVMInstallationsJob.disabled=true -Dfile.encoding=utf8 -XX:+UseParallelGC -XX:GCTimeRatio=4 -XX:AdaptiveSizePolicyWeight=90 -Dsun.zip.disableMemoryMapping=true -Xmx1G -Xms100m -Xlog:disable -javaagent:c:\Users\Aditya\.cursor\extensions\redhat.java-1.40.0-win32-x64\lombok\lombok-1.18.36.jar 
java_command: c:\Users\Aditya\.cursor\extensions\redhat.java-1.40.0-win32-x64\server\plugins\org.eclipse.equinox.launcher_1.6.1000.v20250131-0606.jar -configuration c:\Users\Aditya\AppData\Roaming\Cursor\User\globalStorage\redhat.java\1.40.0\config_ss_win -data c:\Users\Aditya\AppData\Roaming\Cursor\User\workspaceStorage\75144affba70cc5b32179d372713c5c2\redhat.java\ss_ws --pipe=\\.\pipe\lsp-4240adb1da5b6024cb355e5e1db8a5b2-sock
java_class_path (initial): c:\Users\Aditya\.cursor\extensions\redhat.java-1.40.0-win32-x64\server\plugins\org.eclipse.equinox.launcher_1.6.1000.v20250131-0606.jar
Launcher Type: SUN_STANDARD

[Global flags]
    uintx AdaptiveSizePolicyWeight                 = 90                                        {product} {command line}
     intx CICompilerCount                          = 4                                         {product} {ergonomic}
    uintx GCTimeRatio                              = 4                                         {product} {command line}
   size_t InitialHeapSize                          = 104857600                                 {product} {command line}
   size_t MaxHeapSize                              = 1073741824                                {product} {command line}
   size_t MaxNewSize                               = 357564416                                 {product} {ergonomic}
   size_t MinHeapDeltaBytes                        = 524288                                    {product} {ergonomic}
   size_t MinHeapSize                              = 104857600                                 {product} {command line}
   size_t NewSize                                  = 34603008                                  {product} {ergonomic}
    uintx NonNMethodCodeHeapSize                   = 5839372                                {pd product} {ergonomic}
    uintx NonProfiledCodeHeapSize                  = 122909434                              {pd product} {ergonomic}
   size_t OldSize                                  = 70254592                                  {product} {ergonomic}
    uintx ProfiledCodeHeapSize                     = 122909434                              {pd product} {ergonomic}
    uintx ReservedCodeCacheSize                    = 251658240                              {pd product} {ergonomic}
     bool SegmentedCodeCache                       = true                                      {product} {ergonomic}
   size_t SoftMaxHeapSize                          = 1073741824                             {manageable} {ergonomic}
     bool UseCompressedOops                        = true                           {product lp64_product} {ergonomic}
     bool UseLargePagesIndividualAllocation        = false                                  {pd product} {ergonomic}
     bool UseParallelGC                            = true                                      {product} {command line}

Logging:
Log output configuration:
 #0: stdout all=off uptime,level,tags foldmultilines=false
 #1: stderr all=off uptime,level,tags foldmultilines=false

Environment Variables:
PATH=C:\Program Files\Python313\Scripts\;C:\Program Files\Python313\;C:\Python312\Scripts\;C:\Python312\;C:\Program Files\Common Files\Oracle\Java\javapath;C:\WINDOWS\system32;C:\WINDOWS;C:\WINDOWS\System32\Wbem;C:\WINDOWS\System32\WindowsPowerShell\v1.0\;C:\WINDOWS\System32\OpenSSH\;C:\Program Files\Java\jdk-21\bin;C:\Program Files\nodejs\;C:\ProgramData\chocolatey\bin\;C:\Program Files\dotnet\;C:\buildtool\apache-maven-3.9.9\bin;C:\Program Files\Git\cmd;C:\Users\Aditya\AppData\Local\Programs\Python\Python310\Scripts\;C:\Users\Aditya\AppData\Local\Programs\Python\Python310\;C:\Users\Aditya\AppData\Local\Programs\Python\Python313\Scripts\;C:\Users\Aditya\AppData\Local\Programs\Python\Python313\;C:\Program Files\MySQL\MySQL Shell 8.0\bin\;C:\Users\Aditya\AppData\Local\Microsoft\WindowsApps;C:\Users\Aditya\AppData\Local\Programs\Microsoft VS Code\bin;C:\Program Files\JetBrains\IntelliJ IDEA Community Edition 2024.1.4\bin;;C:\Users\Aditya\AppData\Local\Microsoft\WinGet\Packages\Schniz.fnm_Microsoft.Winget.Source_8wekyb3d8bbwe;C:\Users\Aditya\AppData\Roaming\npm;C:\Users\Aditya\.dotnet\tools;C:\Users\Aditya\AppData\Local\GitHubDesktop\bin;D:\cursor\resources\app\bin
USERNAME=Aditya
OS=Windows_NT
PROCESSOR_IDENTIFIER=AMD64 Family 23 Model 160 Stepping 0, AuthenticAMD
TMP=C:\Users\Aditya\AppData\Local\Temp
TEMP=C:\Users\Aditya\AppData\Local\Temp




Periodic native trim disabled

---------------  S Y S T E M  ---------------

OS:
 Windows 11 , 64 bit Build 26100 (10.0.26100.3037)
OS uptime: 13 days 7:28 hours
Hyper-V role detected

CPU: total 8 (initial active 8) (8 cores per cpu, 2 threads per core) family 23 model 160 stepping 0 microcode 0x8a00006, cx8, cmov, fxsr, ht, mmx, 3dnowpref, sse, sse2, sse3, ssse3, sse4a, sse4.1, sse4.2, popcnt, lzcnt, tsc, tscinvbit, avx, avx2, aes, clmul, bmi1, bmi2, adx, sha, fma, vzeroupper, clflush, clflushopt, hv, rdtscp, rdpid, f16c
Processor Information for the first 8 processors :
  Max Mhz: 2401, Current Mhz: 2401, Mhz Limit: 2401

Memory: 4k page, system-wide physical 5965M (262M free)
TotalPageFile size 24397M (AvailPageFile size 4M)
current process WorkingSet (physical memory assigned to process): 128M, peak: 128M
current process commit charge ("private bytes"): 228M, peak: 229M

vm_info: OpenJDK 64-Bit Server VM (21.0.6+7-LTS) for windows-amd64 JRE (21.0.6+7-LTS), built on 2025-01-21T00:00:00Z by "admin" with MS VC++ 17.7 (VS2022)

END.
