#
# There is insufficient memory for the Java Runtime Environment to continue.
# Native memory allocation (malloc) failed to allocate 1875824 bytes. Error detail: Chunk::new
# Possible reasons:
#   The system is out of physical RAM or swap space
#   This process is running with CompressedOops enabled, and the Java Heap may be blocking the growth of the native heap
# Possible solutions:
#   Reduce memory load on the system
#   Increase physical memory or swap space
#   Check if swap backing store is full
#   Decrease Java heap size (-Xmx/-Xms)
#   Decrease number of Java threads
#   Decrease Java thread stack sizes (-Xss)
#   Set larger code cache with -XX:ReservedCodeCacheSize=
#   JVM is running with Unscaled Compressed Oops mode in which the Java heap is
#     placed in the first 4GB address space. The Java Heap base address is the
#     maximum limit for the native heap growth. Please use -XX:HeapBaseMinAddress
#     to set the Java Heap base and to place the Java Heap above 4GB virtual address.
# This output file may be truncated or incomplete.
#
#  Out of Memory Error (arena.cpp:168), pid=15000, tid=6272
#
# JRE version: OpenJDK Runtime Environment Temurin-21.0.6+7 (21.0.6+7) (build 21.0.6+7-LTS)
# Java VM: OpenJDK 64-Bit Server VM Temurin-21.0.6+7 (21.0.6+7-LTS, mixed mode, sharing, tiered, compressed oops, compressed class ptrs, parallel gc, windows-amd64)
# No core dump will be written. Minidumps are not enabled by default on client versions of Windows
#

---------------  S U M M A R Y ------------

Command Line: --add-modules=ALL-SYSTEM --add-opens=java.base/java.util=ALL-UNNAMED --add-opens=java.base/java.lang=ALL-UNNAMED --add-opens=java.base/sun.nio.fs=ALL-UNNAMED -Declipse.application=org.eclipse.jdt.ls.core.id1 -Dosgi.bundles.defaultStartLevel=4 -Declipse.product=org.eclipse.jdt.ls.core.product -Djava.import.generatesMetadataFilesAtProjectRoot=false -DDetectVMInstallationsJob.disabled=true -Dfile.encoding=utf8 -XX:+UseParallelGC -XX:GCTimeRatio=4 -XX:AdaptiveSizePolicyWeight=90 -Dsun.zip.disableMemoryMapping=true -Xmx1G -Xms100m -Xlog:disable -javaagent:c:\Users\Aditya\.cursor\extensions\redhat.java-1.40.0-win32-x64\lombok\lombok-1.18.36.jar -XX:+HeapDumpOnOutOfMemoryError -XX:HeapDumpPath=c:\Users\Aditya\AppData\Roaming\Cursor\User\workspaceStorage\75144affba70cc5b32179d372713c5c2\redhat.java -Daether.dependencyCollector.impl=bf c:\Users\Aditya\.cursor\extensions\redhat.java-1.40.0-win32-x64\server\plugins\org.eclipse.equinox.launcher_1.6.1000.v20250131-0606.jar -configuration c:\Users\Aditya\AppData\Roaming\Cursor\User\globalStorage\redhat.java\1.40.0\config_win -data c:\Users\Aditya\AppData\Roaming\Cursor\User\workspaceStorage\75144affba70cc5b32179d372713c5c2\redhat.java\jdt_ws --pipe=\\.\pipe\lsp-82fb1578cd29a98a0d909cfb83420a6b-sock

Host: AMD Ryzen 3 7320U with Radeon Graphics         , 8 cores, 5G,  Windows 11 , 64 bit Build 26100 (10.0.26100.3037)
Time: Sat Mar  8 18:26:23 2025 India Standard Time elapsed time: 187.250434 seconds (0d 0h 3m 7s)

---------------  T H R E A D  ---------------

Current thread (0x0000016b2e2c0000):  JavaThread "C2 CompilerThread0" daemon [_thread_in_native, id=6272, stack(0x0000005d8ad00000,0x0000005d8ae00000) (1024K)]


Current CompileTask:
C2:187252 12658   !   4       org.eclipse.jdt.internal.core.search.indexing.BinaryIndexer::indexDocument (1204 bytes)

Stack: [0x0000005d8ad00000,0x0000005d8ae00000]
Native frames: (J=compiled Java code, j=interpreted, Vv=VM code, C=native code)
V  [jvm.dll+0x6cdee9]
V  [jvm.dll+0x8a83d1]
V  [jvm.dll+0x8aa8fe]
V  [jvm.dll+0x8aafe3]
V  [jvm.dll+0x27f706]
V  [jvm.dll+0xc500d]
V  [jvm.dll+0xc5543]
V  [jvm.dll+0x3b678c]
V  [jvm.dll+0x382935]
V  [jvm.dll+0x381d9a]
V  [jvm.dll+0x2479f0]
V  [jvm.dll+0x246fcf]
V  [jvm.dll+0x1c75ee]
V  [jvm.dll+0x25685a]
V  [jvm.dll+0x254dfa]
V  [jvm.dll+0x3f0256]
V  [jvm.dll+0x851f8b]
V  [jvm.dll+0x6cc5ed]
C  [ucrtbase.dll+0x37b0]
C  [KERNEL32.DLL+0x2e8d7]
C  [ntdll.dll+0xbbf2c]


---------------  P R O C E S S  ---------------

Threads class SMR info:
_java_thread_list=0x0000016b75ad1f80, length=57, elements={
0x0000016b19713890, 0x0000016b2e2a8400, 0x0000016b197bcbe0, 0x0000016b2e2ad140,
0x0000016b2e2afca0, 0x0000016b2e2b6aa0, 0x0000016b2e2ba9f0, 0x0000016b2e2c0000,
0x0000016b2e2c2f00, 0x0000016b19778410, 0x0000016b75309740, 0x0000016b759f72b0,
0x0000016b75810750, 0x0000016b753db170, 0x0000016b75071960, 0x0000016b75dda360,
0x0000016b75f95190, 0x0000016b7529e440, 0x0000016b7529fe80, 0x0000016b7529f160,
0x0000016b7529f7f0, 0x0000016b752a0510, 0x0000016b7529ead0, 0x0000016b787d03c0,
0x0000016b787d0a50, 0x0000016b787d1770, 0x0000016b787d10e0, 0x0000016b787cf010,
0x0000016b787d1e00, 0x0000016b787d2490, 0x0000016b787d2b20, 0x0000016b787cf6a0,
0x0000016b787d31b0, 0x0000016b787cfd30, 0x0000016b787d5280, 0x0000016b787d3840,
0x0000016b756c8de0, 0x0000016b756c7a30, 0x0000016b756c80c0, 0x0000016b756c8750,
0x0000016b756c5960, 0x0000016b756c5ff0, 0x0000016b756c9470, 0x0000016b756c9b00,
0x0000016b756ca190, 0x0000016b756c73a0, 0x0000016b756c6d10, 0x0000016b756ccf80,
0x0000016b756cc8f0, 0x0000016b756cbbd0, 0x0000016b756ca820, 0x0000016b756caeb0,
0x0000016b756cb540, 0x0000016b7529d720, 0x0000016b787d3ed0, 0x0000016b78991300,
0x0000016b7898ff50
}

Java Threads: ( => current thread )
  0x0000016b19713890 JavaThread "main"                              [_thread_blocked, id=17424, stack(0x0000005d8a300000,0x0000005d8a400000) (1024K)]
  0x0000016b2e2a8400 JavaThread "Reference Handler"          daemon [_thread_blocked, id=20048, stack(0x0000005d8a700000,0x0000005d8a800000) (1024K)]
  0x0000016b197bcbe0 JavaThread "Finalizer"                  daemon [_thread_blocked, id=5704, stack(0x0000005d8a800000,0x0000005d8a900000) (1024K)]
  0x0000016b2e2ad140 JavaThread "Signal Dispatcher"          daemon [_thread_blocked, id=12432, stack(0x0000005d8a900000,0x0000005d8aa00000) (1024K)]
  0x0000016b2e2afca0 JavaThread "Attach Listener"            daemon [_thread_blocked, id=22988, stack(0x0000005d8aa00000,0x0000005d8ab00000) (1024K)]
  0x0000016b2e2b6aa0 JavaThread "Service Thread"             daemon [_thread_blocked, id=23384, stack(0x0000005d8ab00000,0x0000005d8ac00000) (1024K)]
  0x0000016b2e2ba9f0 JavaThread "Monitor Deflation Thread"   daemon [_thread_blocked, id=19644, stack(0x0000005d8ac00000,0x0000005d8ad00000) (1024K)]
=>0x0000016b2e2c0000 JavaThread "C2 CompilerThread0"         daemon [_thread_in_native, id=6272, stack(0x0000005d8ad00000,0x0000005d8ae00000) (1024K)]
  0x0000016b2e2c2f00 JavaThread "C1 CompilerThread0"         daemon [_thread_blocked, id=4168, stack(0x0000005d8ae00000,0x0000005d8af00000) (1024K)]
  0x0000016b19778410 JavaThread "Common-Cleaner"             daemon [_thread_blocked, id=6472, stack(0x0000005d8af00000,0x0000005d8b000000) (1024K)]
  0x0000016b75309740 JavaThread "Notification Thread"        daemon [_thread_blocked, id=1744, stack(0x0000005d8b000000,0x0000005d8b100000) (1024K)]
  0x0000016b759f72b0 JavaThread "Active Thread: Equinox Container: e05977fb-8320-4196-ad8f-d9c5b489b692"        [_thread_blocked, id=20848, stack(0x0000005d8b700000,0x0000005d8b800000) (1024K)]
  0x0000016b75810750 JavaThread "Refresh Thread: Equinox Container: e05977fb-8320-4196-ad8f-d9c5b489b692" daemon [_thread_blocked, id=6660, stack(0x0000005d8b800000,0x0000005d8b900000) (1024K)]
  0x0000016b753db170 JavaThread "Framework Event Dispatcher: Equinox Container: e05977fb-8320-4196-ad8f-d9c5b489b692" daemon [_thread_blocked, id=20784, stack(0x0000005d8b900000,0x0000005d8ba00000) (1024K)]
  0x0000016b75071960 JavaThread "Start Level: Equinox Container: e05977fb-8320-4196-ad8f-d9c5b489b692" daemon [_thread_blocked, id=9888, stack(0x0000005d8bb00000,0x0000005d8bc00000) (1024K)]
  0x0000016b75dda360 JavaThread "Bundle File Closer"         daemon [_thread_blocked, id=24088, stack(0x0000005d8bc00000,0x0000005d8bd00000) (1024K)]
  0x0000016b75f95190 JavaThread "SCR Component Actor"        daemon [_thread_blocked, id=7904, stack(0x0000005d8a000000,0x0000005d8a100000) (1024K)]
  0x0000016b7529e440 JavaThread "Worker-JM"                         [_thread_blocked, id=3276, stack(0x0000005d8a200000,0x0000005d8a300000) (1024K)]
  0x0000016b7529fe80 JavaThread "JNA Cleaner"                daemon [_thread_blocked, id=24388, stack(0x0000005d8be00000,0x0000005d8bf00000) (1024K)]
  0x0000016b7529f160 JavaThread "Worker-0"                          [_thread_blocked, id=7724, stack(0x0000005d8bf00000,0x0000005d8c000000) (1024K)]
  0x0000016b7529f7f0 JavaThread "Worker-2: Java indexing... "        [_thread_blocked, id=8360, stack(0x0000005d8c100000,0x0000005d8c200000) (1024K)]
  0x0000016b752a0510 JavaThread "Worker-3"                          [_thread_blocked, id=10896, stack(0x0000005d8c200000,0x0000005d8c300000) (1024K)]
  0x0000016b7529ead0 JavaThread "Java indexing"              daemon [_thread_in_Java, id=20312, stack(0x0000005d8c300000,0x0000005d8c400000) (1024K)]
  0x0000016b787d03c0 JavaThread "Worker-4: Building"                [_thread_in_native, id=10492, stack(0x0000005d8c600000,0x0000005d8c700000) (1024K)]
  0x0000016b787d0a50 JavaThread "Thread-2"                   daemon [_thread_in_native, id=3612, stack(0x0000005d8c700000,0x0000005d8c800000) (1024K)]
  0x0000016b787d1770 JavaThread "Thread-3"                   daemon [_thread_in_native, id=4544, stack(0x0000005d8c800000,0x0000005d8c900000) (1024K)]
  0x0000016b787d10e0 JavaThread "Thread-4"                   daemon [_thread_in_native, id=24052, stack(0x0000005d8c900000,0x0000005d8ca00000) (1024K)]
  0x0000016b787cf010 JavaThread "Thread-5"                   daemon [_thread_in_native, id=18912, stack(0x0000005d8ca00000,0x0000005d8cb00000) (1024K)]
  0x0000016b787d1e00 JavaThread "Thread-6"                   daemon [_thread_in_native, id=12916, stack(0x0000005d8cb00000,0x0000005d8cc00000) (1024K)]
  0x0000016b787d2490 JavaThread "Thread-7"                   daemon [_thread_in_native, id=10992, stack(0x0000005d8cc00000,0x0000005d8cd00000) (1024K)]
  0x0000016b787d2b20 JavaThread "Thread-8"                   daemon [_thread_in_native, id=11492, stack(0x0000005d8cd00000,0x0000005d8ce00000) (1024K)]
  0x0000016b787cf6a0 JavaThread "Thread-9"                   daemon [_thread_in_native, id=7120, stack(0x0000005d8ce00000,0x0000005d8cf00000) (1024K)]
  0x0000016b787d31b0 JavaThread "Thread-10"                  daemon [_thread_in_native, id=10712, stack(0x0000005d8cf00000,0x0000005d8d000000) (1024K)]
  0x0000016b787cfd30 JavaThread "pool-2-thread-1"                   [_thread_blocked, id=5012, stack(0x0000005d8d000000,0x0000005d8d100000) (1024K)]
  0x0000016b787d5280 JavaThread "WorkspaceEventsHandler"            [_thread_blocked, id=12816, stack(0x0000005d8d100000,0x0000005d8d200000) (1024K)]
  0x0000016b787d3840 JavaThread "pool-1-thread-1"                   [_thread_blocked, id=7700, stack(0x0000005d8d200000,0x0000005d8d300000) (1024K)]
  0x0000016b756c8de0 JavaThread "LocalFile Deleter"          daemon [_thread_blocked, id=21492, stack(0x0000005d8bd00000,0x0000005d8be00000) (1024K)]
  0x0000016b756c7a30 JavaThread "LocalFile Deleter"          daemon [_thread_blocked, id=19920, stack(0x0000005d8d300000,0x0000005d8d400000) (1024K)]
  0x0000016b756c80c0 JavaThread "LocalFile Deleter"          daemon [_thread_blocked, id=11116, stack(0x0000005d8d400000,0x0000005d8d500000) (1024K)]
  0x0000016b756c8750 JavaThread "LocalFile Deleter"          daemon [_thread_blocked, id=20200, stack(0x0000005d8d500000,0x0000005d8d600000) (1024K)]
  0x0000016b756c5960 JavaThread "LocalFile Deleter"          daemon [_thread_blocked, id=21300, stack(0x0000005d8d600000,0x0000005d8d700000) (1024K)]
  0x0000016b756c5ff0 JavaThread "LocalFile Deleter"          daemon [_thread_blocked, id=23400, stack(0x0000005d8d700000,0x0000005d8d800000) (1024K)]
  0x0000016b756c9470 JavaThread "LocalFile Deleter"          daemon [_thread_blocked, id=14524, stack(0x0000005d8d800000,0x0000005d8d900000) (1024K)]
  0x0000016b756c9b00 JavaThread "LocalFile Deleter"          daemon [_thread_blocked, id=24372, stack(0x0000005d8d900000,0x0000005d8da00000) (1024K)]
  0x0000016b756ca190 JavaThread "Compiler Source File Reader" daemon [_thread_blocked, id=8392, stack(0x0000005d8da00000,0x0000005d8db00000) (1024K)]
  0x0000016b756c73a0 JavaThread "Compiler Source File Reader" daemon [_thread_blocked, id=21676, stack(0x0000005d8db00000,0x0000005d8dc00000) (1024K)]
  0x0000016b756c6d10 JavaThread "Compiler Source File Reader" daemon [_thread_blocked, id=22020, stack(0x0000005d8dc00000,0x0000005d8dd00000) (1024K)]
  0x0000016b756ccf80 JavaThread "Compiler Source File Reader" daemon [_thread_blocked, id=8048, stack(0x0000005d8dd00000,0x0000005d8de00000) (1024K)]
  0x0000016b756cc8f0 JavaThread "Compiler Source File Reader" daemon [_thread_blocked, id=10860, stack(0x0000005d8de00000,0x0000005d8df00000) (1024K)]
  0x0000016b756cbbd0 JavaThread "Compiler Source File Reader" daemon [_thread_blocked, id=11460, stack(0x0000005d8df00000,0x0000005d8e000000) (1024K)]
  0x0000016b756ca820 JavaThread "Compiler Processing Task"   daemon [_thread_blocked, id=9072, stack(0x0000005d8a100000,0x0000005d8a200000) (1024K)]
  0x0000016b756caeb0 JavaThread "Compiler Class File Writer" daemon [_thread_blocked, id=21872, stack(0x0000005d8c000000,0x0000005d8c100000) (1024K)]
  0x0000016b756cb540 JavaThread "Compiler Class File Writer" daemon [_thread_blocked, id=13464, stack(0x0000005d8e000000,0x0000005d8e100000) (1024K)]
  0x0000016b7529d720 JavaThread "Compiler Class File Writer" daemon [_thread_blocked, id=14840, stack(0x0000005d8e100000,0x0000005d8e200000) (1024K)]
  0x0000016b787d3ed0 JavaThread "Compiler Class File Writer" daemon [_thread_blocked, id=12404, stack(0x0000005d8e200000,0x0000005d8e300000) (1024K)]
  0x0000016b78991300 JavaThread "Compiler Class File Writer" daemon [_thread_blocked, id=24444, stack(0x0000005d8e300000,0x0000005d8e400000) (1024K)]
  0x0000016b7898ff50 JavaThread "Compiler Class File Writer" daemon [_thread_blocked, id=4060, stack(0x0000005d8e400000,0x0000005d8e500000) (1024K)]
Total: 57

Other Threads:
  0x0000016b197aa620 VMThread "VM Thread"                           [id=11712, stack(0x0000005d8a600000,0x0000005d8a700000) (1024K)]
  0x0000016b2e1bca00 WatcherThread "VM Periodic Task Thread"        [id=19408, stack(0x0000005d8a500000,0x0000005d8a600000) (1024K)]
  0x0000016b1972ad20 WorkerThread "GC Thread#0"                     [id=14280, stack(0x0000005d8a400000,0x0000005d8a500000) (1024K)]
  0x0000016b75518f00 WorkerThread "GC Thread#1"                     [id=13428, stack(0x0000005d8b100000,0x0000005d8b200000) (1024K)]
  0x0000016b75519b40 WorkerThread "GC Thread#2"                     [id=4720, stack(0x0000005d8b200000,0x0000005d8b300000) (1024K)]
  0x0000016b754985b0 WorkerThread "GC Thread#3"                     [id=24132, stack(0x0000005d8b300000,0x0000005d8b400000) (1024K)]
  0x0000016b75498950 WorkerThread "GC Thread#4"                     [id=19796, stack(0x0000005d8b400000,0x0000005d8b500000) (1024K)]
  0x0000016b75498cf0 WorkerThread "GC Thread#5"                     [id=5356, stack(0x0000005d8b500000,0x0000005d8b600000) (1024K)]
  0x0000016b75499090 WorkerThread "GC Thread#6"                     [id=8308, stack(0x0000005d8b600000,0x0000005d8b700000) (1024K)]
  0x0000016b757f6250 WorkerThread "GC Thread#7"                     [id=12168, stack(0x0000005d8ba00000,0x0000005d8bb00000) (1024K)]
Total: 10

Threads with active compile tasks:
C2 CompilerThread0  187559 12658   !   4       org.eclipse.jdt.internal.core.search.indexing.BinaryIndexer::indexDocument (1204 bytes)
Total: 1

VM state: not at safepoint (normal execution)

VM Mutex/Monitor currently owned by a thread: None

Heap address: 0x00000000c0000000, size: 1024 MB, Compressed Oops mode: 32-bit

CDS archive(s) mapped at: [0x0000016b2f000000-0x0000016b2fba0000-0x0000016b2fba0000), size 12189696, SharedBaseAddress: 0x0000016b2f000000, ArchiveRelocationMode: 1.
Compressed class space mapped at: 0x0000016b30000000-0x0000016b70000000, reserved size: 1073741824
Narrow klass base: 0x0000016b2f000000, Narrow klass shift: 0, Narrow klass range: 0x100000000

GC Precious Log:
 CardTable entry size: 512
 CPUs: 8 total, 8 available
 Memory: 5965M
 Large Page Support: Disabled
 NUMA Support: Disabled
 Compressed Oops: Enabled (32-bit)
 Alignments: Space 512K, Generation 512K, Heap 2M
 Heap Min Capacity: 100M
 Heap Initial Capacity: 100M
 Heap Max Capacity: 1G
 Pre-touch: Disabled
 Parallel Workers: 8

Heap:
 PSYoungGen      total 3072K, used 966K [0x00000000eab00000, 0x00000000eae80000, 0x0000000100000000)
  eden space 2560K, 25% used [0x00000000eab00000,0x00000000eaba1b10,0x00000000ead80000)
  from space 512K, 62% used [0x00000000eae00000,0x00000000eae50000,0x00000000eae80000)
  to   space 512K, 0% used [0x00000000ead80000,0x00000000ead80000,0x00000000eae00000)
 ParOldGen       total 422912K, used 422881K [0x00000000c0000000, 0x00000000d9d00000, 0x00000000eab00000)
  object space 422912K, 99% used [0x00000000c0000000,0x00000000d9cf8450,0x00000000d9d00000)
 Metaspace       used 61993K, committed 63296K, reserved 1114112K
  class space    used 6230K, committed 6784K, reserved 1048576K

Card table byte_map: [0x0000016b2bb70000,0x0000016b2bd80000] _byte_map_base: 0x0000016b2b570000

Marking Bits: (ParMarkBitMap*) 0x00007ffe00b43260
 Begin Bits: [0x0000016b2bee0000, 0x0000016b2cee0000)
 End Bits:   [0x0000016b2cee0000, 0x0000016b2dee0000)

Polling page: 0x0000016b17ec0000

Metaspace:

Usage:
  Non-class:     54.46 MB used.
      Class:      6.08 MB used.
       Both:     60.54 MB used.

Virtual space:
  Non-class space:       64.00 MB reserved,      55.19 MB ( 86%) committed,  1 nodes.
      Class space:        1.00 GB reserved,       6.62 MB ( <1%) committed,  1 nodes.
             Both:        1.06 GB reserved,      61.81 MB (  6%) committed. 

Chunk freelists:
   Non-Class:  8.39 MB
       Class:  9.38 MB
        Both:  17.77 MB

MaxMetaspaceSize: unlimited
CompressedClassSpaceSize: 1.00 GB
Initial GC threshold: 21.00 MB
Current GC threshold: 98.12 MB
CDS: on
 - commit_granule_bytes: 65536.
 - commit_granule_words: 8192.
 - virtual_space_node_default_size: 8388608.
 - enlarge_chunks_in_place: 1.
 - use_allocation_guard: 0.


Internal statistics:

num_allocs_failed_limit: 13.
num_arena_births: 1192.
num_arena_deaths: 14.
num_vsnodes_births: 2.
num_vsnodes_deaths: 0.
num_space_committed: 989.
num_space_uncommitted: 0.
num_chunks_returned_to_freelist: 27.
num_chunks_taken_from_freelist: 4134.
num_chunk_merges: 16.
num_chunk_splits: 2524.
num_chunks_enlarged: 1401.
num_inconsistent_stats: 0.

CodeHeap 'non-profiled nmethods': size=120000Kb used=8730Kb max_used=8730Kb free=111269Kb
 bounds [0x0000016b24460000, 0x0000016b24cf0000, 0x0000016b2b990000]
CodeHeap 'profiled nmethods': size=120000Kb used=27735Kb max_used=27735Kb free=92265Kb
 bounds [0x0000016b1c990000, 0x0000016b1e4b0000, 0x0000016b23ec0000]
CodeHeap 'non-nmethods': size=5760Kb used=1417Kb max_used=1480Kb free=4342Kb
 bounds [0x0000016b23ec0000, 0x0000016b24130000, 0x0000016b24460000]
 total_blobs=12561 nmethods=11833 adapters=633
 compilation: enabled
              stopped_count=0, restarted_count=0
 full_count=0

Compilation events (20 events):
Event: 182.347 Thread 0x0000016b2e2c0000 nmethod 12127 0x0000016b24cd5490 code [0x0000016b24cd5640, 0x0000016b24cd57e0]
Event: 182.347 Thread 0x0000016b2e2c0000 12308       4       java.lang.runtime.ObjectMethods::hashCombiner (7 bytes)
Event: 182.348 Thread 0x0000016b2e2c0000 nmethod 12308 0x0000016b24cd5990 code [0x0000016b24cd5b00, 0x0000016b24cd5b78]
Event: 182.348 Thread 0x0000016b2e2c0000 12160       4       org.eclipse.jdt.core.compiler.CharOperation::contains (24 bytes)
Event: 182.351 Thread 0x0000016b2e2c0000 nmethod 12160 0x0000016b24cd5c90 code [0x0000016b24cd5e20, 0x0000016b24cd5f68]
Event: 182.351 Thread 0x0000016b2e2c0000 12481       4       org.eclipse.jdt.internal.compiler.classfmt.JavaBinaryNames::isConstructor (19 bytes)
Event: 182.352 Thread 0x0000016b2e2c0000 nmethod 12481 0x0000016b24cd6010 code [0x0000016b24cd61a0, 0x0000016b24cd6258]
Event: 182.352 Thread 0x0000016b2e2c0000 12166       4       org.eclipse.jdt.internal.core.search.indexing.AbstractIndexer::addTypeReference (7 bytes)
Event: 182.366 Thread 0x0000016b2e2c0000 nmethod 12166 0x0000016b24cd6310 code [0x0000016b24cd6500, 0x0000016b24cd6bc8]
Event: 182.366 Thread 0x0000016b2e2c0000 12649   !   4       org.eclipse.jdt.internal.compiler.classfmt.ClassFileReader::<init> (2135 bytes)
Event: 182.483 Thread 0x0000016b2e2c2f00 12650       3       org.eclipse.jdt.internal.compiler.parser.Scanner::internalScanIdentifierOrKeyword (4939 bytes)
Event: 182.511 Thread 0x0000016b2e2c2f00 nmethod 12650 0x0000016b1e495610 code [0x0000016b1e496480, 0x0000016b1e4a1590]
Event: 183.453 Thread 0x0000016b2e2c2f00 12655       3       org.eclipse.jdt.internal.compiler.classfmt.TypeAnnotationInfo::<init> (445 bytes)
Event: 183.469 Thread 0x0000016b2e2c2f00 nmethod 12655 0x0000016b1e4a3790 code [0x0000016b1e4a3a40, 0x0000016b1e4a4f70]
Event: 183.469 Thread 0x0000016b2e2c2f00 12656       3       org.eclipse.jdt.internal.compiler.classfmt.TypeAnnotationInfo::<init> (18 bytes)
Event: 183.470 Thread 0x0000016b2e2c2f00 nmethod 12656 0x0000016b1e4a5710 code [0x0000016b1e4a58c0, 0x0000016b1e4a5ac8]
Event: 184.206 Thread 0x0000016b2e2c0000 nmethod 12649 0x0000016b24cd7110 code [0x0000016b24cd7a40, 0x0000016b24ce24a8]
Event: 184.209 Thread 0x0000016b2e2c0000 12653       4       org.eclipse.jdt.internal.compiler.util.Util::isClassFileName (82 bytes)
Event: 184.224 Thread 0x0000016b2e2c0000 nmethod 12653 0x0000016b24ce6410 code [0x0000016b24ce65c0, 0x0000016b24ce67a8]
Event: 184.224 Thread 0x0000016b2e2c0000 12658   !   4       org.eclipse.jdt.internal.core.search.indexing.BinaryIndexer::indexDocument (1204 bytes)

GC Heap History (20 events):
Event: 184.256 GC heap after
{Heap after GC invocations=590 (full 3):
 PSYoungGen      total 2560K, used 384K [0x00000000eab00000, 0x00000000eae00000, 0x0000000100000000)
  eden space 2048K, 0% used [0x00000000eab00000,0x00000000eab00000,0x00000000ead00000)
  from space 512K, 75% used [0x00000000ead00000,0x00000000ead60000,0x00000000ead80000)
  to   space 512K, 0% used [0x00000000ead80000,0x00000000ead80000,0x00000000eae00000)
 ParOldGen       total 420352K, used 420129K [0x00000000c0000000, 0x00000000d9a80000, 0x00000000eab00000)
  object space 420352K, 99% used [0x00000000c0000000,0x00000000d9a48450,0x00000000d9a80000)
 Metaspace       used 61993K, committed 63296K, reserved 1114112K
  class space    used 6230K, committed 6784K, reserved 1048576K
}
Event: 184.357 GC heap before
{Heap before GC invocations=591 (full 3):
 PSYoungGen      total 2560K, used 2432K [0x00000000eab00000, 0x00000000eae00000, 0x0000000100000000)
  eden space 2048K, 100% used [0x00000000eab00000,0x00000000ead00000,0x00000000ead00000)
  from space 512K, 75% used [0x00000000ead00000,0x00000000ead60000,0x00000000ead80000)
  to   space 512K, 0% used [0x00000000ead80000,0x00000000ead80000,0x00000000eae00000)
 ParOldGen       total 420352K, used 420129K [0x00000000c0000000, 0x00000000d9a80000, 0x00000000eab00000)
  object space 420352K, 99% used [0x00000000c0000000,0x00000000d9a48450,0x00000000d9a80000)
 Metaspace       used 61993K, committed 63296K, reserved 1114112K
  class space    used 6230K, committed 6784K, reserved 1048576K
}
Event: 184.359 GC heap after
{Heap after GC invocations=591 (full 3):
 PSYoungGen      total 2560K, used 384K [0x00000000eab00000, 0x00000000eae00000, 0x0000000100000000)
  eden space 2048K, 0% used [0x00000000eab00000,0x00000000eab00000,0x00000000ead00000)
  from space 512K, 75% used [0x00000000ead80000,0x00000000eade0000,0x00000000eae00000)
  to   space 512K, 0% used [0x00000000ead00000,0x00000000ead00000,0x00000000ead80000)
 ParOldGen       total 420864K, used 420393K [0x00000000c0000000, 0x00000000d9b00000, 0x00000000eab00000)
  object space 420864K, 99% used [0x00000000c0000000,0x00000000d9a8a450,0x00000000d9b00000)
 Metaspace       used 61993K, committed 63296K, reserved 1114112K
  class space    used 6230K, committed 6784K, reserved 1048576K
}
Event: 184.504 GC heap before
{Heap before GC invocations=592 (full 3):
 PSYoungGen      total 2560K, used 2432K [0x00000000eab00000, 0x00000000eae00000, 0x0000000100000000)
  eden space 2048K, 100% used [0x00000000eab00000,0x00000000ead00000,0x00000000ead00000)
  from space 512K, 75% used [0x00000000ead80000,0x00000000eade0000,0x00000000eae00000)
  to   space 512K, 0% used [0x00000000ead00000,0x00000000ead00000,0x00000000ead80000)
 ParOldGen       total 420864K, used 420393K [0x00000000c0000000, 0x00000000d9b00000, 0x00000000eab00000)
  object space 420864K, 99% used [0x00000000c0000000,0x00000000d9a8a450,0x00000000d9b00000)
 Metaspace       used 61993K, committed 63296K, reserved 1114112K
  class space    used 6230K, committed 6784K, reserved 1048576K
}
Event: 184.505 GC heap after
{Heap after GC invocations=592 (full 3):
 PSYoungGen      total 2560K, used 458K [0x00000000eab00000, 0x00000000eae00000, 0x0000000100000000)
  eden space 2048K, 0% used [0x00000000eab00000,0x00000000eab00000,0x00000000ead00000)
  from space 512K, 89% used [0x00000000ead00000,0x00000000ead72958,0x00000000ead80000)
  to   space 512K, 0% used [0x00000000ead80000,0x00000000ead80000,0x00000000eae00000)
 ParOldGen       total 420864K, used 420625K [0x00000000c0000000, 0x00000000d9b00000, 0x00000000eab00000)
  object space 420864K, 99% used [0x00000000c0000000,0x00000000d9ac4450,0x00000000d9b00000)
 Metaspace       used 61993K, committed 63296K, reserved 1114112K
  class space    used 6230K, committed 6784K, reserved 1048576K
}
Event: 185.146 GC heap before
{Heap before GC invocations=593 (full 3):
 PSYoungGen      total 2560K, used 2506K [0x00000000eab00000, 0x00000000eae00000, 0x0000000100000000)
  eden space 2048K, 100% used [0x00000000eab00000,0x00000000ead00000,0x00000000ead00000)
  from space 512K, 89% used [0x00000000ead00000,0x00000000ead72958,0x00000000ead80000)
  to   space 512K, 0% used [0x00000000ead80000,0x00000000ead80000,0x00000000eae00000)
 ParOldGen       total 420864K, used 420625K [0x00000000c0000000, 0x00000000d9b00000, 0x00000000eab00000)
  object space 420864K, 99% used [0x00000000c0000000,0x00000000d9ac4450,0x00000000d9b00000)
 Metaspace       used 61993K, committed 63296K, reserved 1114112K
  class space    used 6230K, committed 6784K, reserved 1048576K
}
Event: 185.154 GC heap after
{Heap after GC invocations=593 (full 3):
 PSYoungGen      total 2560K, used 374K [0x00000000eab00000, 0x00000000eae00000, 0x0000000100000000)
  eden space 2048K, 0% used [0x00000000eab00000,0x00000000eab00000,0x00000000ead00000)
  from space 512K, 73% used [0x00000000ead80000,0x00000000eadddba8,0x00000000eae00000)
  to   space 512K, 0% used [0x00000000ead00000,0x00000000ead00000,0x00000000ead80000)
 ParOldGen       total 421376K, used 420905K [0x00000000c0000000, 0x00000000d9b80000, 0x00000000eab00000)
  object space 421376K, 99% used [0x00000000c0000000,0x00000000d9b0a450,0x00000000d9b80000)
 Metaspace       used 61993K, committed 63296K, reserved 1114112K
  class space    used 6230K, committed 6784K, reserved 1048576K
}
Event: 185.338 GC heap before
{Heap before GC invocations=594 (full 3):
 PSYoungGen      total 2560K, used 2422K [0x00000000eab00000, 0x00000000eae00000, 0x0000000100000000)
  eden space 2048K, 100% used [0x00000000eab00000,0x00000000ead00000,0x00000000ead00000)
  from space 512K, 73% used [0x00000000ead80000,0x00000000eadddba8,0x00000000eae00000)
  to   space 512K, 0% used [0x00000000ead00000,0x00000000ead00000,0x00000000ead80000)
 ParOldGen       total 421376K, used 420905K [0x00000000c0000000, 0x00000000d9b80000, 0x00000000eab00000)
  object space 421376K, 99% used [0x00000000c0000000,0x00000000d9b0a450,0x00000000d9b80000)
 Metaspace       used 61993K, committed 63296K, reserved 1114112K
  class space    used 6230K, committed 6784K, reserved 1048576K
}
Event: 185.390 GC heap after
{Heap after GC invocations=594 (full 3):
 PSYoungGen      total 2560K, used 352K [0x00000000eab00000, 0x00000000eae00000, 0x0000000100000000)
  eden space 2048K, 0% used [0x00000000eab00000,0x00000000eab00000,0x00000000ead00000)
  from space 512K, 68% used [0x00000000ead00000,0x00000000ead58000,0x00000000ead80000)
  to   space 512K, 0% used [0x00000000ead80000,0x00000000ead80000,0x00000000eae00000)
 ParOldGen       total 421376K, used 421193K [0x00000000c0000000, 0x00000000d9b80000, 0x00000000eab00000)
  object space 421376K, 99% used [0x00000000c0000000,0x00000000d9b52450,0x00000000d9b80000)
 Metaspace       used 61993K, committed 63296K, reserved 1114112K
  class space    used 6230K, committed 6784K, reserved 1048576K
}
Event: 185.709 GC heap before
{Heap before GC invocations=595 (full 3):
 PSYoungGen      total 2560K, used 2400K [0x00000000eab00000, 0x00000000eae00000, 0x0000000100000000)
  eden space 2048K, 100% used [0x00000000eab00000,0x00000000ead00000,0x00000000ead00000)
  from space 512K, 68% used [0x00000000ead00000,0x00000000ead58000,0x00000000ead80000)
  to   space 512K, 0% used [0x00000000ead80000,0x00000000ead80000,0x00000000eae00000)
 ParOldGen       total 421376K, used 421193K [0x00000000c0000000, 0x00000000d9b80000, 0x00000000eab00000)
  object space 421376K, 99% used [0x00000000c0000000,0x00000000d9b52450,0x00000000d9b80000)
 Metaspace       used 61993K, committed 63296K, reserved 1114112K
  class space    used 6230K, committed 6784K, reserved 1048576K
}
Event: 185.716 GC heap after
{Heap after GC invocations=595 (full 3):
 PSYoungGen      total 2560K, used 384K [0x00000000eab00000, 0x00000000eae00000, 0x0000000100000000)
  eden space 2048K, 0% used [0x00000000eab00000,0x00000000eab00000,0x00000000ead00000)
  from space 512K, 75% used [0x00000000ead80000,0x00000000eade0000,0x00000000eae00000)
  to   space 512K, 0% used [0x00000000ead00000,0x00000000ead00000,0x00000000ead80000)
 ParOldGen       total 421888K, used 421441K [0x00000000c0000000, 0x00000000d9c00000, 0x00000000eab00000)
  object space 421888K, 99% used [0x00000000c0000000,0x00000000d9b90450,0x00000000d9c00000)
 Metaspace       used 61993K, committed 63296K, reserved 1114112K
  class space    used 6230K, committed 6784K, reserved 1048576K
}
Event: 185.942 GC heap before
{Heap before GC invocations=596 (full 3):
 PSYoungGen      total 2560K, used 2432K [0x00000000eab00000, 0x00000000eae00000, 0x0000000100000000)
  eden space 2048K, 100% used [0x00000000eab00000,0x00000000ead00000,0x00000000ead00000)
  from space 512K, 75% used [0x00000000ead80000,0x00000000eade0000,0x00000000eae00000)
  to   space 512K, 0% used [0x00000000ead00000,0x00000000ead00000,0x00000000ead80000)
 ParOldGen       total 421888K, used 421441K [0x00000000c0000000, 0x00000000d9c00000, 0x00000000eab00000)
  object space 421888K, 99% used [0x00000000c0000000,0x00000000d9b90450,0x00000000d9c00000)
 Metaspace       used 61993K, committed 63296K, reserved 1114112K
  class space    used 6230K, committed 6784K, reserved 1048576K
}
Event: 185.946 GC heap after
{Heap after GC invocations=596 (full 3):
 PSYoungGen      total 2560K, used 352K [0x00000000eab00000, 0x00000000eae00000, 0x0000000100000000)
  eden space 2048K, 0% used [0x00000000eab00000,0x00000000eab00000,0x00000000ead00000)
  from space 512K, 68% used [0x00000000ead00000,0x00000000ead58000,0x00000000ead80000)
  to   space 512K, 0% used [0x00000000ead80000,0x00000000ead80000,0x00000000eae00000)
 ParOldGen       total 421888K, used 421681K [0x00000000c0000000, 0x00000000d9c00000, 0x00000000eab00000)
  object space 421888K, 99% used [0x00000000c0000000,0x00000000d9bcc450,0x00000000d9c00000)
 Metaspace       used 61993K, committed 63296K, reserved 1114112K
  class space    used 6230K, committed 6784K, reserved 1048576K
}
Event: 186.057 GC heap before
{Heap before GC invocations=597 (full 3):
 PSYoungGen      total 2560K, used 2394K [0x00000000eab00000, 0x00000000eae00000, 0x0000000100000000)
  eden space 2048K, 99% used [0x00000000eab00000,0x00000000eacfe840,0x00000000ead00000)
  from space 512K, 68% used [0x00000000ead00000,0x00000000ead58000,0x00000000ead80000)
  to   space 512K, 0% used [0x00000000ead80000,0x00000000ead80000,0x00000000eae00000)
 ParOldGen       total 421888K, used 421681K [0x00000000c0000000, 0x00000000d9c00000, 0x00000000eab00000)
  object space 421888K, 99% used [0x00000000c0000000,0x00000000d9bcc450,0x00000000d9c00000)
 Metaspace       used 61993K, committed 63296K, reserved 1114112K
  class space    used 6230K, committed 6784K, reserved 1048576K
}
Event: 186.058 GC heap after
{Heap after GC invocations=597 (full 3):
 PSYoungGen      total 2560K, used 288K [0x00000000eab00000, 0x00000000eae00000, 0x0000000100000000)
  eden space 2048K, 0% used [0x00000000eab00000,0x00000000eab00000,0x00000000ead00000)
  from space 512K, 56% used [0x00000000ead80000,0x00000000eadc8000,0x00000000eae00000)
  to   space 512K, 0% used [0x00000000ead00000,0x00000000ead00000,0x00000000ead80000)
 ParOldGen       total 422400K, used 421913K [0x00000000c0000000, 0x00000000d9c80000, 0x00000000eab00000)
  object space 422400K, 99% used [0x00000000c0000000,0x00000000d9c06450,0x00000000d9c80000)
 Metaspace       used 61993K, committed 63296K, reserved 1114112K
  class space    used 6230K, committed 6784K, reserved 1048576K
}
Event: 186.115 GC heap before
{Heap before GC invocations=598 (full 3):
 PSYoungGen      total 2560K, used 2336K [0x00000000eab00000, 0x00000000eae00000, 0x0000000100000000)
  eden space 2048K, 100% used [0x00000000eab00000,0x00000000ead00000,0x00000000ead00000)
  from space 512K, 56% used [0x00000000ead80000,0x00000000eadc8000,0x00000000eae00000)
  to   space 512K, 0% used [0x00000000ead00000,0x00000000ead00000,0x00000000ead80000)
 ParOldGen       total 422400K, used 421913K [0x00000000c0000000, 0x00000000d9c80000, 0x00000000eab00000)
  object space 422400K, 99% used [0x00000000c0000000,0x00000000d9c06450,0x00000000d9c80000)
 Metaspace       used 61993K, committed 63296K, reserved 1114112K
  class space    used 6230K, committed 6784K, reserved 1048576K
}
Event: 186.117 GC heap after
{Heap after GC invocations=598 (full 3):
 PSYoungGen      total 2560K, used 288K [0x00000000eab00000, 0x00000000eae00000, 0x0000000100000000)
  eden space 2048K, 0% used [0x00000000eab00000,0x00000000eab00000,0x00000000ead00000)
  from space 512K, 56% used [0x00000000ead00000,0x00000000ead48000,0x00000000ead80000)
  to   space 512K, 0% used [0x00000000ead80000,0x00000000ead80000,0x00000000eae00000)
 ParOldGen       total 422400K, used 422129K [0x00000000c0000000, 0x00000000d9c80000, 0x00000000eab00000)
  object space 422400K, 99% used [0x00000000c0000000,0x00000000d9c3c450,0x00000000d9c80000)
 Metaspace       used 61993K, committed 63296K, reserved 1114112K
  class space    used 6230K, committed 6784K, reserved 1048576K
}
Event: 186.185 GC heap before
{Heap before GC invocations=599 (full 3):
 PSYoungGen      total 2560K, used 2327K [0x00000000eab00000, 0x00000000eae00000, 0x0000000100000000)
  eden space 2048K, 99% used [0x00000000eab00000,0x00000000eacfdee0,0x00000000ead00000)
  from space 512K, 56% used [0x00000000ead00000,0x00000000ead48000,0x00000000ead80000)
  to   space 512K, 0% used [0x00000000ead80000,0x00000000ead80000,0x00000000eae00000)
 ParOldGen       total 422400K, used 422129K [0x00000000c0000000, 0x00000000d9c80000, 0x00000000eab00000)
  object space 422400K, 99% used [0x00000000c0000000,0x00000000d9c3c450,0x00000000d9c80000)
 Metaspace       used 61993K, committed 63296K, reserved 1114112K
  class space    used 6230K, committed 6784K, reserved 1048576K
}
Event: 186.188 GC heap after
{Heap after GC invocations=599 (full 3):
 PSYoungGen      total 2560K, used 400K [0x00000000eab00000, 0x00000000eae00000, 0x0000000100000000)
  eden space 2048K, 0% used [0x00000000eab00000,0x00000000eab00000,0x00000000ead00000)
  from space 512K, 78% used [0x00000000ead80000,0x00000000eade4030,0x00000000eae00000)
  to   space 512K, 0% used [0x00000000ead00000,0x00000000ead00000,0x00000000ead80000)
 ParOldGen       total 422400K, used 422337K [0x00000000c0000000, 0x00000000d9c80000, 0x00000000eab00000)
  object space 422400K, 99% used [0x00000000c0000000,0x00000000d9c70450,0x00000000d9c80000)
 Metaspace       used 61993K, committed 63296K, reserved 1114112K
  class space    used 6230K, committed 6784K, reserved 1048576K
}
Event: 186.363 GC heap before
{Heap before GC invocations=600 (full 3):
 PSYoungGen      total 2560K, used 2448K [0x00000000eab00000, 0x00000000eae00000, 0x0000000100000000)
  eden space 2048K, 100% used [0x00000000eab00000,0x00000000ead00000,0x00000000ead00000)
  from space 512K, 78% used [0x00000000ead80000,0x00000000eade4030,0x00000000eae00000)
  to   space 512K, 0% used [0x00000000ead00000,0x00000000ead00000,0x00000000ead80000)
 ParOldGen       total 422400K, used 422337K [0x00000000c0000000, 0x00000000d9c80000, 0x00000000eab00000)
  object space 422400K, 99% used [0x00000000c0000000,0x00000000d9c70450,0x00000000d9c80000)
 Metaspace       used 61993K, committed 63296K, reserved 1114112K
  class space    used 6230K, committed 6784K, reserved 1048576K
}

Dll operation events (10 events):
Event: 0.029 Loaded shared library c:\Users\Aditya\.cursor\extensions\redhat.java-1.40.0-win32-x64\jre\21.0.6-win32-x86_64\bin\java.dll
Event: 0.316 Loaded shared library c:\Users\Aditya\.cursor\extensions\redhat.java-1.40.0-win32-x64\jre\21.0.6-win32-x86_64\bin\zip.dll
Event: 0.356 Loaded shared library C:\Users\Aditya\.cursor\extensions\redhat.java-1.40.0-win32-x64\jre\21.0.6-win32-x86_64\bin\instrument.dll
Event: 0.366 Loaded shared library C:\Users\Aditya\.cursor\extensions\redhat.java-1.40.0-win32-x64\jre\21.0.6-win32-x86_64\bin\net.dll
Event: 0.373 Loaded shared library C:\Users\Aditya\.cursor\extensions\redhat.java-1.40.0-win32-x64\jre\21.0.6-win32-x86_64\bin\nio.dll
Event: 0.383 Loaded shared library C:\Users\Aditya\.cursor\extensions\redhat.java-1.40.0-win32-x64\jre\21.0.6-win32-x86_64\bin\zip.dll
Event: 0.433 Loaded shared library C:\Users\Aditya\.cursor\extensions\redhat.java-1.40.0-win32-x64\jre\21.0.6-win32-x86_64\bin\jimage.dll
Event: 0.772 Loaded shared library c:\Users\Aditya\.cursor\extensions\redhat.java-1.40.0-win32-x64\jre\21.0.6-win32-x86_64\bin\verify.dll
Event: 25.041 Loaded shared library C:\Users\Aditya\AppData\Roaming\Cursor\User\globalStorage\redhat.java\1.40.0\config_win\org.eclipse.equinox.launcher\org.eclipse.equinox.launcher.win32.win32.x86_64_1.2.1200.v20250212-0927\eclipse_11909.dll
Event: 77.700 Loaded shared library C:\Users\Aditya\AppData\Local\Temp\jna-1956490294\jna13114995222923873634.dll

Deoptimization events (20 events):
Event: 182.700 Thread 0x0000016b7529ead0 DEOPT PACKING pc=0x0000016b1e482eaa sp=0x0000005d8c3fecd0
Event: 182.700 Thread 0x0000016b7529ead0 DEOPT UNPACKING pc=0x0000016b23f14242 sp=0x0000005d8c3fe258 mode 0
Event: 182.756 Thread 0x0000016b7529ead0 DEOPT PACKING pc=0x0000016b1e482eaa sp=0x0000005d8c3fecd0
Event: 182.756 Thread 0x0000016b7529ead0 DEOPT UNPACKING pc=0x0000016b23f14242 sp=0x0000005d8c3fe258 mode 0
Event: 183.118 Thread 0x0000016b7529ead0 DEOPT PACKING pc=0x0000016b1e482eaa sp=0x0000005d8c3fecd0
Event: 183.118 Thread 0x0000016b7529ead0 DEOPT UNPACKING pc=0x0000016b23f14242 sp=0x0000005d8c3fe258 mode 0
Event: 183.235 Thread 0x0000016b7529ead0 DEOPT PACKING pc=0x0000016b1e482eaa sp=0x0000005d8c3fecd0
Event: 183.235 Thread 0x0000016b7529ead0 DEOPT UNPACKING pc=0x0000016b23f14242 sp=0x0000005d8c3fe258 mode 0
Event: 183.567 Thread 0x0000016b7529ead0 DEOPT PACKING pc=0x0000016b1e482eaa sp=0x0000005d8c3fecd0
Event: 183.567 Thread 0x0000016b7529ead0 DEOPT UNPACKING pc=0x0000016b23f14242 sp=0x0000005d8c3fe258 mode 0
Event: 184.004 Thread 0x0000016b7529ead0 DEOPT PACKING pc=0x0000016b1e482eaa sp=0x0000005d8c3fecd0
Event: 184.004 Thread 0x0000016b7529ead0 DEOPT UNPACKING pc=0x0000016b23f14242 sp=0x0000005d8c3fe258 mode 0
Event: 184.010 Thread 0x0000016b7529ead0 Uncommon trap: trap_request=0xffffffc6 fr.pc=0x0000016b24c68f2c relative=0x00000000000076cc
Event: 184.010 Thread 0x0000016b7529ead0 Uncommon trap: reason=bimorphic_or_optimized_type_check action=maybe_recompile pc=0x0000016b24c68f2c method=org.eclipse.jdt.internal.core.search.indexing.BinaryIndexer.indexDocument()V @ 1031 c2
Event: 184.011 Thread 0x0000016b7529ead0 DEOPT PACKING pc=0x0000016b24c68f2c sp=0x0000005d8c3fee90
Event: 184.011 Thread 0x0000016b7529ead0 DEOPT UNPACKING pc=0x0000016b23f13aa2 sp=0x0000005d8c3fee50 mode 2
Event: 184.072 Thread 0x0000016b7529ead0 DEOPT PACKING pc=0x0000016b1e482eaa sp=0x0000005d8c3fec40
Event: 184.072 Thread 0x0000016b7529ead0 DEOPT UNPACKING pc=0x0000016b23f14242 sp=0x0000005d8c3fe1c8 mode 0
Event: 184.189 Thread 0x0000016b7529ead0 DEOPT PACKING pc=0x0000016b1e482eaa sp=0x0000005d8c3fec40
Event: 184.189 Thread 0x0000016b7529ead0 DEOPT UNPACKING pc=0x0000016b23f14242 sp=0x0000005d8c3fe1c8 mode 0

Classes loaded (20 events):
Event: 153.604 Loading class java/util/stream/Node$Builder$OfInt done
Event: 153.604 Loading class java/util/stream/Nodes$IntArrayNode
Event: 153.607 Loading class java/util/stream/Nodes$IntArrayNode done
Event: 153.609 Loading class java/util/stream/Nodes$IntFixedNodeBuilder done
Event: 153.610 Loading class java/util/stream/ReferencePipeline$4$1
Event: 153.611 Loading class java/util/stream/ReferencePipeline$4$1 done
Event: 155.784 Loading class jdk/internal/module/IllegalAccessLogger
Event: 155.785 Loading class jdk/internal/module/IllegalAccessLogger done
Event: 159.499 Loading class java/util/stream/IntPipeline$Head
Event: 159.505 Loading class java/util/stream/IntPipeline$Head done
Event: 160.609 Loading class java/util/stream/Streams$RangeIntSpliterator
Event: 160.612 Loading class java/util/stream/Streams$RangeIntSpliterator done
Event: 171.738 Loading class sun/nio/cs/ISO_8859_1$Decoder
Event: 171.768 Loading class sun/nio/cs/ISO_8859_1$Decoder done
Event: 174.501 Loading class java/util/stream/DistinctOps
Event: 174.510 Loading class java/util/stream/DistinctOps done
Event: 174.510 Loading class java/util/stream/DistinctOps$1
Event: 174.518 Loading class java/util/stream/DistinctOps$1 done
Event: 174.536 Loading class java/util/stream/DistinctOps$1$2
Event: 174.539 Loading class java/util/stream/DistinctOps$1$2 done

Classes unloaded (7 events):
Event: 79.668 Thread 0x0000016b197aa620 Unloading class 0x0000016b3019cc00 'java/lang/invoke/LambdaForm$MH+0x0000016b3019cc00'
Event: 79.668 Thread 0x0000016b197aa620 Unloading class 0x0000016b3019c800 'java/lang/invoke/LambdaForm$MH+0x0000016b3019c800'
Event: 79.668 Thread 0x0000016b197aa620 Unloading class 0x0000016b3019c400 'java/lang/invoke/LambdaForm$MH+0x0000016b3019c400'
Event: 79.668 Thread 0x0000016b197aa620 Unloading class 0x0000016b3019c000 'java/lang/invoke/LambdaForm$MH+0x0000016b3019c000'
Event: 79.668 Thread 0x0000016b197aa620 Unloading class 0x0000016b3019bc00 'java/lang/invoke/LambdaForm$BMH+0x0000016b3019bc00'
Event: 79.668 Thread 0x0000016b197aa620 Unloading class 0x0000016b3019b800 'java/lang/invoke/LambdaForm$DMH+0x0000016b3019b800'
Event: 79.668 Thread 0x0000016b197aa620 Unloading class 0x0000016b3019a400 'java/lang/invoke/LambdaForm$DMH+0x0000016b3019a400'

Classes redefined (0 events):
No events

Internal exceptions (20 events):
Event: 172.269 Thread 0x0000016b7529ead0 Exception <a 'sun/nio/fs/WindowsException'{0x00000000eac6c090}> (0x00000000eac6c090) 
thrown [s\src\hotspot\share\prims\jni.cpp, line 520]
Event: 172.480 Thread 0x0000016b7529ead0 Exception <a 'sun/nio/fs/WindowsException'{0x00000000eac43020}> (0x00000000eac43020) 
thrown [s\src\hotspot\share\prims\jni.cpp, line 520]
Event: 173.442 Thread 0x0000016b7529ead0 Exception <a 'sun/nio/fs/WindowsException'{0x00000000eab00710}> (0x00000000eab00710) 
thrown [s\src\hotspot\share\prims\jni.cpp, line 520]
Event: 174.557 Thread 0x0000016b787d03c0 Exception <a 'java/lang/NoSuchMethodError'{0x00000000eac50520}: 'java.lang.Object java.lang.invoke.DirectMethodHandle$Holder.newInvokeSpecial(java.lang.Object, java.lang.Object, int, java.lang.Object, java.lang.Object)'> (0x00000000eac50520) 
thrown [s\src\hotspot\share\interpreter\linkResolver.cpp, line 773]
Event: 174.655 Thread 0x0000016b787d03c0 Exception <a 'java/lang/NoSuchMethodError'{0x00000000eab1b0c8}: 'void java.lang.invoke.DirectMethodHandle$Holder.invokeStatic(java.lang.Object, java.lang.Object, java.lang.Object, java.lang.Object, java.lang.Object, java.lang.Object, java.lang.Object, java.lang.Object)'> (0x00000000eab1b0c8) 
thrown [s\src\hotspot\share\interpreter\linkResolver.cpp, line 773]
Event: 174.795 Thread 0x0000016b787d03c0 Exception <a 'java/lang/NoSuchMethodError'{0x00000000eab64058}: 'int java.lang.invoke.DirectMethodHandle$Holder.invokeInterface(java.lang.Object, java.lang.Object)'> (0x00000000eab64058) 
thrown [s\src\hotspot\share\interpreter\linkResolver.cpp, line 773]
Event: 175.491 Thread 0x0000016b7529ead0 Exception <a 'sun/nio/fs/WindowsException'{0x00000000eab46f98}> (0x00000000eab46f98) 
thrown [s\src\hotspot\share\prims\jni.cpp, line 520]
Event: 176.079 Thread 0x0000016b7529ead0 Exception <a 'sun/nio/fs/WindowsException'{0x00000000eab6bf68}> (0x00000000eab6bf68) 
thrown [s\src\hotspot\share\prims\jni.cpp, line 520]
Event: 177.016 Thread 0x0000016b787d03c0 Exception <a 'java/lang/NoSuchMethodError'{0x00000000eac573d0}: 'java.lang.Object java.lang.invoke.DirectMethodHandle$Holder.newInvokeSpecial(java.lang.Object, java.lang.Object, java.lang.Object, java.lang.Object, java.lang.Object, java.lang.Object, java.lang.Object, java.lang.Object)'> (0x00000000eac573d0) 
thrown [s\src\hotspot\share\interpreter\linkResolver.cpp, line 773]
Event: 177.037 Thread 0x0000016b787d03c0 Exception <a 'java/lang/NoSuchMethodError'{0x00000000eac6ab00}: 'java.lang.Object java.lang.invoke.DirectMethodHandle$Holder.invokeStatic(java.lang.Object, java.lang.Object, int, java.lang.Object, java.lang.Object)'> (0x00000000eac6ab00) 
thrown [s\src\hotspot\share\interpreter\linkResolver.cpp, line 773]
Event: 177.039 Thread 0x0000016b787d03c0 Exception <a 'java/lang/NoSuchMethodError'{0x00000000eac71398}: 'java.lang.Object java.lang.invoke.DirectMethodHandle$Holder.newInvokeSpecial(java.lang.Object, java.lang.Object, int)'> (0x00000000eac71398) 
thrown [s\src\hotspot\share\interpreter\linkResolver.cpp, line 773]
Event: 177.392 Thread 0x0000016b7529ead0 Exception <a 'sun/nio/fs/WindowsException'{0x00000000eab551c0}> (0x00000000eab551c0) 
thrown [s\src\hotspot\share\prims\jni.cpp, line 520]
Event: 177.448 Thread 0x0000016b787d03c0 Exception <a 'java/lang/NoSuchMethodError'{0x00000000eab87748}: 'void java.lang.invoke.DirectMethodHandle$Holder.invokeStatic(java.lang.Object, int)'> (0x00000000eab87748) 
thrown [s\src\hotspot\share\interpreter\linkResolver.cpp, line 773]
Event: 177.534 Thread 0x0000016b7529ead0 Exception <a 'sun/nio/fs/WindowsException'{0x00000000eabb30a0}> (0x00000000eabb30a0) 
thrown [s\src\hotspot\share\prims\jni.cpp, line 520]
Event: 177.635 Thread 0x0000016b7529ead0 Exception <a 'sun/nio/fs/WindowsException'{0x00000000eab22ad8}> (0x00000000eab22ad8) 
thrown [s\src\hotspot\share\prims\jni.cpp, line 520]
Event: 178.564 Thread 0x0000016b787d03c0 Exception <a 'java/io/FileNotFoundException'{0x00000000eab3cb68}> (0x00000000eab3cb68) 
thrown [s\src\hotspot\share\prims\jni.cpp, line 520]
Event: 179.123 Thread 0x0000016b7529ead0 Exception <a 'sun/nio/fs/WindowsException'{0x00000000eab6ecc0}> (0x00000000eab6ecc0) 
thrown [s\src\hotspot\share\prims\jni.cpp, line 520]
Event: 179.290 Thread 0x0000016b7529ead0 Exception <a 'sun/nio/fs/WindowsException'{0x00000000eab88398}> (0x00000000eab88398) 
thrown [s\src\hotspot\share\prims\jni.cpp, line 520]
Event: 179.862 Thread 0x0000016b7529ead0 Exception <a 'sun/nio/fs/WindowsException'{0x00000000eab75d90}> (0x00000000eab75d90) 
thrown [s\src\hotspot\share\prims\jni.cpp, line 520]
Event: 181.032 Thread 0x0000016b7529ead0 Exception <a 'sun/nio/fs/WindowsException'{0x00000000eac3c070}> (0x00000000eac3c070) 
thrown [s\src\hotspot\share\prims\jni.cpp, line 520]

ZGC Phase Switch (0 events):
No events

VM Operations (20 events):
Event: 184.256 Executing VM operation: ParallelGCFailedAllocation (Allocation Failure) done
Event: 184.357 Executing VM operation: ParallelGCFailedAllocation (Allocation Failure)
Event: 184.359 Executing VM operation: ParallelGCFailedAllocation (Allocation Failure) done
Event: 184.504 Executing VM operation: ParallelGCFailedAllocation (Allocation Failure)
Event: 184.505 Executing VM operation: ParallelGCFailedAllocation (Allocation Failure) done
Event: 185.145 Executing VM operation: ParallelGCFailedAllocation (Allocation Failure)
Event: 185.154 Executing VM operation: ParallelGCFailedAllocation (Allocation Failure) done
Event: 185.337 Executing VM operation: ParallelGCFailedAllocation (Allocation Failure)
Event: 185.390 Executing VM operation: ParallelGCFailedAllocation (Allocation Failure) done
Event: 185.708 Executing VM operation: ParallelGCFailedAllocation (Allocation Failure)
Event: 185.716 Executing VM operation: ParallelGCFailedAllocation (Allocation Failure) done
Event: 185.942 Executing VM operation: ParallelGCFailedAllocation (Allocation Failure)
Event: 185.946 Executing VM operation: ParallelGCFailedAllocation (Allocation Failure) done
Event: 186.057 Executing VM operation: ParallelGCFailedAllocation (Allocation Failure)
Event: 186.058 Executing VM operation: ParallelGCFailedAllocation (Allocation Failure) done
Event: 186.115 Executing VM operation: ParallelGCFailedAllocation (Allocation Failure)
Event: 186.117 Executing VM operation: ParallelGCFailedAllocation (Allocation Failure) done
Event: 186.185 Executing VM operation: ParallelGCFailedAllocation (Allocation Failure)
Event: 186.188 Executing VM operation: ParallelGCFailedAllocation (Allocation Failure) done
Event: 186.359 Executing VM operation: ParallelGCFailedAllocation (Allocation Failure)

Memory protections (0 events):
No events

Nmethod flushes (20 events):
Event: 156.943 Thread 0x0000016b197aa620 flushing  nmethod 0x0000016b1d3a0390
Event: 156.943 Thread 0x0000016b197aa620 flushing  nmethod 0x0000016b1d3a1490
Event: 156.943 Thread 0x0000016b197aa620 flushing  nmethod 0x0000016b1d3a2990
Event: 156.943 Thread 0x0000016b197aa620 flushing  nmethod 0x0000016b1d3a2e90
Event: 156.943 Thread 0x0000016b197aa620 flushing  nmethod 0x0000016b1d3a3990
Event: 156.943 Thread 0x0000016b197aa620 flushing  nmethod 0x0000016b1d3ac210
Event: 156.943 Thread 0x0000016b197aa620 flushing  nmethod 0x0000016b1d3c2e90
Event: 156.943 Thread 0x0000016b197aa620 flushing  nmethod 0x0000016b1d3cf190
Event: 156.943 Thread 0x0000016b197aa620 flushing  nmethod 0x0000016b1d3d3410
Event: 156.943 Thread 0x0000016b197aa620 flushing  nmethod 0x0000016b1d3d7390
Event: 156.943 Thread 0x0000016b197aa620 flushing  nmethod 0x0000016b1d3d7b90
Event: 156.943 Thread 0x0000016b197aa620 flushing  nmethod 0x0000016b1d3d8190
Event: 156.943 Thread 0x0000016b197aa620 flushing  nmethod 0x0000016b1d3d8a10
Event: 156.943 Thread 0x0000016b197aa620 flushing  nmethod 0x0000016b1d3dea90
Event: 156.944 Thread 0x0000016b197aa620 flushing  nmethod 0x0000016b1d3e5990
Event: 156.944 Thread 0x0000016b197aa620 flushing  nmethod 0x0000016b1d3e9e10
Event: 156.944 Thread 0x0000016b197aa620 flushing  nmethod 0x0000016b1d3fe510
Event: 156.944 Thread 0x0000016b197aa620 flushing  nmethod 0x0000016b1d400b10
Event: 156.944 Thread 0x0000016b197aa620 flushing  nmethod 0x0000016b1d421010
Event: 156.944 Thread 0x0000016b197aa620 flushing  nmethod 0x0000016b1d428790

Events (20 events):
Event: 133.729 Thread 0x0000016b787d03c0 Thread added: 0x0000016b756cbbd0
Event: 150.847 Thread 0x0000016b7529d720 Thread exited: 0x0000016b7529d720
Event: 150.860 Thread 0x0000016b787d3ed0 Thread exited: 0x0000016b787d3ed0
Event: 151.981 Thread 0x0000016b787d03c0 Thread added: 0x0000016b756ca820
Event: 153.165 Thread 0x0000016b787d03c0 Thread added: 0x0000016b756caeb0
Event: 153.386 Thread 0x0000016b787d03c0 Thread added: 0x0000016b756cb540
Event: 153.386 Thread 0x0000016b787d03c0 Thread added: 0x0000016b7529d720
Event: 153.419 Thread 0x0000016b787d03c0 Thread added: 0x0000016b787d3ed0
Event: 153.513 Thread 0x0000016b787d03c0 Thread added: 0x0000016b78991300
Event: 153.687 Thread 0x0000016b787d03c0 Thread added: 0x0000016b7898ff50
Event: 167.755 Thread 0x0000016b787d03c0 Thread added: 0x0000016b78991990
Event: 167.766 Thread 0x0000016b787d03c0 Thread added: 0x0000016b78992020
Event: 167.766 Thread 0x0000016b787d03c0 Thread added: 0x0000016b7898f8c0
Event: 167.767 Thread 0x0000016b787d03c0 Thread added: 0x0000016b7898eba0
Event: 167.772 Thread 0x0000016b787d03c0 Thread added: 0x0000016b789905e0
Event: 173.481 Thread 0x0000016b7898eba0 Thread exited: 0x0000016b7898eba0
Event: 173.481 Thread 0x0000016b7898f8c0 Thread exited: 0x0000016b7898f8c0
Event: 173.481 Thread 0x0000016b78992020 Thread exited: 0x0000016b78992020
Event: 173.481 Thread 0x0000016b789905e0 Thread exited: 0x0000016b789905e0
Event: 173.498 Thread 0x0000016b78991990 Thread exited: 0x0000016b78991990


Dynamic libraries:
0x00007ff69c740000 - 0x00007ff69c74e000 	c:\Users\Aditya\.cursor\extensions\redhat.java-1.40.0-win32-x64\jre\21.0.6-win32-x86_64\bin\java.exe
0x00007ffe77440000 - 0x00007ffe776a3000 	C:\WINDOWS\SYSTEM32\ntdll.dll
0x00007ffe76470000 - 0x00007ffe76537000 	C:\WINDOWS\System32\KERNEL32.DLL
0x00007ffe74b50000 - 0x00007ffe74f17000 	C:\WINDOWS\System32\KERNELBASE.dll
0x00007ffe6fec0000 - 0x00007ffe6ff5c000 	C:\WINDOWS\SYSTEM32\apphelp.dll
0x00007ffe75130000 - 0x00007ffe7527c000 	C:\WINDOWS\System32\ucrtbase.dll
0x00007ffe5d4b0000 - 0x00007ffe5d4c8000 	c:\Users\Aditya\.cursor\extensions\redhat.java-1.40.0-win32-x64\jre\21.0.6-win32-x86_64\bin\jli.dll
0x00007ffe5bde0000 - 0x00007ffe5bdfe000 	c:\Users\Aditya\.cursor\extensions\redhat.java-1.40.0-win32-x64\jre\21.0.6-win32-x86_64\bin\VCRUNTIME140.dll
0x00007ffe5a150000 - 0x00007ffe5a3e0000 	C:\WINDOWS\WinSxS\amd64_microsoft.windows.common-controls_6595b64144ccf1df_6.0.26100.3037_none_3e09262ce333c378\COMCTL32.dll
0x00007ffe76650000 - 0x00007ffe76819000 	C:\WINDOWS\System32\USER32.dll
0x00007ffe74a60000 - 0x00007ffe74a87000 	C:\WINDOWS\System32\win32u.dll
0x00007ffe75dc0000 - 0x00007ffe75dea000 	C:\WINDOWS\System32\GDI32.dll
0x00007ffe74890000 - 0x00007ffe749bb000 	C:\WINDOWS\System32\gdi32full.dll
0x00007ffe769c0000 - 0x00007ffe76a69000 	C:\WINDOWS\System32\msvcrt.dll
0x00007ffe747e0000 - 0x00007ffe74883000 	C:\WINDOWS\System32\msvcp_win.dll
0x00007ffe76ec0000 - 0x00007ffe76eef000 	C:\WINDOWS\System32\IMM32.DLL
0x00007ffe6acc0000 - 0x00007ffe6accc000 	c:\Users\Aditya\.cursor\extensions\redhat.java-1.40.0-win32-x64\jre\21.0.6-win32-x86_64\bin\vcruntime140_1.dll
0x00007ffe39250000 - 0x00007ffe392dd000 	c:\Users\Aditya\.cursor\extensions\redhat.java-1.40.0-win32-x64\jre\21.0.6-win32-x86_64\bin\msvcp140.dll
0x00007ffdffe90000 - 0x00007ffe00c20000 	c:\Users\Aditya\.cursor\extensions\redhat.java-1.40.0-win32-x64\jre\21.0.6-win32-x86_64\bin\server\jvm.dll
0x00007ffe76fe0000 - 0x00007ffe77094000 	C:\WINDOWS\System32\ADVAPI32.dll
0x00007ffe75a70000 - 0x00007ffe75b16000 	C:\WINDOWS\System32\sechost.dll
0x00007ffe75e40000 - 0x00007ffe75f56000 	C:\WINDOWS\System32\RPCRT4.dll
0x00007ffe76aa0000 - 0x00007ffe76b14000 	C:\WINDOWS\System32\WS2_32.dll
0x00007ffe59e80000 - 0x00007ffe59e8b000 	C:\WINDOWS\SYSTEM32\VERSION.dll
0x00007ffe5d300000 - 0x00007ffe5d336000 	C:\WINDOWS\SYSTEM32\WINMM.dll
0x00007ffe745c0000 - 0x00007ffe7460e000 	C:\WINDOWS\SYSTEM32\POWRPROF.dll
0x00007ffe74490000 - 0x00007ffe744a4000 	C:\WINDOWS\SYSTEM32\UMPDC.dll
0x00007ffe735d0000 - 0x00007ffe735ea000 	C:\WINDOWS\SYSTEM32\kernel.appcore.dll
0x00007ffe6a950000 - 0x00007ffe6a95a000 	c:\Users\Aditya\.cursor\extensions\redhat.java-1.40.0-win32-x64\jre\21.0.6-win32-x86_64\bin\jimage.dll
0x00007ffe6ca70000 - 0x00007ffe6ccb1000 	C:\WINDOWS\SYSTEM32\DBGHELP.DLL
0x00007ffe76b20000 - 0x00007ffe76e9e000 	C:\WINDOWS\System32\combase.dll
0x00007ffe75280000 - 0x00007ffe75356000 	C:\WINDOWS\System32\OLEAUT32.dll
0x00007ffe565d0000 - 0x00007ffe56609000 	C:\WINDOWS\SYSTEM32\dbgcore.DLL
0x00007ffe749c0000 - 0x00007ffe74a59000 	C:\WINDOWS\System32\bcryptPrimitives.dll
0x00007ffe6a580000 - 0x00007ffe6a58f000 	c:\Users\Aditya\.cursor\extensions\redhat.java-1.40.0-win32-x64\jre\21.0.6-win32-x86_64\bin\instrument.dll
0x00007ffe54a80000 - 0x00007ffe54a9f000 	c:\Users\Aditya\.cursor\extensions\redhat.java-1.40.0-win32-x64\jre\21.0.6-win32-x86_64\bin\java.dll
0x00007ffe75360000 - 0x00007ffe75a64000 	C:\WINDOWS\System32\SHELL32.dll
0x00007ffe724a0000 - 0x00007ffe72cd7000 	C:\WINDOWS\SYSTEM32\windows.storage.dll
0x00007ffe77300000 - 0x00007ffe773e9000 	C:\WINDOWS\System32\SHCORE.dll
0x00007ffe76f00000 - 0x00007ffe76f5d000 	C:\WINDOWS\System32\shlwapi.dll
0x00007ffe746f0000 - 0x00007ffe7471e000 	C:\WINDOWS\SYSTEM32\profapi.dll
0x00007ffe4b1f0000 - 0x00007ffe4b208000 	c:\Users\Aditya\.cursor\extensions\redhat.java-1.40.0-win32-x64\jre\21.0.6-win32-x86_64\bin\zip.dll
0x00007ffe6a4e0000 - 0x00007ffe6a4f0000 	C:\Users\Aditya\.cursor\extensions\redhat.java-1.40.0-win32-x64\jre\21.0.6-win32-x86_64\bin\net.dll
0x00007ffe70350000 - 0x00007ffe7046e000 	C:\WINDOWS\SYSTEM32\WINHTTP.dll
0x00007ffe73ac0000 - 0x00007ffe73b2a000 	C:\WINDOWS\system32\mswsock.dll
0x00007ffe4ab50000 - 0x00007ffe4ab66000 	C:\Users\Aditya\.cursor\extensions\redhat.java-1.40.0-win32-x64\jre\21.0.6-win32-x86_64\bin\nio.dll
0x00007ffe69d70000 - 0x00007ffe69d80000 	c:\Users\Aditya\.cursor\extensions\redhat.java-1.40.0-win32-x64\jre\21.0.6-win32-x86_64\bin\verify.dll
0x00007ffe40b50000 - 0x00007ffe40b95000 	C:\Users\Aditya\AppData\Roaming\Cursor\User\globalStorage\redhat.java\1.40.0\config_win\org.eclipse.equinox.launcher\org.eclipse.equinox.launcher.win32.win32.x86_64_1.2.1200.v20250212-0927\eclipse_11909.dll
0x00007ffe76820000 - 0x00007ffe769b5000 	C:\WINDOWS\System32\ole32.dll
0x00007ffe73e70000 - 0x00007ffe73e8c000 	C:\WINDOWS\SYSTEM32\CRYPTSP.dll
0x00007ffe73530000 - 0x00007ffe73568000 	C:\WINDOWS\system32\rsaenh.dll
0x00007ffe73b60000 - 0x00007ffe73b8b000 	C:\WINDOWS\SYSTEM32\USERENV.dll
0x00007ffe74000000 - 0x00007ffe74026000 	C:\WINDOWS\SYSTEM32\bcrypt.dll
0x00007ffe73cf0000 - 0x00007ffe73cfc000 	C:\WINDOWS\SYSTEM32\CRYPTBASE.dll
0x00007ffe72ff0000 - 0x00007ffe73022000 	C:\WINDOWS\SYSTEM32\IPHLPAPI.DLL
0x00007ffe75b20000 - 0x00007ffe75b2a000 	C:\WINDOWS\System32\NSI.dll
0x00007ffe338e0000 - 0x00007ffe33929000 	C:\Users\Aditya\AppData\Local\Temp\jna-1956490294\jna13114995222923873634.dll
0x00007ffe773f0000 - 0x00007ffe773f8000 	C:\WINDOWS\System32\PSAPI.DLL
0x00007ffe70ad0000 - 0x00007ffe70aef000 	C:\WINDOWS\SYSTEM32\dhcpcsvc6.DLL
0x00007ffe708b0000 - 0x00007ffe708d5000 	C:\WINDOWS\SYSTEM32\dhcpcsvc.DLL

dbghelp: loaded successfully - version: 4.0.5 - missing functions: none
symbol engine: initialized successfully - sym options: 0x614 - pdb path: .;c:\Users\Aditya\.cursor\extensions\redhat.java-1.40.0-win32-x64\jre\21.0.6-win32-x86_64\bin;C:\WINDOWS\SYSTEM32;C:\WINDOWS\WinSxS\amd64_microsoft.windows.common-controls_6595b64144ccf1df_6.0.26100.3037_none_3e09262ce333c378;c:\Users\Aditya\.cursor\extensions\redhat.java-1.40.0-win32-x64\jre\21.0.6-win32-x86_64\bin\server;C:\Users\Aditya\AppData\Roaming\Cursor\User\globalStorage\redhat.java\1.40.0\config_win\org.eclipse.equinox.launcher\org.eclipse.equinox.launcher.win32.win32.x86_64_1.2.1200.v20250212-0927;C:\Users\Aditya\AppData\Local\Temp\jna-1956490294

VM Arguments:
jvm_args: --add-modules=ALL-SYSTEM --add-opens=java.base/java.util=ALL-UNNAMED --add-opens=java.base/java.lang=ALL-UNNAMED --add-opens=java.base/sun.nio.fs=ALL-UNNAMED -Declipse.application=org.eclipse.jdt.ls.core.id1 -Dosgi.bundles.defaultStartLevel=4 -Declipse.product=org.eclipse.jdt.ls.core.product -Djava.import.generatesMetadataFilesAtProjectRoot=false -DDetectVMInstallationsJob.disabled=true -Dfile.encoding=utf8 -XX:+UseParallelGC -XX:GCTimeRatio=4 -XX:AdaptiveSizePolicyWeight=90 -Dsun.zip.disableMemoryMapping=true -Xmx1G -Xms100m -Xlog:disable -javaagent:c:\Users\Aditya\.cursor\extensions\redhat.java-1.40.0-win32-x64\lombok\lombok-1.18.36.jar -XX:+HeapDumpOnOutOfMemoryError -XX:HeapDumpPath=c:\Users\Aditya\AppData\Roaming\Cursor\User\workspaceStorage\75144affba70cc5b32179d372713c5c2\redhat.java -Daether.dependencyCollector.impl=bf 
java_command: c:\Users\Aditya\.cursor\extensions\redhat.java-1.40.0-win32-x64\server\plugins\org.eclipse.equinox.launcher_1.6.1000.v20250131-0606.jar -configuration c:\Users\Aditya\AppData\Roaming\Cursor\User\globalStorage\redhat.java\1.40.0\config_win -data c:\Users\Aditya\AppData\Roaming\Cursor\User\workspaceStorage\75144affba70cc5b32179d372713c5c2\redhat.java\jdt_ws --pipe=\\.\pipe\lsp-82fb1578cd29a98a0d909cfb83420a6b-sock
java_class_path (initial): c:\Users\Aditya\.cursor\extensions\redhat.java-1.40.0-win32-x64\server\plugins\org.eclipse.equinox.launcher_1.6.1000.v20250131-0606.jar
Launcher Type: SUN_STANDARD

[Global flags]
    uintx AdaptiveSizePolicyWeight                 = 90                                        {product} {command line}
     intx CICompilerCount                          = 4                                         {product} {ergonomic}
    uintx GCTimeRatio                              = 4                                         {product} {command line}
     bool HeapDumpOnOutOfMemoryError               = true                                   {manageable} {command line}
    ccstr HeapDumpPath                             = c:\Users\Aditya\AppData\Roaming\Cursor\User\workspaceStorage\75144affba70cc5b32179d372713c5c2\redhat.java         {manageable} {command line}
   size_t InitialHeapSize                          = 104857600                                 {product} {command line}
   size_t MaxHeapSize                              = 1073741824                                {product} {command line}
   size_t MaxNewSize                               = 357564416                                 {product} {ergonomic}
   size_t MinHeapDeltaBytes                        = 524288                                    {product} {ergonomic}
   size_t MinHeapSize                              = 104857600                                 {product} {command line}
   size_t NewSize                                  = 34603008                                  {product} {ergonomic}
    uintx NonNMethodCodeHeapSize                   = 5839372                                {pd product} {ergonomic}
    uintx NonProfiledCodeHeapSize                  = 122909434                              {pd product} {ergonomic}
   size_t OldSize                                  = 70254592                                  {product} {ergonomic}
    uintx ProfiledCodeHeapSize                     = 122909434                              {pd product} {ergonomic}
    uintx ReservedCodeCacheSize                    = 251658240                              {pd product} {ergonomic}
     bool SegmentedCodeCache                       = true                                      {product} {ergonomic}
   size_t SoftMaxHeapSize                          = 1073741824                             {manageable} {ergonomic}
     bool UseCompressedOops                        = true                           {product lp64_product} {ergonomic}
     bool UseLargePagesIndividualAllocation        = false                                  {pd product} {ergonomic}
     bool UseParallelGC                            = true                                      {product} {command line}

Logging:
Log output configuration:
 #0: stdout all=off uptime,level,tags foldmultilines=false
 #1: stderr all=off uptime,level,tags foldmultilines=false

Environment Variables:
PATH=C:\Program Files\Python313\Scripts\;C:\Program Files\Python313\;C:\Python312\Scripts\;C:\Python312\;C:\Program Files\Common Files\Oracle\Java\javapath;C:\WINDOWS\system32;C:\WINDOWS;C:\WINDOWS\System32\Wbem;C:\WINDOWS\System32\WindowsPowerShell\v1.0\;C:\WINDOWS\System32\OpenSSH\;C:\Program Files\Java\jdk-21\bin;C:\Program Files\nodejs\;C:\ProgramData\chocolatey\bin\;C:\Program Files\dotnet\;C:\buildtool\apache-maven-3.9.9\bin;C:\Program Files\Git\cmd;C:\Users\Aditya\AppData\Local\Programs\Python\Python310\Scripts\;C:\Users\Aditya\AppData\Local\Programs\Python\Python310\;C:\Users\Aditya\AppData\Local\Programs\Python\Python313\Scripts\;C:\Users\Aditya\AppData\Local\Programs\Python\Python313\;C:\Program Files\MySQL\MySQL Shell 8.0\bin\;C:\Users\Aditya\AppData\Local\Microsoft\WindowsApps;C:\Users\Aditya\AppData\Local\Programs\Microsoft VS Code\bin;C:\Program Files\JetBrains\IntelliJ IDEA Community Edition 2024.1.4\bin;;C:\Users\Aditya\AppData\Local\Microsoft\WinGet\Packages\Schniz.fnm_Microsoft.Winget.Source_8wekyb3d8bbwe;C:\Users\Aditya\AppData\Roaming\npm;C:\Users\Aditya\.dotnet\tools;C:\Users\Aditya\AppData\Local\GitHubDesktop\bin;D:\cursor\resources\app\bin
USERNAME=Aditya
OS=Windows_NT
PROCESSOR_IDENTIFIER=AMD64 Family 23 Model 160 Stepping 0, AuthenticAMD
TMP=C:\Users\Aditya\AppData\Local\Temp
TEMP=C:\Users\Aditya\AppData\Local\Temp




Periodic native trim disabled

---------------  S Y S T E M  ---------------

OS:
 Windows 11 , 64 bit Build 26100 (10.0.26100.3037)
OS uptime: 13 days 4:49 hours
Hyper-V role detected

CPU: total 8 (initial active 8) (8 cores per cpu, 2 threads per core) family 23 model 160 stepping 0 microcode 0x8a00006, cx8, cmov, fxsr, ht, mmx, 3dnowpref, sse, sse2, sse3, ssse3, sse4a, sse4.1, sse4.2, popcnt, lzcnt, tsc, tscinvbit, avx, avx2, aes, clmul, bmi1, bmi2, adx, sha, fma, vzeroupper, clflush, clflushopt, hv, rdtscp, rdpid, f16c
Processor Information for the first 8 processors :
  Max Mhz: 2401, Current Mhz: 2401, Mhz Limit: 2401

Memory: 4k page, system-wide physical 5965M (1M free)
TotalPageFile size 24397M (AvailPageFile size 14M)
current process WorkingSet (physical memory assigned to process): 51M, peak: 408M
current process commit charge ("private bytes"): 681M, peak: 682M

vm_info: OpenJDK 64-Bit Server VM (21.0.6+7-LTS) for windows-amd64 JRE (21.0.6+7-LTS), built on 2025-01-21T00:00:00Z by "admin" with MS VC++ 17.7 (VS2022)

END.
