#
# There is insufficient memory for the Java Runtime Environment to continue.
# Native memory allocation (malloc) failed to allocate 1048576 bytes. Error detail: AllocateHeap
# Possible reasons:
#   The system is out of physical RAM or swap space
#   This process is running with CompressedOops enabled, and the Java Heap may be blocking the growth of the native heap
# Possible solutions:
#   Reduce memory load on the system
#   Increase physical memory or swap space
#   Check if swap backing store is full
#   Decrease Java heap size (-Xmx/-Xms)
#   Decrease number of Java threads
#   Decrease Java thread stack sizes (-Xss)
#   Set larger code cache with -XX:ReservedCodeCacheSize=
#   JVM is running with Unscaled Compressed Oops mode in which the Java heap is
#     placed in the first 4GB address space. The Java Heap base address is the
#     maximum limit for the native heap growth. Please use -XX:HeapBaseMinAddress
#     to set the Java Heap base and to place the Java Heap above 4GB virtual address.
# This output file may be truncated or incomplete.
#
#  Out of Memory Error (allocation.cpp:44), pid=21348, tid=8128
#
# JRE version:  (21.0.6+7) (build )
# Java VM: OpenJDK 64-Bit Server VM (21.0.6+7-LTS, mixed mode, sharing, tiered, compressed oops, compressed class ptrs, parallel gc, windows-amd64)
# No core dump will be written. Minidumps are not enabled by default on client versions of Windows
#

---------------  S U M M A R Y ------------

Command Line: --add-modules=ALL-SYSTEM --add-opens=java.base/java.util=ALL-UNNAMED --add-opens=java.base/java.lang=ALL-UNNAMED --add-opens=java.base/sun.nio.fs=ALL-UNNAMED -Declipse.application=org.eclipse.jdt.ls.core.id1 -Dosgi.bundles.defaultStartLevel=4 -Declipse.product=org.eclipse.jdt.ls.core.product -Djava.import.generatesMetadataFilesAtProjectRoot=false -DDetectVMInstallationsJob.disabled=true -Dfile.encoding=utf8 -XX:+UseParallelGC -XX:GCTimeRatio=4 -XX:AdaptiveSizePolicyWeight=90 -Dsun.zip.disableMemoryMapping=true -Xmx1G -Xms100m -Xlog:disable -javaagent:c:\Users\Aditya\.cursor\extensions\redhat.java-1.40.0-win32-x64\lombok\lombok-1.18.36.jar -XX:+HeapDumpOnOutOfMemoryError -XX:HeapDumpPath=c:\Users\Aditya\AppData\Roaming\Cursor\User\workspaceStorage\75144affba70cc5b32179d372713c5c2\redhat.java -Daether.dependencyCollector.impl=bf c:\Users\Aditya\.cursor\extensions\redhat.java-1.40.0-win32-x64\server\plugins\org.eclipse.equinox.launcher_1.6.1000.v20250131-0606.jar -configuration c:\Users\Aditya\AppData\Roaming\Cursor\User\globalStorage\redhat.java\1.40.0\config_win -data c:\Users\Aditya\AppData\Roaming\Cursor\User\workspaceStorage\75144affba70cc5b32179d372713c5c2\redhat.java\jdt_ws --pipe=\\.\pipe\lsp-950638948d14b66dddac5ff920ef5b21-sock

Host: AMD Ryzen 3 7320U with Radeon Graphics         , 8 cores, 5G,  Windows 11 , 64 bit Build 26100 (10.0.26100.3037)
Time: Sat Mar  8 19:19:30 2025 India Standard Time elapsed time: 1.187463 seconds (0d 0h 0m 1s)

---------------  T H R E A D  ---------------

Current thread (0x00000137635b05a0):  JavaThread "Unknown thread" [_thread_in_vm, id=8128, stack(0x0000000fa8100000,0x0000000fa8200000) (1024K)]

Stack: [0x0000000fa8100000,0x0000000fa8200000]
Native frames: (J=compiled Java code, j=interpreted, Vv=VM code, C=native code)
V  [jvm.dll+0x6cdee9]
V  [jvm.dll+0x8a83d1]
V  [jvm.dll+0x8aa8fe]
V  [jvm.dll+0x8aafe3]
V  [jvm.dll+0x27f706]
V  [jvm.dll+0xbfb37]
V  [jvm.dll+0x702102]
V  [jvm.dll+0x702e3c]
V  [jvm.dll+0x6dcc13]
V  [jvm.dll+0x871cdc]
V  [jvm.dll+0x3bc2dc]
V  [jvm.dll+0x85a868]
V  [jvm.dll+0x45066e]
V  [jvm.dll+0x4522b1]
C  [jli.dll+0x5278]
C  [ucrtbase.dll+0x37b0]
C  [KERNEL32.DLL+0x2e8d7]
C  [ntdll.dll+0xbbf2c]


---------------  P R O C E S S  ---------------

Threads class SMR info:
_java_thread_list=0x00000137635d1610, length=1, elements={
0x00000137635b05a0
}

Java Threads: ( => current thread )
=>0x00000137635b05a0 JavaThread "Unknown thread"             [_thread_in_vm, id=8128, stack(0x0000000fa8100000,0x0000000fa8200000) (1024K)]
Total: 1

Other Threads:
  0x000001377806ca00 WatcherThread "VM Periodic Task Thread"        [id=9752, stack(0x0000000fa8300000,0x0000000fa8400000) (1024K)]
  0x00000137635c8c10 WorkerThread "GC Thread#0"                     [id=1960, stack(0x0000000fa8200000,0x0000000fa8300000) (1024K)]
Total: 2

Threads with active compile tasks:
Total: 0

VM state: not at safepoint (normal execution)

VM Mutex/Monitor currently owned by a thread: None

Heap address: 0x00000000c0000000, size: 1024 MB, Compressed Oops mode: 32-bit

CDS archive(s) mapped at: [0x0000013700000000-0x0000013700ba0000-0x0000013700ba0000), size 12189696, SharedBaseAddress: 0x0000013700000000, ArchiveRelocationMode: 1.
Compressed class space mapped at: 0x0000013701000000-0x0000013741000000, reserved size: 1073741824
Narrow klass base: 0x0000013700000000, Narrow klass shift: 0, Narrow klass range: 0x100000000

GC Precious Log:
 CardTable entry size: 512
 CPUs: 8 total, 8 available
 Memory: 5965M
 Large Page Support: Disabled
 NUMA Support: Disabled
 Compressed Oops: Enabled (32-bit)
 Alignments: Space 512K, Generation 512K, Heap 2M
 Heap Min Capacity: 100M
 Heap Initial Capacity: 100M
 Heap Max Capacity: 1G
 Pre-touch: Disabled
 Parallel Workers: 8

Heap:
 PSYoungGen      total 29696K, used 512K [0x00000000eab00000, 0x00000000ecc00000, 0x0000000100000000)
  eden space 25600K, 2% used [0x00000000eab00000,0x00000000eab80020,0x00000000ec400000)
  from space 4096K, 0% used [0x00000000ec800000,0x00000000ec800000,0x00000000ecc00000)
  to   space 4096K, 0% used [0x00000000ec400000,0x00000000ec400000,0x00000000ec800000)
 ParOldGen       total 68608K, used 0K [0x00000000c0000000, 0x00000000c4300000, 0x00000000eab00000)
  object space 68608K, 0% used [0x00000000c0000000,0x00000000c0000000,0x00000000c4300000)
 Metaspace       used 0K, committed 0K, reserved 1048576K
  class space    used 0K, committed 0K, reserved 1048576K

Card table byte_map: [0x0000013775a20000,0x0000013775c30000] _byte_map_base: 0x0000013775420000

Marking Bits: (ParMarkBitMap*) 0x00007ffe02e13260
 Begin Bits: [0x0000013775d90000, 0x0000013776d90000)
 End Bits:   [0x0000013776d90000, 0x0000013777d90000)

Polling page: 0x0000013761da0000

Metaspace:

Usage:
  Non-class:      0 bytes used.
      Class:      0 bytes used.
       Both:      0 bytes used.

Virtual space:
  Non-class space:        0 bytes reserved,       0 bytes (  ?%) committed,  0 nodes.
      Class space:        1.00 GB reserved,       0 bytes (  0%) committed,  1 nodes.
             Both:        1.00 GB reserved,       0 bytes (  0%) committed. 

Chunk freelists:
   Non-Class:  0 bytes
       Class:  16.00 MB
        Both:  16.00 MB

MaxMetaspaceSize: unlimited
CompressedClassSpaceSize: 1.00 GB
Initial GC threshold: 21.00 MB
Current GC threshold: 17179869184.00 GB
CDS: on
 - commit_granule_bytes: 65536.
 - commit_granule_words: 8192.
 - virtual_space_node_default_size: 8388608.
 - enlarge_chunks_in_place: 1.
 - use_allocation_guard: 0.


Internal statistics:

num_allocs_failed_limit: 0.
num_arena_births: 0.
num_arena_deaths: 0.
num_vsnodes_births: 1.
num_vsnodes_deaths: 0.
num_space_committed: 0.
num_space_uncommitted: 0.
num_chunks_returned_to_freelist: 0.
num_chunks_taken_from_freelist: 1.
num_chunk_merges: 0.
num_chunk_splits: 1.
num_chunks_enlarged: 0.
num_inconsistent_stats: 0.

CodeHeap 'non-profiled nmethods': size=120000Kb used=0Kb max_used=0Kb free=120000Kb
 bounds [0x000001376e310000, 0x000001376e580000, 0x0000013775840000]
CodeHeap 'profiled nmethods': size=120000Kb used=0Kb max_used=0Kb free=120000Kb
 bounds [0x0000013766840000, 0x0000013766ab0000, 0x000001376dd70000]
CodeHeap 'non-nmethods': size=5760Kb used=194Kb max_used=342Kb free=5565Kb
 bounds [0x000001376dd70000, 0x000001376dfe0000, 0x000001376e310000]
 total_blobs=70 nmethods=0 adapters=48
 compilation: enabled
              stopped_count=0, restarted_count=0
 full_count=0

Compilation events (0 events):
No events

GC Heap History (0 events):
No events

Dll operation events (1 events):
Event: 0.068 Loaded shared library c:\Users\Aditya\.cursor\extensions\redhat.java-1.40.0-win32-x64\jre\21.0.6-win32-x86_64\bin\java.dll

Deoptimization events (0 events):
No events

Classes loaded (0 events):
No events

Classes unloaded (0 events):
No events

Classes redefined (0 events):
No events

Internal exceptions (0 events):
No events

ZGC Phase Switch (0 events):
No events

VM Operations (0 events):
No events

Memory protections (0 events):
No events

Nmethod flushes (0 events):
No events

Events (1 events):
Event: 0.173 Thread 0x00000137635b05a0 Thread added: 0x00000137635b05a0


Dynamic libraries:
0x00007ff76b220000 - 0x00007ff76b22e000 	c:\Users\Aditya\.cursor\extensions\redhat.java-1.40.0-win32-x64\jre\21.0.6-win32-x86_64\bin\java.exe
0x00007ffe77440000 - 0x00007ffe776a3000 	C:\WINDOWS\SYSTEM32\ntdll.dll
0x00007ffe76470000 - 0x00007ffe76537000 	C:\WINDOWS\System32\KERNEL32.DLL
0x00007ffe74b50000 - 0x00007ffe74f17000 	C:\WINDOWS\System32\KERNELBASE.dll
0x00007ffe6fec0000 - 0x00007ffe6ff5c000 	C:\WINDOWS\SYSTEM32\apphelp.dll
0x00007ffe75130000 - 0x00007ffe7527c000 	C:\WINDOWS\System32\ucrtbase.dll
0x00007ffe6ac40000 - 0x00007ffe6ac58000 	c:\Users\Aditya\.cursor\extensions\redhat.java-1.40.0-win32-x64\jre\21.0.6-win32-x86_64\bin\jli.dll
0x00007ffe76650000 - 0x00007ffe76819000 	C:\WINDOWS\System32\USER32.dll
0x00007ffe74a60000 - 0x00007ffe74a87000 	C:\WINDOWS\System32\win32u.dll
0x00007ffe75dc0000 - 0x00007ffe75dea000 	C:\WINDOWS\System32\GDI32.dll
0x00007ffe74890000 - 0x00007ffe749bb000 	C:\WINDOWS\System32\gdi32full.dll
0x00007ffe747e0000 - 0x00007ffe74883000 	C:\WINDOWS\System32\msvcp_win.dll
0x00007ffe6a4e0000 - 0x00007ffe6a4fe000 	c:\Users\Aditya\.cursor\extensions\redhat.java-1.40.0-win32-x64\jre\21.0.6-win32-x86_64\bin\VCRUNTIME140.dll
0x00007ffe5a150000 - 0x00007ffe5a3e0000 	C:\WINDOWS\WinSxS\amd64_microsoft.windows.common-controls_6595b64144ccf1df_6.0.26100.3037_none_3e09262ce333c378\COMCTL32.dll
0x00007ffe769c0000 - 0x00007ffe76a69000 	C:\WINDOWS\System32\msvcrt.dll
0x00007ffe76ec0000 - 0x00007ffe76eef000 	C:\WINDOWS\System32\IMM32.DLL
0x00007ffe6b710000 - 0x00007ffe6b71c000 	c:\Users\Aditya\.cursor\extensions\redhat.java-1.40.0-win32-x64\jre\21.0.6-win32-x86_64\bin\vcruntime140_1.dll
0x00007ffe64890000 - 0x00007ffe6491d000 	c:\Users\Aditya\.cursor\extensions\redhat.java-1.40.0-win32-x64\jre\21.0.6-win32-x86_64\bin\msvcp140.dll
0x00007ffe02160000 - 0x00007ffe02ef0000 	c:\Users\Aditya\.cursor\extensions\redhat.java-1.40.0-win32-x64\jre\21.0.6-win32-x86_64\bin\server\jvm.dll
0x00007ffe76fe0000 - 0x00007ffe77094000 	C:\WINDOWS\System32\ADVAPI32.dll
0x00007ffe75a70000 - 0x00007ffe75b16000 	C:\WINDOWS\System32\sechost.dll
0x00007ffe75e40000 - 0x00007ffe75f56000 	C:\WINDOWS\System32\RPCRT4.dll
0x00007ffe76aa0000 - 0x00007ffe76b14000 	C:\WINDOWS\System32\WS2_32.dll
0x00007ffe745c0000 - 0x00007ffe7460e000 	C:\WINDOWS\SYSTEM32\POWRPROF.dll
0x00007ffe5d300000 - 0x00007ffe5d336000 	C:\WINDOWS\SYSTEM32\WINMM.dll
0x00007ffe59e80000 - 0x00007ffe59e8b000 	C:\WINDOWS\SYSTEM32\VERSION.dll
0x00007ffe74490000 - 0x00007ffe744a4000 	C:\WINDOWS\SYSTEM32\UMPDC.dll
0x00007ffe735d0000 - 0x00007ffe735ea000 	C:\WINDOWS\SYSTEM32\kernel.appcore.dll
0x00007ffe6b430000 - 0x00007ffe6b43a000 	c:\Users\Aditya\.cursor\extensions\redhat.java-1.40.0-win32-x64\jre\21.0.6-win32-x86_64\bin\jimage.dll
0x00007ffe6ca70000 - 0x00007ffe6ccb1000 	C:\WINDOWS\SYSTEM32\DBGHELP.DLL
0x00007ffe76b20000 - 0x00007ffe76e9e000 	C:\WINDOWS\System32\combase.dll
0x00007ffe75280000 - 0x00007ffe75356000 	C:\WINDOWS\System32\OLEAUT32.dll
0x00007ffe565d0000 - 0x00007ffe56609000 	C:\WINDOWS\SYSTEM32\dbgcore.DLL
0x00007ffe749c0000 - 0x00007ffe74a59000 	C:\WINDOWS\System32\bcryptPrimitives.dll
0x00007ffe6b2c0000 - 0x00007ffe6b2cf000 	c:\Users\Aditya\.cursor\extensions\redhat.java-1.40.0-win32-x64\jre\21.0.6-win32-x86_64\bin\instrument.dll
0x00007ffe6b0e0000 - 0x00007ffe6b0ff000 	c:\Users\Aditya\.cursor\extensions\redhat.java-1.40.0-win32-x64\jre\21.0.6-win32-x86_64\bin\java.dll

dbghelp: loaded successfully - version: 4.0.5 - missing functions: none
symbol engine: initialized successfully - sym options: 0x614 - pdb path: .;c:\Users\Aditya\.cursor\extensions\redhat.java-1.40.0-win32-x64\jre\21.0.6-win32-x86_64\bin;C:\WINDOWS\SYSTEM32;C:\WINDOWS\WinSxS\amd64_microsoft.windows.common-controls_6595b64144ccf1df_6.0.26100.3037_none_3e09262ce333c378;c:\Users\Aditya\.cursor\extensions\redhat.java-1.40.0-win32-x64\jre\21.0.6-win32-x86_64\bin\server

VM Arguments:
jvm_args: --add-modules=ALL-SYSTEM --add-opens=java.base/java.util=ALL-UNNAMED --add-opens=java.base/java.lang=ALL-UNNAMED --add-opens=java.base/sun.nio.fs=ALL-UNNAMED -Declipse.application=org.eclipse.jdt.ls.core.id1 -Dosgi.bundles.defaultStartLevel=4 -Declipse.product=org.eclipse.jdt.ls.core.product -Djava.import.generatesMetadataFilesAtProjectRoot=false -DDetectVMInstallationsJob.disabled=true -Dfile.encoding=utf8 -XX:+UseParallelGC -XX:GCTimeRatio=4 -XX:AdaptiveSizePolicyWeight=90 -Dsun.zip.disableMemoryMapping=true -Xmx1G -Xms100m -Xlog:disable -javaagent:c:\Users\Aditya\.cursor\extensions\redhat.java-1.40.0-win32-x64\lombok\lombok-1.18.36.jar -XX:+HeapDumpOnOutOfMemoryError -XX:HeapDumpPath=c:\Users\Aditya\AppData\Roaming\Cursor\User\workspaceStorage\75144affba70cc5b32179d372713c5c2\redhat.java -Daether.dependencyCollector.impl=bf 
java_command: c:\Users\Aditya\.cursor\extensions\redhat.java-1.40.0-win32-x64\server\plugins\org.eclipse.equinox.launcher_1.6.1000.v20250131-0606.jar -configuration c:\Users\Aditya\AppData\Roaming\Cursor\User\globalStorage\redhat.java\1.40.0\config_win -data c:\Users\Aditya\AppData\Roaming\Cursor\User\workspaceStorage\75144affba70cc5b32179d372713c5c2\redhat.java\jdt_ws --pipe=\\.\pipe\lsp-950638948d14b66dddac5ff920ef5b21-sock
java_class_path (initial): c:\Users\Aditya\.cursor\extensions\redhat.java-1.40.0-win32-x64\server\plugins\org.eclipse.equinox.launcher_1.6.1000.v20250131-0606.jar
Launcher Type: SUN_STANDARD

[Global flags]
    uintx AdaptiveSizePolicyWeight                 = 90                                        {product} {command line}
     intx CICompilerCount                          = 4                                         {product} {ergonomic}
    uintx GCTimeRatio                              = 4                                         {product} {command line}
     bool HeapDumpOnOutOfMemoryError               = true                                   {manageable} {command line}
    ccstr HeapDumpPath                             = c:\Users\Aditya\AppData\Roaming\Cursor\User\workspaceStorage\75144affba70cc5b32179d372713c5c2\redhat.java         {manageable} {command line}
   size_t InitialHeapSize                          = 104857600                                 {product} {command line}
   size_t MaxHeapSize                              = 1073741824                                {product} {command line}
   size_t MaxNewSize                               = 357564416                                 {product} {ergonomic}
   size_t MinHeapDeltaBytes                        = 524288                                    {product} {ergonomic}
   size_t MinHeapSize                              = 104857600                                 {product} {command line}
   size_t NewSize                                  = 34603008                                  {product} {ergonomic}
    uintx NonNMethodCodeHeapSize                   = 5839372                                {pd product} {ergonomic}
    uintx NonProfiledCodeHeapSize                  = 122909434                              {pd product} {ergonomic}
   size_t OldSize                                  = 70254592                                  {product} {ergonomic}
    uintx ProfiledCodeHeapSize                     = 122909434                              {pd product} {ergonomic}
    uintx ReservedCodeCacheSize                    = 251658240                              {pd product} {ergonomic}
     bool SegmentedCodeCache                       = true                                      {product} {ergonomic}
   size_t SoftMaxHeapSize                          = 1073741824                             {manageable} {ergonomic}
     bool UseCompressedOops                        = true                           {product lp64_product} {ergonomic}
     bool UseLargePagesIndividualAllocation        = false                                  {pd product} {ergonomic}
     bool UseParallelGC                            = true                                      {product} {command line}

Logging:
Log output configuration:
 #0: stdout all=off uptime,level,tags foldmultilines=false
 #1: stderr all=off uptime,level,tags foldmultilines=false

Environment Variables:
PATH=C:\Program Files\Python313\Scripts\;C:\Program Files\Python313\;C:\Python312\Scripts\;C:\Python312\;C:\Program Files\Common Files\Oracle\Java\javapath;C:\WINDOWS\system32;C:\WINDOWS;C:\WINDOWS\System32\Wbem;C:\WINDOWS\System32\WindowsPowerShell\v1.0\;C:\WINDOWS\System32\OpenSSH\;C:\Program Files\Java\jdk-21\bin;C:\Program Files\nodejs\;C:\ProgramData\chocolatey\bin\;C:\Program Files\dotnet\;C:\buildtool\apache-maven-3.9.9\bin;C:\Program Files\Git\cmd;C:\Users\Aditya\AppData\Local\Programs\Python\Python310\Scripts\;C:\Users\Aditya\AppData\Local\Programs\Python\Python310\;C:\Users\Aditya\AppData\Local\Programs\Python\Python313\Scripts\;C:\Users\Aditya\AppData\Local\Programs\Python\Python313\;C:\Program Files\MySQL\MySQL Shell 8.0\bin\;C:\Users\Aditya\AppData\Local\Microsoft\WindowsApps;C:\Users\Aditya\AppData\Local\Programs\Microsoft VS Code\bin;C:\Program Files\JetBrains\IntelliJ IDEA Community Edition 2024.1.4\bin;;C:\Users\Aditya\AppData\Local\Microsoft\WinGet\Packages\Schniz.fnm_Microsoft.Winget.Source_8wekyb3d8bbwe;C:\Users\Aditya\AppData\Roaming\npm;C:\Users\Aditya\.dotnet\tools;C:\Users\Aditya\AppData\Local\GitHubDesktop\bin;D:\cursor\resources\app\bin
USERNAME=Aditya
OS=Windows_NT
PROCESSOR_IDENTIFIER=AMD64 Family 23 Model 160 Stepping 0, AuthenticAMD
TMP=C:\Users\Aditya\AppData\Local\Temp
TEMP=C:\Users\Aditya\AppData\Local\Temp




Periodic native trim disabled

---------------  S Y S T E M  ---------------

OS:
 Windows 11 , 64 bit Build 26100 (10.0.26100.3037)
OS uptime: 13 days 5:42 hours
Hyper-V role detected

CPU: total 8 (initial active 8) (8 cores per cpu, 2 threads per core) family 23 model 160 stepping 0 microcode 0x8a00006, cx8, cmov, fxsr, ht, mmx, 3dnowpref, sse, sse2, sse3, ssse3, sse4a, sse4.1, sse4.2, popcnt, lzcnt, tsc, tscinvbit, avx, avx2, aes, clmul, bmi1, bmi2, adx, sha, fma, vzeroupper, clflush, clflushopt, hv, rdtscp, rdpid, f16c
Processor Information for the first 8 processors :
  Max Mhz: 2401, Current Mhz: 2401, Mhz Limit: 2401

Memory: 4k page, system-wide physical 5965M (5M free)
TotalPageFile size 24397M (AvailPageFile size 0M)
current process WorkingSet (physical memory assigned to process): 26M, peak: 26M
current process commit charge ("private bytes"): 158M, peak: 159M

vm_info: OpenJDK 64-Bit Server VM (21.0.6+7-LTS) for windows-amd64 JRE (21.0.6+7-LTS), built on 2025-01-21T00:00:00Z by "admin" with MS VC++ 17.7 (VS2022)

END.
